#
# There is insufficient memory for the Java Runtime Environment to continue.
# Native memory allocation (malloc) failed to allocate 1757728 bytes for Chunk::new
# Possible reasons:
#   The system is out of physical RAM or swap space
#   The process is running with CompressedOops enabled, and the Java Heap may be blocking the growth of the native heap
# Possible solutions:
#   Reduce memory load on the system
#   Increase physical memory or swap space
#   Check if swap backing store is full
#   Decrease Java heap size (-Xmx/-Xms)
#   Decrease number of Java threads
#   Decrease Java thread stack sizes (-Xss)
#   Set larger code cache with -XX:ReservedCodeCacheSize=
#   JVM is running with Unscaled Compressed Oops mode in which the Java heap is
#     placed in the first 4GB address space. The Java Heap base address is the
#     maximum limit for the native heap growth. Please use -XX:HeapBaseMinAddress
#     to set the Java Heap base and to place the Java Heap above 4GB virtual address.
# This output file may be truncated or incomplete.
#
#  Out of Memory Error (arena.cpp:168), pid=23024, tid=24372
#
# JRE version: Java(TM) SE Runtime Environment (21.0.1+12) (build 21.0.1+12-LTS-29)
# Java VM: Java HotSpot(TM) 64-Bit Server VM (21.0.1+12-LTS-29, mixed mode, sharing, tiered, compressed oops, compressed class ptrs, g1 gc, windows-amd64)
# No core dump will be written. Minidumps are not enabled by default on client versions of Windows
#

---------------  S U M M A R Y ------------

Command Line: --add-opens=java.base/java.util=ALL-UNNAMED --add-opens=java.base/java.lang=ALL-UNNAMED --add-opens=java.base/java.lang.invoke=ALL-UNNAMED --add-opens=java.prefs/java.util.prefs=ALL-UNNAMED --add-opens=java.base/java.nio.charset=ALL-UNNAMED --add-opens=java.base/java.net=ALL-UNNAMED --add-opens=java.base/java.util.concurrent.atomic=ALL-UNNAMED -XX:MaxMetaspaceSize=384m -XX:+HeapDumpOnOutOfMemoryError -Xms256m -Xmx512m -Dfile.encoding=windows-1252 -Duser.country=US -Duser.language=en -Duser.variant -javaagent:C:\Users\ASUS\.gradle\wrapper\dists\gradle-8.7-bin\bhs2wmbdwecv87pi65oeuq5iu\gradle-8.7\lib\agents\gradle-instrumentation-agent-8.7.jar org.gradle.launcher.daemon.bootstrap.GradleDaemon 8.7

Host: 11th Gen Intel(R) Core(TM) i5-1135G7 @ 2.40GHz, 8 cores, 7G,  Windows 11 , 64 bit Build 22621 (10.0.22621.3527)
Time: Sun May 26 19:25:12 2024 SE Asia Standard Time elapsed time: 171.462243 seconds (0d 0h 2m 51s)

---------------  T H R E A D  ---------------

Current thread (0x000001b87f706400):  JavaThread "C2 CompilerThread0" daemon [_thread_in_native, id=24372, stack(0x0000005408b00000,0x0000005408c00000) (1024K)]


Current CompileTask:
C2: 171462 5398   !   4       java.lang.ClassLoader::loadClass (121 bytes)

Stack: [0x0000005408b00000,0x0000005408c00000]
Native frames: (J=compiled Java code, j=interpreted, Vv=VM code, C=native code)
V  [jvm.dll+0x6c9029]
V  [jvm.dll+0x854b81]
V  [jvm.dll+0x856e5e]
V  [jvm.dll+0x857543]
V  [jvm.dll+0x280c06]
V  [jvm.dll+0xc3ead]
V  [jvm.dll+0xc43c3]
V  [jvm.dll+0x3b576c]
V  [jvm.dll+0x1e1ec3]
V  [jvm.dll+0x249c22]
V  [jvm.dll+0x2490b1]
V  [jvm.dll+0x1c9ca1]
V  [jvm.dll+0x2586b9]
V  [jvm.dll+0x256c9a]
V  [jvm.dll+0x3ef1b6]
V  [jvm.dll+0x7fd728]
V  [jvm.dll+0x6c777d]
C  [ucrtbase.dll+0x29333]
C  [KERNEL32.DLL+0x1257d]
C  [ntdll.dll+0x5aa48]


---------------  P R O C E S S  ---------------

Threads class SMR info:
_java_thread_list=0x000001b835db5640, length=38, elements={
0x000001b87bd81d50, 0x000001b87f6fc810, 0x000001b87f6fd820, 0x000001b87f6ffa70,
0x000001b87f700eb0, 0x000001b87f703b10, 0x000001b87f704660, 0x000001b87f706400,
0x000001b87f707fe0, 0x000001b81959bed0, 0x000001b8196fa430, 0x000001b8337c1da0,
0x000001b8337a8d90, 0x000001b833777200, 0x000001b833b24480, 0x000001b833433590,
0x000001b8338d6850, 0x000001b8335746b0, 0x000001b8346404d0, 0x000001b834640b60,
0x000001b834641880, 0x000001b834642c30, 0x000001b8346425a0, 0x000001b834641f10,
0x000001b8346411f0, 0x000001b8346432c0, 0x000001b833a06df0, 0x000001b833a081a0,
0x000001b833a04690, 0x000001b833a07480, 0x000001b833a060d0, 0x000001b833a07b10,
0x000001b833a05a40, 0x000001b833a03970, 0x000001b833a08ec0, 0x000001b833a025c0,
0x000001b833a09550, 0x000001b8353aba30
}

Java Threads: ( => current thread )
  0x000001b87bd81d50 JavaThread "main"                              [_thread_blocked, id=23576, stack(0x0000005407d00000,0x0000005407e00000) (1024K)]
  0x000001b87f6fc810 JavaThread "Reference Handler"          daemon [_thread_blocked, id=24344, stack(0x0000005408500000,0x0000005408600000) (1024K)]
  0x000001b87f6fd820 JavaThread "Finalizer"                  daemon [_thread_blocked, id=24348, stack(0x0000005408600000,0x0000005408700000) (1024K)]
  0x000001b87f6ffa70 JavaThread "Signal Dispatcher"          daemon [_thread_blocked, id=24356, stack(0x0000005408700000,0x0000005408800000) (1024K)]
  0x000001b87f700eb0 JavaThread "Attach Listener"            daemon [_thread_blocked, id=24360, stack(0x0000005408800000,0x0000005408900000) (1024K)]
  0x000001b87f703b10 JavaThread "Service Thread"             daemon [_thread_blocked, id=24364, stack(0x0000005408900000,0x0000005408a00000) (1024K)]
  0x000001b87f704660 JavaThread "Monitor Deflation Thread"   daemon [_thread_blocked, id=24368, stack(0x0000005408a00000,0x0000005408b00000) (1024K)]
=>0x000001b87f706400 JavaThread "C2 CompilerThread0"         daemon [_thread_in_native, id=24372, stack(0x0000005408b00000,0x0000005408c00000) (1024K)]
  0x000001b87f707fe0 JavaThread "C1 CompilerThread0"         daemon [_thread_blocked, id=24376, stack(0x0000005408c00000,0x0000005408d00000) (1024K)]
  0x000001b81959bed0 JavaThread "Common-Cleaner"             daemon [_thread_blocked, id=24476, stack(0x0000005408d00000,0x0000005408e00000) (1024K)]
  0x000001b8196fa430 JavaThread "Notification Thread"        daemon [_thread_blocked, id=24532, stack(0x0000005408e00000,0x0000005408f00000) (1024K)]
  0x000001b8337c1da0 JavaThread "Daemon health stats"               [_thread_blocked, id=19656, stack(0x0000005409400000,0x0000005409500000) (1024K)]
  0x000001b8337a8d90 JavaThread "Incoming local TCP Connector on port 60990"        [_thread_in_native, id=22464, stack(0x0000005409500000,0x0000005409600000) (1024K)]
  0x000001b833777200 JavaThread "Daemon periodic checks"            [_thread_blocked, id=24664, stack(0x0000005407b00000,0x0000005407c00000) (1024K)]
  0x000001b833b24480 JavaThread "Daemon"                            [_thread_blocked, id=10884, stack(0x0000005409600000,0x0000005409700000) (1024K)]
  0x000001b833433590 JavaThread "Handler for socket connection from /127.0.0.1:60990 to /127.0.0.1:61020"        [_thread_in_native, id=9340, stack(0x0000005409700000,0x0000005409800000) (1024K)]
  0x000001b8338d6850 JavaThread "Cancel handler"                    [_thread_blocked, id=8236, stack(0x0000005409800000,0x0000005409900000) (1024K)]
  0x000001b8335746b0 JavaThread "Daemon worker"                     [_thread_in_native, id=8180, stack(0x0000005409900000,0x0000005409a00000) (1024K)]
  0x000001b8346404d0 JavaThread "Asynchronous log dispatcher for DefaultDaemonConnection: socket connection from /127.0.0.1:60990 to /127.0.0.1:61020"        [_thread_blocked, id=25008, stack(0x0000005409a00000,0x0000005409b00000) (1024K)]
  0x000001b834640b60 JavaThread "Stdin handler"                     [_thread_blocked, id=25096, stack(0x0000005409b00000,0x0000005409c00000) (1024K)]
  0x000001b834641880 JavaThread "Daemon client event forwarder"        [_thread_blocked, id=17052, stack(0x0000005409c00000,0x0000005409d00000) (1024K)]
  0x000001b834642c30 JavaThread "Cache worker for journal cache (C:\Users\ASUS\.gradle\caches\journal-1)"        [_thread_blocked, id=20712, stack(0x0000005409d00000,0x0000005409e00000) (1024K)]
  0x000001b8346425a0 JavaThread "File lock request listener"        [_thread_in_native, id=23344, stack(0x0000005409e00000,0x0000005409f00000) (1024K)]
  0x000001b834641f10 JavaThread "Cache worker for file hash cache (C:\Users\ASUS\.gradle\caches\8.7\fileHashes)"        [_thread_blocked, id=16656, stack(0x0000005409f00000,0x000000540a000000) (1024K)]
  0x000001b8346411f0 JavaThread "File lock release action executor"        [_thread_blocked, id=23564, stack(0x000000540a000000,0x000000540a100000) (1024K)]
  0x000001b8346432c0 JavaThread "File lock release action executor Thread 2"        [_thread_blocked, id=3336, stack(0x000000540a100000,0x000000540a200000) (1024K)]
  0x000001b833a06df0 JavaThread "Cache worker for file hash cache (C:\Users\ASUS\Documents\Term 4\Adpro\hoomgroom-be-admin\.gradle\8.7\fileHashes)"        [_thread_blocked, id=22040, stack(0x000000540a500000,0x000000540a600000) (1024K)]
  0x000001b833a081a0 JavaThread "File watcher server"        daemon [_thread_in_native, id=23336, stack(0x000000540a600000,0x000000540a700000) (1024K)]
  0x000001b833a04690 JavaThread "File watcher consumer"      daemon [_thread_blocked, id=13256, stack(0x000000540a700000,0x000000540a800000) (1024K)]
  0x000001b833a07480 JavaThread "Cache worker for checksums cache (C:\Users\ASUS\Documents\Term 4\Adpro\hoomgroom-be-admin\.gradle\8.7\checksums)"        [_thread_blocked, id=26016, stack(0x000000540a800000,0x000000540a900000) (1024K)]
  0x000001b833a060d0 JavaThread "Cache worker for cache directory md-supplier (C:\Users\ASUS\.gradle\caches\8.7\md-supplier)"        [_thread_blocked, id=3612, stack(0x000000540a900000,0x000000540aa00000) (1024K)]
  0x000001b833a07b10 JavaThread "Cache worker for cache directory md-rule (C:\Users\ASUS\.gradle\caches\8.7\md-rule)"        [_thread_blocked, id=21832, stack(0x000000540aa00000,0x000000540ab00000) (1024K)]
  0x000001b833a05a40 JavaThread "Cache worker for file content cache (C:\Users\ASUS\.gradle\caches\8.7\fileContent)"        [_thread_blocked, id=5352, stack(0x000000540ab00000,0x000000540ac00000) (1024K)]
  0x000001b833a03970 JavaThread "jar transforms"                    [_thread_blocked, id=24008, stack(0x000000540ac00000,0x000000540ad00000) (1024K)]
  0x000001b833a08ec0 JavaThread "jar transforms Thread 2"           [_thread_blocked, id=8492, stack(0x000000540ad00000,0x000000540ae00000) (1024K)]
  0x000001b833a025c0 JavaThread "jar transforms Thread 3"           [_thread_blocked, id=25804, stack(0x0000005407a00000,0x0000005407b00000) (1024K)]
  0x000001b833a09550 JavaThread "jar transforms Thread 4"           [_thread_blocked, id=25256, stack(0x0000005407c00000,0x0000005407d00000) (1024K)]
  0x000001b8353aba30 JavaThread "Cache worker for Build Output Cleanup Cache (C:\Users\ASUS\Documents\Term 4\Adpro\hoomgroom-be-admin\.gradle\buildOutputCleanup)"        [_thread_blocked, id=3060, stack(0x000000540ae00000,0x000000540af00000) (1024K)]
Total: 38

Other Threads:
  0x000001b87f6db650 VMThread "VM Thread"                           [id=24160, stack(0x0000005408400000,0x0000005408500000) (1024K)]
  0x000001b87f6c3300 WatcherThread "VM Periodic Task Thread"        [id=24052, stack(0x0000005408300000,0x0000005408400000) (1024K)]
  0x000001b87deb28e0 WorkerThread "GC Thread#0"                     [id=23848, stack(0x0000005407e00000,0x0000005407f00000) (1024K)]
  0x000001b833525200 WorkerThread "GC Thread#1"                     [id=25472, stack(0x0000005408f00000,0x0000005409000000) (1024K)]
  0x000001b8335f9b40 WorkerThread "GC Thread#2"                     [id=19948, stack(0x0000005409000000,0x0000005409100000) (1024K)]
  0x000001b819503870 WorkerThread "GC Thread#3"                     [id=11336, stack(0x0000005409100000,0x0000005409200000) (1024K)]
  0x000001b819503c10 WorkerThread "GC Thread#4"                     [id=25080, stack(0x0000005409200000,0x0000005409300000) (1024K)]
  0x000001b8195169d0 WorkerThread "GC Thread#5"                     [id=25532, stack(0x0000005409300000,0x0000005409400000) (1024K)]
  0x000001b834c3a600 WorkerThread "GC Thread#6"                     [id=9460, stack(0x000000540a200000,0x000000540a300000) (1024K)]
  0x000001b834c3a9a0 WorkerThread "GC Thread#7"                     [id=21024, stack(0x000000540a300000,0x000000540a400000) (1024K)]
  0x000001b87deb78c0 ConcurrentGCThread "G1 Main Marker"            [id=23852, stack(0x0000005407f00000,0x0000005408000000) (1024K)]
  0x000001b87deb83c0 WorkerThread "G1 Conc#0"                       [id=23856, stack(0x0000005408000000,0x0000005408100000) (1024K)]
  0x000001b8336be070 WorkerThread "G1 Conc#1"                       [id=23032, stack(0x000000540a400000,0x000000540a500000) (1024K)]
  0x000001b87df4e3e0 ConcurrentGCThread "G1 Refine#0"               [id=23892, stack(0x0000005408100000,0x0000005408200000) (1024K)]
  0x000001b87f594170 ConcurrentGCThread "G1 Service"                [id=23896, stack(0x0000005408200000,0x0000005408300000) (1024K)]
Total: 15

Threads with active compile tasks:
C2 CompilerThread0   171500 5398   !   4       java.lang.ClassLoader::loadClass (121 bytes)
Total: 1

VM state: not at safepoint (normal execution)

VM Mutex/Monitor currently owned by a thread: None

Heap address: 0x00000000e0000000, size: 512 MB, Compressed Oops mode: 32-bit

CDS archive(s) mapped at: [0x000001b81a000000-0x000001b81ac90000-0x000001b81ac90000), size 13172736, SharedBaseAddress: 0x000001b81a000000, ArchiveRelocationMode: 1.
Compressed class space mapped at: 0x000001b81b000000-0x000001b82f000000, reserved size: 335544320
Narrow klass base: 0x000001b81a000000, Narrow klass shift: 0, Narrow klass range: 0x100000000

GC Precious Log:
 CardTable entry size: 512
 Card Set container configuration: InlinePtr #cards 5 size 8 Array Of Cards #cards 12 size 40 Howl #buckets 4 coarsen threshold 1843 Howl Bitmap #cards 512 size 80 coarsen threshold 460 Card regions per heap region 1 cards per card region 2048
 CPUs: 8 total, 8 available
 Memory: 7888M
 Large Page Support: Disabled
 NUMA Support: Disabled
 Compressed Oops: Enabled (32-bit)
 Heap Region Size: 1M
 Heap Min Capacity: 256M
 Heap Initial Capacity: 256M
 Heap Max Capacity: 512M
 Pre-touch: Disabled
 Parallel Workers: 8
 Concurrent Workers: 2
 Concurrent Refinement Workers: 8
 Periodic GC: Disabled

Heap:
 garbage-first heap   total 262144K, used 161189K [0x00000000e0000000, 0x0000000100000000)
  region size 1024K, 132 young (135168K), 8 survivors (8192K)
 Metaspace       used 46715K, committed 48384K, reserved 393216K
  class space    used 6659K, committed 7488K, reserved 327680K

Heap Regions: E=young(eden), S=young(survivor), O=old, HS=humongous(starts), HC=humongous(continues), CS=collection set, F=free, TAMS=top-at-mark-start, PB=parsable bottom
|   0|0x00000000e0000000, 0x00000000e0100000, 0x00000000e0100000|100%|HS|  |TAMS 0x00000000e0000000| PB 0x00000000e0000000| Complete 
|   1|0x00000000e0100000, 0x00000000e0200000, 0x00000000e0200000|100%|HC|  |TAMS 0x00000000e0100000| PB 0x00000000e0100000| Complete 
|   2|0x00000000e0200000, 0x00000000e0300000, 0x00000000e0300000|100%|HC|  |TAMS 0x00000000e0200000| PB 0x00000000e0200000| Complete 
|   3|0x00000000e0300000, 0x00000000e0400000, 0x00000000e0400000|100%|HC|  |TAMS 0x00000000e0300000| PB 0x00000000e0300000| Complete 
|   4|0x00000000e0400000, 0x00000000e0500000, 0x00000000e0500000|100%| O|  |TAMS 0x00000000e0400000| PB 0x00000000e0400000| Untracked 
|   5|0x00000000e0500000, 0x00000000e0600000, 0x00000000e0600000|100%| O|  |TAMS 0x00000000e0500000| PB 0x00000000e0500000| Untracked 
|   6|0x00000000e0600000, 0x00000000e0700000, 0x00000000e0700000|100%| O|  |TAMS 0x00000000e0600000| PB 0x00000000e0600000| Untracked 
|   7|0x00000000e0700000, 0x00000000e0800000, 0x00000000e0800000|100%| O|  |TAMS 0x00000000e0700000| PB 0x00000000e0700000| Untracked 
|   8|0x00000000e0800000, 0x00000000e0900000, 0x00000000e0900000|100%| O|  |TAMS 0x00000000e0800000| PB 0x00000000e0800000| Untracked 
|   9|0x00000000e0900000, 0x00000000e0a00000, 0x00000000e0a00000|100%| O|  |TAMS 0x00000000e0900000| PB 0x00000000e0900000| Untracked 
|  10|0x00000000e0a00000, 0x00000000e0b00000, 0x00000000e0b00000|100%| O|  |TAMS 0x00000000e0a00000| PB 0x00000000e0a00000| Untracked 
|  11|0x00000000e0b00000, 0x00000000e0c00000, 0x00000000e0c00000|100%| O|  |TAMS 0x00000000e0b00000| PB 0x00000000e0b00000| Untracked 
|  12|0x00000000e0c00000, 0x00000000e0d00000, 0x00000000e0d00000|100%| O|  |TAMS 0x00000000e0c00000| PB 0x00000000e0c00000| Untracked 
|  13|0x00000000e0d00000, 0x00000000e0e00000, 0x00000000e0e00000|100%| O|  |TAMS 0x00000000e0d00000| PB 0x00000000e0d00000| Untracked 
|  14|0x00000000e0e00000, 0x00000000e0f00000, 0x00000000e0f00000|100%| O|  |TAMS 0x00000000e0e00000| PB 0x00000000e0e00000| Untracked 
|  15|0x00000000e0f00000, 0x00000000e1000000, 0x00000000e1000000|100%| O|  |TAMS 0x00000000e0f00000| PB 0x00000000e0f00000| Untracked 
|  16|0x00000000e1000000, 0x00000000e1100000, 0x00000000e1100000|100%| O|  |TAMS 0x00000000e1000000| PB 0x00000000e1000000| Untracked 
|  17|0x00000000e1100000, 0x00000000e1200000, 0x00000000e1200000|100%| O|  |TAMS 0x00000000e1100000| PB 0x00000000e1100000| Untracked 
|  18|0x00000000e1200000, 0x00000000e1300000, 0x00000000e1300000|100%| O|  |TAMS 0x00000000e1200000| PB 0x00000000e1200000| Untracked 
|  19|0x00000000e1300000, 0x00000000e1400000, 0x00000000e1400000|100%| O|  |TAMS 0x00000000e1300000| PB 0x00000000e1300000| Untracked 
|  20|0x00000000e1400000, 0x00000000e1500000, 0x00000000e1500000|100%| O|  |TAMS 0x00000000e1400000| PB 0x00000000e1400000| Untracked 
|  21|0x00000000e1500000, 0x00000000e1600000, 0x00000000e1600000|100%|HS|  |TAMS 0x00000000e1500000| PB 0x00000000e1500000| Complete 
|  22|0x00000000e1600000, 0x00000000e1700000, 0x00000000e1700000|100%|HS|  |TAMS 0x00000000e1600000| PB 0x00000000e1600000| Complete 
|  23|0x00000000e1700000, 0x00000000e1800000, 0x00000000e1800000|100%|HC|  |TAMS 0x00000000e1700000| PB 0x00000000e1700000| Complete 
|  24|0x00000000e1800000, 0x00000000e1900000, 0x00000000e1900000|100%|HS|  |TAMS 0x00000000e1800000| PB 0x00000000e1800000| Complete 
|  25|0x00000000e1900000, 0x00000000e1a00000, 0x00000000e1a00000|100%|HC|  |TAMS 0x00000000e1900000| PB 0x00000000e1900000| Complete 
|  26|0x00000000e1a00000, 0x00000000e1b00000, 0x00000000e1b00000|100%|HS|  |TAMS 0x00000000e1a00000| PB 0x00000000e1a00000| Complete 
|  27|0x00000000e1b00000, 0x00000000e1c00000, 0x00000000e1c00000|100%|HS|  |TAMS 0x00000000e1b00000| PB 0x00000000e1b00000| Complete 
|  28|0x00000000e1c00000, 0x00000000e1c00000, 0x00000000e1d00000|  0%| F|  |TAMS 0x00000000e1c00000| PB 0x00000000e1c00000| Untracked 
|  29|0x00000000e1d00000, 0x00000000e1d00000, 0x00000000e1e00000|  0%| F|  |TAMS 0x00000000e1d00000| PB 0x00000000e1d00000| Untracked 
|  30|0x00000000e1e00000, 0x00000000e1e00000, 0x00000000e1f00000|  0%| F|  |TAMS 0x00000000e1e00000| PB 0x00000000e1e00000| Untracked 
|  31|0x00000000e1f00000, 0x00000000e1f00000, 0x00000000e2000000|  0%| F|  |TAMS 0x00000000e1f00000| PB 0x00000000e1f00000| Untracked 
|  32|0x00000000e2000000, 0x00000000e2000000, 0x00000000e2100000|  0%| F|  |TAMS 0x00000000e2000000| PB 0x00000000e2000000| Untracked 
|  33|0x00000000e2100000, 0x00000000e2100000, 0x00000000e2200000|  0%| F|  |TAMS 0x00000000e2100000| PB 0x00000000e2100000| Untracked 
|  34|0x00000000e2200000, 0x00000000e2200000, 0x00000000e2300000|  0%| F|  |TAMS 0x00000000e2200000| PB 0x00000000e2200000| Untracked 
|  35|0x00000000e2300000, 0x00000000e2300000, 0x00000000e2400000|  0%| F|  |TAMS 0x00000000e2300000| PB 0x00000000e2300000| Untracked 
|  36|0x00000000e2400000, 0x00000000e2400000, 0x00000000e2500000|  0%| F|  |TAMS 0x00000000e2400000| PB 0x00000000e2400000| Untracked 
|  37|0x00000000e2500000, 0x00000000e2500000, 0x00000000e2600000|  0%| F|  |TAMS 0x00000000e2500000| PB 0x00000000e2500000| Untracked 
|  38|0x00000000e2600000, 0x00000000e2600000, 0x00000000e2700000|  0%| F|  |TAMS 0x00000000e2600000| PB 0x00000000e2600000| Untracked 
|  39|0x00000000e2700000, 0x00000000e2700000, 0x00000000e2800000|  0%| F|  |TAMS 0x00000000e2700000| PB 0x00000000e2700000| Untracked 
|  40|0x00000000e2800000, 0x00000000e2800000, 0x00000000e2900000|  0%| F|  |TAMS 0x00000000e2800000| PB 0x00000000e2800000| Untracked 
|  41|0x00000000e2900000, 0x00000000e2900000, 0x00000000e2a00000|  0%| F|  |TAMS 0x00000000e2900000| PB 0x00000000e2900000| Untracked 
|  42|0x00000000e2a00000, 0x00000000e2a00000, 0x00000000e2b00000|  0%| F|  |TAMS 0x00000000e2a00000| PB 0x00000000e2a00000| Untracked 
|  43|0x00000000e2b00000, 0x00000000e2b00000, 0x00000000e2c00000|  0%| F|  |TAMS 0x00000000e2b00000| PB 0x00000000e2b00000| Untracked 
|  44|0x00000000e2c00000, 0x00000000e2c00000, 0x00000000e2d00000|  0%| F|  |TAMS 0x00000000e2c00000| PB 0x00000000e2c00000| Untracked 
|  45|0x00000000e2d00000, 0x00000000e2d00000, 0x00000000e2e00000|  0%| F|  |TAMS 0x00000000e2d00000| PB 0x00000000e2d00000| Untracked 
|  46|0x00000000e2e00000, 0x00000000e2e00000, 0x00000000e2f00000|  0%| F|  |TAMS 0x00000000e2e00000| PB 0x00000000e2e00000| Untracked 
|  47|0x00000000e2f00000, 0x00000000e2f00000, 0x00000000e3000000|  0%| F|  |TAMS 0x00000000e2f00000| PB 0x00000000e2f00000| Untracked 
|  48|0x00000000e3000000, 0x00000000e3000000, 0x00000000e3100000|  0%| F|  |TAMS 0x00000000e3000000| PB 0x00000000e3000000| Untracked 
|  49|0x00000000e3100000, 0x00000000e3100000, 0x00000000e3200000|  0%| F|  |TAMS 0x00000000e3100000| PB 0x00000000e3100000| Untracked 
|  50|0x00000000e3200000, 0x00000000e3200000, 0x00000000e3300000|  0%| F|  |TAMS 0x00000000e3200000| PB 0x00000000e3200000| Untracked 
|  51|0x00000000e3300000, 0x00000000e3300000, 0x00000000e3400000|  0%| F|  |TAMS 0x00000000e3300000| PB 0x00000000e3300000| Untracked 
|  52|0x00000000e3400000, 0x00000000e3400000, 0x00000000e3500000|  0%| F|  |TAMS 0x00000000e3400000| PB 0x00000000e3400000| Untracked 
|  53|0x00000000e3500000, 0x00000000e3500000, 0x00000000e3600000|  0%| F|  |TAMS 0x00000000e3500000| PB 0x00000000e3500000| Untracked 
|  54|0x00000000e3600000, 0x00000000e3600000, 0x00000000e3700000|  0%| F|  |TAMS 0x00000000e3600000| PB 0x00000000e3600000| Untracked 
|  55|0x00000000e3700000, 0x00000000e3700000, 0x00000000e3800000|  0%| F|  |TAMS 0x00000000e3700000| PB 0x00000000e3700000| Untracked 
|  56|0x00000000e3800000, 0x00000000e3800000, 0x00000000e3900000|  0%| F|  |TAMS 0x00000000e3800000| PB 0x00000000e3800000| Untracked 
|  57|0x00000000e3900000, 0x00000000e3900000, 0x00000000e3a00000|  0%| F|  |TAMS 0x00000000e3900000| PB 0x00000000e3900000| Untracked 
|  58|0x00000000e3a00000, 0x00000000e3a00000, 0x00000000e3b00000|  0%| F|  |TAMS 0x00000000e3a00000| PB 0x00000000e3a00000| Untracked 
|  59|0x00000000e3b00000, 0x00000000e3b00000, 0x00000000e3c00000|  0%| F|  |TAMS 0x00000000e3b00000| PB 0x00000000e3b00000| Untracked 
|  60|0x00000000e3c00000, 0x00000000e3c00000, 0x00000000e3d00000|  0%| F|  |TAMS 0x00000000e3c00000| PB 0x00000000e3c00000| Untracked 
|  61|0x00000000e3d00000, 0x00000000e3d00000, 0x00000000e3e00000|  0%| F|  |TAMS 0x00000000e3d00000| PB 0x00000000e3d00000| Untracked 
|  62|0x00000000e3e00000, 0x00000000e3e00000, 0x00000000e3f00000|  0%| F|  |TAMS 0x00000000e3e00000| PB 0x00000000e3e00000| Untracked 
|  63|0x00000000e3f00000, 0x00000000e3f00000, 0x00000000e4000000|  0%| F|  |TAMS 0x00000000e3f00000| PB 0x00000000e3f00000| Untracked 
|  64|0x00000000e4000000, 0x00000000e4000000, 0x00000000e4100000|  0%| F|  |TAMS 0x00000000e4000000| PB 0x00000000e4000000| Untracked 
|  65|0x00000000e4100000, 0x00000000e4100000, 0x00000000e4200000|  0%| F|  |TAMS 0x00000000e4100000| PB 0x00000000e4100000| Untracked 
|  66|0x00000000e4200000, 0x00000000e4200000, 0x00000000e4300000|  0%| F|  |TAMS 0x00000000e4200000| PB 0x00000000e4200000| Untracked 
|  67|0x00000000e4300000, 0x00000000e4300000, 0x00000000e4400000|  0%| F|  |TAMS 0x00000000e4300000| PB 0x00000000e4300000| Untracked 
|  68|0x00000000e4400000, 0x00000000e4400000, 0x00000000e4500000|  0%| F|  |TAMS 0x00000000e4400000| PB 0x00000000e4400000| Untracked 
|  69|0x00000000e4500000, 0x00000000e4500000, 0x00000000e4600000|  0%| F|  |TAMS 0x00000000e4500000| PB 0x00000000e4500000| Untracked 
|  70|0x00000000e4600000, 0x00000000e4600000, 0x00000000e4700000|  0%| F|  |TAMS 0x00000000e4600000| PB 0x00000000e4600000| Untracked 
|  71|0x00000000e4700000, 0x00000000e4700000, 0x00000000e4800000|  0%| F|  |TAMS 0x00000000e4700000| PB 0x00000000e4700000| Untracked 
|  72|0x00000000e4800000, 0x00000000e4800000, 0x00000000e4900000|  0%| F|  |TAMS 0x00000000e4800000| PB 0x00000000e4800000| Untracked 
|  73|0x00000000e4900000, 0x00000000e4900000, 0x00000000e4a00000|  0%| F|  |TAMS 0x00000000e4900000| PB 0x00000000e4900000| Untracked 
|  74|0x00000000e4a00000, 0x00000000e4a00000, 0x00000000e4b00000|  0%| F|  |TAMS 0x00000000e4a00000| PB 0x00000000e4a00000| Untracked 
|  75|0x00000000e4b00000, 0x00000000e4b00000, 0x00000000e4c00000|  0%| F|  |TAMS 0x00000000e4b00000| PB 0x00000000e4b00000| Untracked 
|  76|0x00000000e4c00000, 0x00000000e4c00000, 0x00000000e4d00000|  0%| F|  |TAMS 0x00000000e4c00000| PB 0x00000000e4c00000| Untracked 
|  77|0x00000000e4d00000, 0x00000000e4d00000, 0x00000000e4e00000|  0%| F|  |TAMS 0x00000000e4d00000| PB 0x00000000e4d00000| Untracked 
|  78|0x00000000e4e00000, 0x00000000e4e00000, 0x00000000e4f00000|  0%| F|  |TAMS 0x00000000e4e00000| PB 0x00000000e4e00000| Untracked 
|  79|0x00000000e4f00000, 0x00000000e4f00000, 0x00000000e5000000|  0%| F|  |TAMS 0x00000000e4f00000| PB 0x00000000e4f00000| Untracked 
|  80|0x00000000e5000000, 0x00000000e5000000, 0x00000000e5100000|  0%| F|  |TAMS 0x00000000e5000000| PB 0x00000000e5000000| Untracked 
|  81|0x00000000e5100000, 0x00000000e5100000, 0x00000000e5200000|  0%| F|  |TAMS 0x00000000e5100000| PB 0x00000000e5100000| Untracked 
|  82|0x00000000e5200000, 0x00000000e5200000, 0x00000000e5300000|  0%| F|  |TAMS 0x00000000e5200000| PB 0x00000000e5200000| Untracked 
|  83|0x00000000e5300000, 0x00000000e5300000, 0x00000000e5400000|  0%| F|  |TAMS 0x00000000e5300000| PB 0x00000000e5300000| Untracked 
|  84|0x00000000e5400000, 0x00000000e5400000, 0x00000000e5500000|  0%| F|  |TAMS 0x00000000e5400000| PB 0x00000000e5400000| Untracked 
|  85|0x00000000e5500000, 0x00000000e5500000, 0x00000000e5600000|  0%| F|  |TAMS 0x00000000e5500000| PB 0x00000000e5500000| Untracked 
|  86|0x00000000e5600000, 0x00000000e5600000, 0x00000000e5700000|  0%| F|  |TAMS 0x00000000e5600000| PB 0x00000000e5600000| Untracked 
|  87|0x00000000e5700000, 0x00000000e5700000, 0x00000000e5800000|  0%| F|  |TAMS 0x00000000e5700000| PB 0x00000000e5700000| Untracked 
|  88|0x00000000e5800000, 0x00000000e5800000, 0x00000000e5900000|  0%| F|  |TAMS 0x00000000e5800000| PB 0x00000000e5800000| Untracked 
|  89|0x00000000e5900000, 0x00000000e5900000, 0x00000000e5a00000|  0%| F|  |TAMS 0x00000000e5900000| PB 0x00000000e5900000| Untracked 
|  90|0x00000000e5a00000, 0x00000000e5a00000, 0x00000000e5b00000|  0%| F|  |TAMS 0x00000000e5a00000| PB 0x00000000e5a00000| Untracked 
|  91|0x00000000e5b00000, 0x00000000e5b00000, 0x00000000e5c00000|  0%| F|  |TAMS 0x00000000e5b00000| PB 0x00000000e5b00000| Untracked 
|  92|0x00000000e5c00000, 0x00000000e5c00000, 0x00000000e5d00000|  0%| F|  |TAMS 0x00000000e5c00000| PB 0x00000000e5c00000| Untracked 
|  93|0x00000000e5d00000, 0x00000000e5d00000, 0x00000000e5e00000|  0%| F|  |TAMS 0x00000000e5d00000| PB 0x00000000e5d00000| Untracked 
|  94|0x00000000e5e00000, 0x00000000e5e00000, 0x00000000e5f00000|  0%| F|  |TAMS 0x00000000e5e00000| PB 0x00000000e5e00000| Untracked 
|  95|0x00000000e5f00000, 0x00000000e5f00000, 0x00000000e6000000|  0%| F|  |TAMS 0x00000000e5f00000| PB 0x00000000e5f00000| Untracked 
|  96|0x00000000e6000000, 0x00000000e6000000, 0x00000000e6100000|  0%| F|  |TAMS 0x00000000e6000000| PB 0x00000000e6000000| Untracked 
|  97|0x00000000e6100000, 0x00000000e6100000, 0x00000000e6200000|  0%| F|  |TAMS 0x00000000e6100000| PB 0x00000000e6100000| Untracked 
|  98|0x00000000e6200000, 0x00000000e6200000, 0x00000000e6300000|  0%| F|  |TAMS 0x00000000e6200000| PB 0x00000000e6200000| Untracked 
|  99|0x00000000e6300000, 0x00000000e6300000, 0x00000000e6400000|  0%| F|  |TAMS 0x00000000e6300000| PB 0x00000000e6300000| Untracked 
| 100|0x00000000e6400000, 0x00000000e6400000, 0x00000000e6500000|  0%| F|  |TAMS 0x00000000e6400000| PB 0x00000000e6400000| Untracked 
| 101|0x00000000e6500000, 0x00000000e6500000, 0x00000000e6600000|  0%| F|  |TAMS 0x00000000e6500000| PB 0x00000000e6500000| Untracked 
| 102|0x00000000e6600000, 0x00000000e6600000, 0x00000000e6700000|  0%| F|  |TAMS 0x00000000e6600000| PB 0x00000000e6600000| Untracked 
| 103|0x00000000e6700000, 0x00000000e6700000, 0x00000000e6800000|  0%| F|  |TAMS 0x00000000e6700000| PB 0x00000000e6700000| Untracked 
| 104|0x00000000e6800000, 0x00000000e6800000, 0x00000000e6900000|  0%| F|  |TAMS 0x00000000e6800000| PB 0x00000000e6800000| Untracked 
| 105|0x00000000e6900000, 0x00000000e6900000, 0x00000000e6a00000|  0%| F|  |TAMS 0x00000000e6900000| PB 0x00000000e6900000| Untracked 
| 106|0x00000000e6a00000, 0x00000000e6a00000, 0x00000000e6b00000|  0%| F|  |TAMS 0x00000000e6a00000| PB 0x00000000e6a00000| Untracked 
| 107|0x00000000e6b00000, 0x00000000e6b00000, 0x00000000e6c00000|  0%| F|  |TAMS 0x00000000e6b00000| PB 0x00000000e6b00000| Untracked 
| 108|0x00000000e6c00000, 0x00000000e6c00000, 0x00000000e6d00000|  0%| F|  |TAMS 0x00000000e6c00000| PB 0x00000000e6c00000| Untracked 
| 109|0x00000000e6d00000, 0x00000000e6d00000, 0x00000000e6e00000|  0%| F|  |TAMS 0x00000000e6d00000| PB 0x00000000e6d00000| Untracked 
| 110|0x00000000e6e00000, 0x00000000e6e00000, 0x00000000e6f00000|  0%| F|  |TAMS 0x00000000e6e00000| PB 0x00000000e6e00000| Untracked 
| 111|0x00000000e6f00000, 0x00000000e6f00000, 0x00000000e7000000|  0%| F|  |TAMS 0x00000000e6f00000| PB 0x00000000e6f00000| Untracked 
| 112|0x00000000e7000000, 0x00000000e7000000, 0x00000000e7100000|  0%| F|  |TAMS 0x00000000e7000000| PB 0x00000000e7000000| Untracked 
| 113|0x00000000e7100000, 0x00000000e7100000, 0x00000000e7200000|  0%| F|  |TAMS 0x00000000e7100000| PB 0x00000000e7100000| Untracked 
| 114|0x00000000e7200000, 0x00000000e7200000, 0x00000000e7300000|  0%| F|  |TAMS 0x00000000e7200000| PB 0x00000000e7200000| Untracked 
| 115|0x00000000e7300000, 0x00000000e7300000, 0x00000000e7400000|  0%| F|  |TAMS 0x00000000e7300000| PB 0x00000000e7300000| Untracked 
| 116|0x00000000e7400000, 0x00000000e7400000, 0x00000000e7500000|  0%| F|  |TAMS 0x00000000e7400000| PB 0x00000000e7400000| Untracked 
| 117|0x00000000e7500000, 0x00000000e7500000, 0x00000000e7600000|  0%| F|  |TAMS 0x00000000e7500000| PB 0x00000000e7500000| Untracked 
| 118|0x00000000e7600000, 0x00000000e7600000, 0x00000000e7700000|  0%| F|  |TAMS 0x00000000e7600000| PB 0x00000000e7600000| Untracked 
| 119|0x00000000e7700000, 0x00000000e7700000, 0x00000000e7800000|  0%| F|  |TAMS 0x00000000e7700000| PB 0x00000000e7700000| Untracked 
| 120|0x00000000e7800000, 0x00000000e7800000, 0x00000000e7900000|  0%| F|  |TAMS 0x00000000e7800000| PB 0x00000000e7800000| Untracked 
| 121|0x00000000e7900000, 0x00000000e7900000, 0x00000000e7a00000|  0%| F|  |TAMS 0x00000000e7900000| PB 0x00000000e7900000| Untracked 
| 122|0x00000000e7a00000, 0x00000000e7a00000, 0x00000000e7b00000|  0%| F|  |TAMS 0x00000000e7a00000| PB 0x00000000e7a00000| Untracked 
| 123|0x00000000e7b00000, 0x00000000e7b00000, 0x00000000e7c00000|  0%| F|  |TAMS 0x00000000e7b00000| PB 0x00000000e7b00000| Untracked 
| 124|0x00000000e7c00000, 0x00000000e7c80800, 0x00000000e7d00000| 50%| E|  |TAMS 0x00000000e7c00000| PB 0x00000000e7c00000| Complete 
| 125|0x00000000e7d00000, 0x00000000e7e00000, 0x00000000e7e00000|100%| E|CS|TAMS 0x00000000e7d00000| PB 0x00000000e7d00000| Complete 
| 126|0x00000000e7e00000, 0x00000000e7f00000, 0x00000000e7f00000|100%| E|CS|TAMS 0x00000000e7e00000| PB 0x00000000e7e00000| Complete 
| 127|0x00000000e7f00000, 0x00000000e8000000, 0x00000000e8000000|100%| E|CS|TAMS 0x00000000e7f00000| PB 0x00000000e7f00000| Complete 
| 128|0x00000000e8000000, 0x00000000e8100000, 0x00000000e8100000|100%| E|CS|TAMS 0x00000000e8000000| PB 0x00000000e8000000| Complete 
| 129|0x00000000e8100000, 0x00000000e8200000, 0x00000000e8200000|100%| E|CS|TAMS 0x00000000e8100000| PB 0x00000000e8100000| Complete 
| 130|0x00000000e8200000, 0x00000000e8300000, 0x00000000e8300000|100%| E|CS|TAMS 0x00000000e8200000| PB 0x00000000e8200000| Complete 
| 131|0x00000000e8300000, 0x00000000e8400000, 0x00000000e8400000|100%| E|CS|TAMS 0x00000000e8300000| PB 0x00000000e8300000| Complete 
| 132|0x00000000e8400000, 0x00000000e8500000, 0x00000000e8500000|100%| E|CS|TAMS 0x00000000e8400000| PB 0x00000000e8400000| Complete 
| 133|0x00000000e8500000, 0x00000000e8600000, 0x00000000e8600000|100%| E|CS|TAMS 0x00000000e8500000| PB 0x00000000e8500000| Complete 
| 134|0x00000000e8600000, 0x00000000e8700000, 0x00000000e8700000|100%| E|CS|TAMS 0x00000000e8600000| PB 0x00000000e8600000| Complete 
| 135|0x00000000e8700000, 0x00000000e8800000, 0x00000000e8800000|100%| E|CS|TAMS 0x00000000e8700000| PB 0x00000000e8700000| Complete 
| 136|0x00000000e8800000, 0x00000000e8900000, 0x00000000e8900000|100%| E|CS|TAMS 0x00000000e8800000| PB 0x00000000e8800000| Complete 
| 137|0x00000000e8900000, 0x00000000e8a00000, 0x00000000e8a00000|100%| E|CS|TAMS 0x00000000e8900000| PB 0x00000000e8900000| Complete 
| 138|0x00000000e8a00000, 0x00000000e8b00000, 0x00000000e8b00000|100%| E|CS|TAMS 0x00000000e8a00000| PB 0x00000000e8a00000| Complete 
| 139|0x00000000e8b00000, 0x00000000e8c00000, 0x00000000e8c00000|100%| E|CS|TAMS 0x00000000e8b00000| PB 0x00000000e8b00000| Complete 
| 140|0x00000000e8c00000, 0x00000000e8d00000, 0x00000000e8d00000|100%| E|CS|TAMS 0x00000000e8c00000| PB 0x00000000e8c00000| Complete 
| 141|0x00000000e8d00000, 0x00000000e8e00000, 0x00000000e8e00000|100%| E|CS|TAMS 0x00000000e8d00000| PB 0x00000000e8d00000| Complete 
| 142|0x00000000e8e00000, 0x00000000e8f00000, 0x00000000e8f00000|100%| E|CS|TAMS 0x00000000e8e00000| PB 0x00000000e8e00000| Complete 
| 143|0x00000000e8f00000, 0x00000000e9000000, 0x00000000e9000000|100%| E|CS|TAMS 0x00000000e8f00000| PB 0x00000000e8f00000| Complete 
| 144|0x00000000e9000000, 0x00000000e9100000, 0x00000000e9100000|100%| E|CS|TAMS 0x00000000e9000000| PB 0x00000000e9000000| Complete 
| 145|0x00000000e9100000, 0x00000000e9200000, 0x00000000e9200000|100%| E|CS|TAMS 0x00000000e9100000| PB 0x00000000e9100000| Complete 
| 146|0x00000000e9200000, 0x00000000e9300000, 0x00000000e9300000|100%| E|CS|TAMS 0x00000000e9200000| PB 0x00000000e9200000| Complete 
| 147|0x00000000e9300000, 0x00000000e9400000, 0x00000000e9400000|100%| E|CS|TAMS 0x00000000e9300000| PB 0x00000000e9300000| Complete 
| 148|0x00000000e9400000, 0x00000000e94697a0, 0x00000000e9500000| 41%| S|CS|TAMS 0x00000000e9400000| PB 0x00000000e9400000| Complete 
| 149|0x00000000e9500000, 0x00000000e9600000, 0x00000000e9600000|100%| S|CS|TAMS 0x00000000e9500000| PB 0x00000000e9500000| Complete 
| 150|0x00000000e9600000, 0x00000000e9700000, 0x00000000e9700000|100%| S|CS|TAMS 0x00000000e9600000| PB 0x00000000e9600000| Complete 
| 151|0x00000000e9700000, 0x00000000e9800000, 0x00000000e9800000|100%| S|CS|TAMS 0x00000000e9700000| PB 0x00000000e9700000| Complete 
| 152|0x00000000e9800000, 0x00000000e9900000, 0x00000000e9900000|100%| S|CS|TAMS 0x00000000e9800000| PB 0x00000000e9800000| Complete 
| 153|0x00000000e9900000, 0x00000000e9a00000, 0x00000000e9a00000|100%| S|CS|TAMS 0x00000000e9900000| PB 0x00000000e9900000| Complete 
| 154|0x00000000e9a00000, 0x00000000e9b00000, 0x00000000e9b00000|100%| S|CS|TAMS 0x00000000e9a00000| PB 0x00000000e9a00000| Complete 
| 155|0x00000000e9b00000, 0x00000000e9c00000, 0x00000000e9c00000|100%| S|CS|TAMS 0x00000000e9b00000| PB 0x00000000e9b00000| Complete 
| 156|0x00000000e9c00000, 0x00000000e9d00000, 0x00000000e9d00000|100%| E|CS|TAMS 0x00000000e9c00000| PB 0x00000000e9c00000| Complete 
| 157|0x00000000e9d00000, 0x00000000e9e00000, 0x00000000e9e00000|100%| E|CS|TAMS 0x00000000e9d00000| PB 0x00000000e9d00000| Complete 
| 158|0x00000000e9e00000, 0x00000000e9f00000, 0x00000000e9f00000|100%| E|CS|TAMS 0x00000000e9e00000| PB 0x00000000e9e00000| Complete 
| 159|0x00000000e9f00000, 0x00000000ea000000, 0x00000000ea000000|100%| E|CS|TAMS 0x00000000e9f00000| PB 0x00000000e9f00000| Complete 
| 160|0x00000000ea000000, 0x00000000ea100000, 0x00000000ea100000|100%| E|CS|TAMS 0x00000000ea000000| PB 0x00000000ea000000| Complete 
| 161|0x00000000ea100000, 0x00000000ea200000, 0x00000000ea200000|100%| E|CS|TAMS 0x00000000ea100000| PB 0x00000000ea100000| Complete 
| 162|0x00000000ea200000, 0x00000000ea300000, 0x00000000ea300000|100%| E|CS|TAMS 0x00000000ea200000| PB 0x00000000ea200000| Complete 
| 163|0x00000000ea300000, 0x00000000ea400000, 0x00000000ea400000|100%| E|CS|TAMS 0x00000000ea300000| PB 0x00000000ea300000| Complete 
| 164|0x00000000ea400000, 0x00000000ea500000, 0x00000000ea500000|100%| E|CS|TAMS 0x00000000ea400000| PB 0x00000000ea400000| Complete 
| 165|0x00000000ea500000, 0x00000000ea600000, 0x00000000ea600000|100%| E|CS|TAMS 0x00000000ea500000| PB 0x00000000ea500000| Complete 
| 166|0x00000000ea600000, 0x00000000ea700000, 0x00000000ea700000|100%| E|CS|TAMS 0x00000000ea600000| PB 0x00000000ea600000| Complete 
| 167|0x00000000ea700000, 0x00000000ea800000, 0x00000000ea800000|100%| E|CS|TAMS 0x00000000ea700000| PB 0x00000000ea700000| Complete 
| 168|0x00000000ea800000, 0x00000000ea900000, 0x00000000ea900000|100%| E|CS|TAMS 0x00000000ea800000| PB 0x00000000ea800000| Complete 
| 169|0x00000000ea900000, 0x00000000eaa00000, 0x00000000eaa00000|100%| E|CS|TAMS 0x00000000ea900000| PB 0x00000000ea900000| Complete 
| 170|0x00000000eaa00000, 0x00000000eab00000, 0x00000000eab00000|100%| E|  |TAMS 0x00000000eaa00000| PB 0x00000000eaa00000| Complete 
| 171|0x00000000eab00000, 0x00000000eac00000, 0x00000000eac00000|100%| E|CS|TAMS 0x00000000eab00000| PB 0x00000000eab00000| Complete 
| 172|0x00000000eac00000, 0x00000000ead00000, 0x00000000ead00000|100%| E|CS|TAMS 0x00000000eac00000| PB 0x00000000eac00000| Complete 
| 173|0x00000000ead00000, 0x00000000eae00000, 0x00000000eae00000|100%| E|CS|TAMS 0x00000000ead00000| PB 0x00000000ead00000| Complete 
| 174|0x00000000eae00000, 0x00000000eaf00000, 0x00000000eaf00000|100%| E|CS|TAMS 0x00000000eae00000| PB 0x00000000eae00000| Complete 
| 175|0x00000000eaf00000, 0x00000000eb000000, 0x00000000eb000000|100%| E|CS|TAMS 0x00000000eaf00000| PB 0x00000000eaf00000| Complete 
| 176|0x00000000eb000000, 0x00000000eb100000, 0x00000000eb100000|100%| E|CS|TAMS 0x00000000eb000000| PB 0x00000000eb000000| Complete 
| 177|0x00000000eb100000, 0x00000000eb200000, 0x00000000eb200000|100%| E|CS|TAMS 0x00000000eb100000| PB 0x00000000eb100000| Complete 
| 178|0x00000000eb200000, 0x00000000eb300000, 0x00000000eb300000|100%| E|CS|TAMS 0x00000000eb200000| PB 0x00000000eb200000| Complete 
| 179|0x00000000eb300000, 0x00000000eb400000, 0x00000000eb400000|100%| E|CS|TAMS 0x00000000eb300000| PB 0x00000000eb300000| Complete 
| 180|0x00000000eb400000, 0x00000000eb500000, 0x00000000eb500000|100%| E|CS|TAMS 0x00000000eb400000| PB 0x00000000eb400000| Complete 
| 181|0x00000000eb500000, 0x00000000eb600000, 0x00000000eb600000|100%| E|CS|TAMS 0x00000000eb500000| PB 0x00000000eb500000| Complete 
| 182|0x00000000eb600000, 0x00000000eb700000, 0x00000000eb700000|100%| E|CS|TAMS 0x00000000eb600000| PB 0x00000000eb600000| Complete 
| 183|0x00000000eb700000, 0x00000000eb800000, 0x00000000eb800000|100%| E|CS|TAMS 0x00000000eb700000| PB 0x00000000eb700000| Complete 
| 184|0x00000000eb800000, 0x00000000eb900000, 0x00000000eb900000|100%| E|CS|TAMS 0x00000000eb800000| PB 0x00000000eb800000| Complete 
| 185|0x00000000eb900000, 0x00000000eba00000, 0x00000000eba00000|100%| E|CS|TAMS 0x00000000eb900000| PB 0x00000000eb900000| Complete 
| 186|0x00000000eba00000, 0x00000000ebb00000, 0x00000000ebb00000|100%| E|CS|TAMS 0x00000000eba00000| PB 0x00000000eba00000| Complete 
| 187|0x00000000ebb00000, 0x00000000ebc00000, 0x00000000ebc00000|100%| E|CS|TAMS 0x00000000ebb00000| PB 0x00000000ebb00000| Complete 
| 188|0x00000000ebc00000, 0x00000000ebd00000, 0x00000000ebd00000|100%| E|CS|TAMS 0x00000000ebc00000| PB 0x00000000ebc00000| Complete 
| 189|0x00000000ebd00000, 0x00000000ebe00000, 0x00000000ebe00000|100%| E|CS|TAMS 0x00000000ebd00000| PB 0x00000000ebd00000| Complete 
| 190|0x00000000ebe00000, 0x00000000ebf00000, 0x00000000ebf00000|100%| E|CS|TAMS 0x00000000ebe00000| PB 0x00000000ebe00000| Complete 
| 191|0x00000000ebf00000, 0x00000000ec000000, 0x00000000ec000000|100%| E|CS|TAMS 0x00000000ebf00000| PB 0x00000000ebf00000| Complete 
| 192|0x00000000ec000000, 0x00000000ec100000, 0x00000000ec100000|100%| E|CS|TAMS 0x00000000ec000000| PB 0x00000000ec000000| Complete 
| 193|0x00000000ec100000, 0x00000000ec200000, 0x00000000ec200000|100%| E|CS|TAMS 0x00000000ec100000| PB 0x00000000ec100000| Complete 
| 194|0x00000000ec200000, 0x00000000ec300000, 0x00000000ec300000|100%| E|CS|TAMS 0x00000000ec200000| PB 0x00000000ec200000| Complete 
| 195|0x00000000ec300000, 0x00000000ec400000, 0x00000000ec400000|100%| E|CS|TAMS 0x00000000ec300000| PB 0x00000000ec300000| Complete 
| 196|0x00000000ec400000, 0x00000000ec500000, 0x00000000ec500000|100%| E|CS|TAMS 0x00000000ec400000| PB 0x00000000ec400000| Complete 
| 197|0x00000000ec500000, 0x00000000ec600000, 0x00000000ec600000|100%| E|CS|TAMS 0x00000000ec500000| PB 0x00000000ec500000| Complete 
| 198|0x00000000ec600000, 0x00000000ec700000, 0x00000000ec700000|100%| E|CS|TAMS 0x00000000ec600000| PB 0x00000000ec600000| Complete 
| 199|0x00000000ec700000, 0x00000000ec800000, 0x00000000ec800000|100%| E|CS|TAMS 0x00000000ec700000| PB 0x00000000ec700000| Complete 
| 200|0x00000000ec800000, 0x00000000ec900000, 0x00000000ec900000|100%| E|CS|TAMS 0x00000000ec800000| PB 0x00000000ec800000| Complete 
| 201|0x00000000ec900000, 0x00000000eca00000, 0x00000000eca00000|100%| E|CS|TAMS 0x00000000ec900000| PB 0x00000000ec900000| Complete 
| 202|0x00000000eca00000, 0x00000000ecb00000, 0x00000000ecb00000|100%| E|CS|TAMS 0x00000000eca00000| PB 0x00000000eca00000| Complete 
| 203|0x00000000ecb00000, 0x00000000ecc00000, 0x00000000ecc00000|100%| E|CS|TAMS 0x00000000ecb00000| PB 0x00000000ecb00000| Complete 
| 204|0x00000000ecc00000, 0x00000000ecd00000, 0x00000000ecd00000|100%| E|CS|TAMS 0x00000000ecc00000| PB 0x00000000ecc00000| Complete 
| 205|0x00000000ecd00000, 0x00000000ece00000, 0x00000000ece00000|100%| E|CS|TAMS 0x00000000ecd00000| PB 0x00000000ecd00000| Complete 
| 206|0x00000000ece00000, 0x00000000ecf00000, 0x00000000ecf00000|100%| E|CS|TAMS 0x00000000ece00000| PB 0x00000000ece00000| Complete 
| 207|0x00000000ecf00000, 0x00000000ed000000, 0x00000000ed000000|100%| E|CS|TAMS 0x00000000ecf00000| PB 0x00000000ecf00000| Complete 
| 208|0x00000000ed000000, 0x00000000ed100000, 0x00000000ed100000|100%| E|CS|TAMS 0x00000000ed000000| PB 0x00000000ed000000| Complete 
| 209|0x00000000ed100000, 0x00000000ed200000, 0x00000000ed200000|100%| E|CS|TAMS 0x00000000ed100000| PB 0x00000000ed100000| Complete 
| 210|0x00000000ed200000, 0x00000000ed300000, 0x00000000ed300000|100%| E|CS|TAMS 0x00000000ed200000| PB 0x00000000ed200000| Complete 
| 211|0x00000000ed300000, 0x00000000ed400000, 0x00000000ed400000|100%| E|CS|TAMS 0x00000000ed300000| PB 0x00000000ed300000| Complete 
| 212|0x00000000ed400000, 0x00000000ed500000, 0x00000000ed500000|100%| E|CS|TAMS 0x00000000ed400000| PB 0x00000000ed400000| Complete 
| 213|0x00000000ed500000, 0x00000000ed600000, 0x00000000ed600000|100%| E|CS|TAMS 0x00000000ed500000| PB 0x00000000ed500000| Complete 
| 214|0x00000000ed600000, 0x00000000ed700000, 0x00000000ed700000|100%| E|CS|TAMS 0x00000000ed600000| PB 0x00000000ed600000| Complete 
| 215|0x00000000ed700000, 0x00000000ed800000, 0x00000000ed800000|100%| E|CS|TAMS 0x00000000ed700000| PB 0x00000000ed700000| Complete 
| 216|0x00000000ed800000, 0x00000000ed900000, 0x00000000ed900000|100%| E|CS|TAMS 0x00000000ed800000| PB 0x00000000ed800000| Complete 
| 217|0x00000000ed900000, 0x00000000eda00000, 0x00000000eda00000|100%| E|CS|TAMS 0x00000000ed900000| PB 0x00000000ed900000| Complete 
| 218|0x00000000eda00000, 0x00000000edb00000, 0x00000000edb00000|100%| E|CS|TAMS 0x00000000eda00000| PB 0x00000000eda00000| Complete 
| 219|0x00000000edb00000, 0x00000000edc00000, 0x00000000edc00000|100%| E|CS|TAMS 0x00000000edb00000| PB 0x00000000edb00000| Complete 
| 220|0x00000000edc00000, 0x00000000edd00000, 0x00000000edd00000|100%| E|CS|TAMS 0x00000000edc00000| PB 0x00000000edc00000| Complete 
| 221|0x00000000edd00000, 0x00000000ede00000, 0x00000000ede00000|100%| E|CS|TAMS 0x00000000edd00000| PB 0x00000000edd00000| Complete 
| 222|0x00000000ede00000, 0x00000000edf00000, 0x00000000edf00000|100%| E|CS|TAMS 0x00000000ede00000| PB 0x00000000ede00000| Complete 
| 223|0x00000000edf00000, 0x00000000ee000000, 0x00000000ee000000|100%| E|CS|TAMS 0x00000000edf00000| PB 0x00000000edf00000| Complete 
| 224|0x00000000ee000000, 0x00000000ee100000, 0x00000000ee100000|100%| E|CS|TAMS 0x00000000ee000000| PB 0x00000000ee000000| Complete 
| 225|0x00000000ee100000, 0x00000000ee200000, 0x00000000ee200000|100%| E|CS|TAMS 0x00000000ee100000| PB 0x00000000ee100000| Complete 
| 226|0x00000000ee200000, 0x00000000ee300000, 0x00000000ee300000|100%| E|CS|TAMS 0x00000000ee200000| PB 0x00000000ee200000| Complete 
| 227|0x00000000ee300000, 0x00000000ee400000, 0x00000000ee400000|100%| E|CS|TAMS 0x00000000ee300000| PB 0x00000000ee300000| Complete 
| 228|0x00000000ee400000, 0x00000000ee500000, 0x00000000ee500000|100%| E|CS|TAMS 0x00000000ee400000| PB 0x00000000ee400000| Complete 
| 229|0x00000000ee500000, 0x00000000ee600000, 0x00000000ee600000|100%| E|CS|TAMS 0x00000000ee500000| PB 0x00000000ee500000| Complete 
| 230|0x00000000ee600000, 0x00000000ee700000, 0x00000000ee700000|100%| E|CS|TAMS 0x00000000ee600000| PB 0x00000000ee600000| Complete 
| 231|0x00000000ee700000, 0x00000000ee800000, 0x00000000ee800000|100%| E|CS|TAMS 0x00000000ee700000| PB 0x00000000ee700000| Complete 
| 232|0x00000000ee800000, 0x00000000ee900000, 0x00000000ee900000|100%| E|CS|TAMS 0x00000000ee800000| PB 0x00000000ee800000| Complete 
| 233|0x00000000ee900000, 0x00000000eea00000, 0x00000000eea00000|100%| E|CS|TAMS 0x00000000ee900000| PB 0x00000000ee900000| Complete 
| 234|0x00000000eea00000, 0x00000000eeb00000, 0x00000000eeb00000|100%| E|CS|TAMS 0x00000000eea00000| PB 0x00000000eea00000| Complete 
| 235|0x00000000eeb00000, 0x00000000eec00000, 0x00000000eec00000|100%| E|CS|TAMS 0x00000000eeb00000| PB 0x00000000eeb00000| Complete 
| 236|0x00000000eec00000, 0x00000000eed00000, 0x00000000eed00000|100%| E|CS|TAMS 0x00000000eec00000| PB 0x00000000eec00000| Complete 
| 237|0x00000000eed00000, 0x00000000eee00000, 0x00000000eee00000|100%| E|CS|TAMS 0x00000000eed00000| PB 0x00000000eed00000| Complete 
| 238|0x00000000eee00000, 0x00000000eef00000, 0x00000000eef00000|100%| E|CS|TAMS 0x00000000eee00000| PB 0x00000000eee00000| Complete 
| 239|0x00000000eef00000, 0x00000000ef000000, 0x00000000ef000000|100%| E|CS|TAMS 0x00000000eef00000| PB 0x00000000eef00000| Complete 
| 240|0x00000000ef000000, 0x00000000ef100000, 0x00000000ef100000|100%| E|CS|TAMS 0x00000000ef000000| PB 0x00000000ef000000| Complete 
| 241|0x00000000ef100000, 0x00000000ef200000, 0x00000000ef200000|100%| E|CS|TAMS 0x00000000ef100000| PB 0x00000000ef100000| Complete 
| 242|0x00000000ef200000, 0x00000000ef300000, 0x00000000ef300000|100%| E|CS|TAMS 0x00000000ef200000| PB 0x00000000ef200000| Complete 
| 243|0x00000000ef300000, 0x00000000ef400000, 0x00000000ef400000|100%| E|CS|TAMS 0x00000000ef300000| PB 0x00000000ef300000| Complete 
| 244|0x00000000ef400000, 0x00000000ef500000, 0x00000000ef500000|100%| E|CS|TAMS 0x00000000ef400000| PB 0x00000000ef400000| Complete 
| 245|0x00000000ef500000, 0x00000000ef600000, 0x00000000ef600000|100%| E|CS|TAMS 0x00000000ef500000| PB 0x00000000ef500000| Complete 
| 246|0x00000000ef600000, 0x00000000ef700000, 0x00000000ef700000|100%| E|CS|TAMS 0x00000000ef600000| PB 0x00000000ef600000| Complete 
| 247|0x00000000ef700000, 0x00000000ef800000, 0x00000000ef800000|100%| E|CS|TAMS 0x00000000ef700000| PB 0x00000000ef700000| Complete 
| 248|0x00000000ef800000, 0x00000000ef900000, 0x00000000ef900000|100%| E|CS|TAMS 0x00000000ef800000| PB 0x00000000ef800000| Complete 
| 249|0x00000000ef900000, 0x00000000efa00000, 0x00000000efa00000|100%| E|CS|TAMS 0x00000000ef900000| PB 0x00000000ef900000| Complete 
| 250|0x00000000efa00000, 0x00000000efb00000, 0x00000000efb00000|100%| E|CS|TAMS 0x00000000efa00000| PB 0x00000000efa00000| Complete 
| 251|0x00000000efb00000, 0x00000000efc00000, 0x00000000efc00000|100%| E|CS|TAMS 0x00000000efb00000| PB 0x00000000efb00000| Complete 
| 252|0x00000000efc00000, 0x00000000efd00000, 0x00000000efd00000|100%| E|CS|TAMS 0x00000000efc00000| PB 0x00000000efc00000| Complete 
| 253|0x00000000efd00000, 0x00000000efe00000, 0x00000000efe00000|100%| E|CS|TAMS 0x00000000efd00000| PB 0x00000000efd00000| Complete 
| 254|0x00000000efe00000, 0x00000000eff00000, 0x00000000eff00000|100%| E|CS|TAMS 0x00000000efe00000| PB 0x00000000efe00000| Complete 
| 255|0x00000000eff00000, 0x00000000f0000000, 0x00000000f0000000|100%| E|CS|TAMS 0x00000000eff00000| PB 0x00000000eff00000| Complete 

Card table byte_map: [0x000001b87e380000,0x000001b87e480000] _byte_map_base: 0x000001b87dc80000

Marking Bits: (CMBitMap*) 0x000001b87deb2fe0
 Bits: [0x000001b87e480000, 0x000001b87ec80000)

Polling page: 0x000001b87d650000

Metaspace:

Usage:
  Non-class:     39.12 MB used.
      Class:      6.50 MB used.
       Both:     45.63 MB used.

Virtual space:
  Non-class space:       64.00 MB reserved,      39.94 MB ( 62%) committed,  1 nodes.
      Class space:      320.00 MB reserved,       7.31 MB (  2%) committed,  1 nodes.
             Both:      384.00 MB reserved,      47.25 MB ( 12%) committed. 

Chunk freelists:
   Non-Class:  8.09 MB
       Class:  8.52 MB
        Both:  16.61 MB

MaxMetaspaceSize: 384.00 MB
CompressedClassSpaceSize: 320.00 MB
Initial GC threshold: 21.00 MB
Current GC threshold: 58.88 MB
CDS: on
 - commit_granule_bytes: 65536.
 - commit_granule_words: 8192.
 - virtual_space_node_default_size: 8388608.
 - enlarge_chunks_in_place: 1.
 - use_allocation_guard: 0.


Internal statistics:

num_allocs_failed_limit: 6.
num_arena_births: 2892.
num_arena_deaths: 0.
num_vsnodes_births: 2.
num_vsnodes_deaths: 0.
num_space_committed: 756.
num_space_uncommitted: 0.
num_chunks_returned_to_freelist: 6.
num_chunks_taken_from_freelist: 5082.
num_chunk_merges: 6.
num_chunk_splits: 3293.
num_chunks_enlarged: 2012.
num_inconsistent_stats: 0.

CodeHeap 'non-profiled nmethods': size=120000Kb used=2713Kb max_used=2713Kb free=117286Kb
 bounds [0x000001b80fe60000, 0x000001b810110000, 0x000001b817390000]
CodeHeap 'profiled nmethods': size=120000Kb used=9735Kb max_used=9735Kb free=110264Kb
 bounds [0x000001b808390000, 0x000001b808d20000, 0x000001b80f8c0000]
CodeHeap 'non-nmethods': size=5760Kb used=2965Kb max_used=2984Kb free=2794Kb
 bounds [0x000001b80f8c0000, 0x000001b80fbc0000, 0x000001b80fe60000]
 total_blobs=5765 nmethods=4909 adapters=760
 compilation: enabled
              stopped_count=0, restarted_count=0
 full_count=0

Compilation events (20 events):
Event: 170.179 Thread 0x000001b87f706400 nmethod 5390 0x000001b810101010 code [0x000001b8101014c0, 0x000001b810104400]
Event: 170.278 Thread 0x000001b87f706400 5393       4       java.util.stream.ReduceOps$3ReducingSink::accept (15 bytes)
Event: 170.279 Thread 0x000001b87f706400 nmethod 5393 0x000001b810105490 code [0x000001b810105620, 0x000001b8101056e0]
Event: 170.807 Thread 0x000001b87f707fe0 5394       3       java.lang.String::split (148 bytes)
Event: 170.809 Thread 0x000001b87f707fe0 nmethod 5394 0x000001b808d08810 code [0x000001b808d08b80, 0x000001b808d0a288]
Event: 170.856 Thread 0x000001b87f707fe0 5395       3       org.gradle.cache.internal.btree.BTreePersistentIndexedCache$IndexBlock::read (94 bytes)
Event: 170.857 Thread 0x000001b87f706400 5396  s    4       java.util.jar.JarFile::getInputStream (88 bytes)
Event: 170.862 Thread 0x000001b87f706400 nmethod 5396 0x000001b810105790 code [0x000001b810105940, 0x000001b810105cf8]
Event: 170.862 Thread 0x000001b87f707fe0 nmethod 5395 0x000001b808d0aa90 code [0x000001b808d0af20, 0x000001b808d0cfa8]
Event: 170.978 Thread 0x000001b87f706400 5397       4       java.util.Arrays::hashCode (56 bytes)
Event: 170.981 Thread 0x000001b87f706400 nmethod 5397 0x000001b810105f10 code [0x000001b8101060a0, 0x000001b810106220]
Event: 171.057 Thread 0x000001b87f706400 5398   !   4       java.lang.ClassLoader::loadClass (121 bytes)
Event: 171.368 Thread 0x000001b87f707fe0 5399       3       java.lang.ThreadLocal::setInitialValue (64 bytes)
Event: 171.369 Thread 0x000001b87f707fe0 nmethod 5399 0x000001b808d0db10 code [0x000001b808d0dd40, 0x000001b808d0e7f0]
Event: 171.438 Thread 0x000001b87f707fe0 5400       1       org.gradle.api.attributes.Attribute::getName (5 bytes)
Event: 171.438 Thread 0x000001b87f707fe0 nmethod 5400 0x000001b810106310 code [0x000001b8101064a0, 0x000001b810106568]
Event: 171.445 Thread 0x000001b87f707fe0 5402       3       com.google.common.cache.LocalCache::customWeigher (16 bytes)
Event: 171.445 Thread 0x000001b87f707fe0 nmethod 5402 0x000001b808d0eb10 code [0x000001b808d0ecc0, 0x000001b808d0ee38]
Event: 171.447 Thread 0x000001b87f707fe0 5403       3       java.lang.invoke.LambdaForm$DMH/0x000001b81b1b0400::newInvokeSpecial (30 bytes)
Event: 171.448 Thread 0x000001b87f707fe0 nmethod 5403 0x000001b808d0ef10 code [0x000001b808d0f100, 0x000001b808d0f870]

GC Heap History (10 events):
Event: 30.105 GC heap before
{Heap before GC invocations=0 (full 0):
 garbage-first heap   total 262144K, used 26624K [0x00000000e0000000, 0x0000000100000000)
  region size 1024K, 23 young (23552K), 0 survivors (0K)
 Metaspace       used 3149K, committed 3264K, reserved 393216K
  class space    used 395K, committed 448K, reserved 327680K
}
Event: 30.423 GC heap after
{Heap after GC invocations=1 (full 0):
 garbage-first heap   total 262144K, used 10229K [0x00000000e0000000, 0x0000000100000000)
  region size 1024K, 3 young (3072K), 3 survivors (3072K)
 Metaspace       used 3149K, committed 3264K, reserved 393216K
  class space    used 395K, committed 448K, reserved 327680K
}
Event: 43.563 GC heap before
{Heap before GC invocations=1 (full 0):
 garbage-first heap   total 262144K, used 37877K [0x00000000e0000000, 0x0000000100000000)
  region size 1024K, 31 young (31744K), 3 survivors (3072K)
 Metaspace       used 4130K, committed 4352K, reserved 393216K
  class space    used 502K, committed 640K, reserved 327680K
}
Event: 43.578 GC heap after
{Heap after GC invocations=2 (full 0):
 garbage-first heap   total 262144K, used 11339K [0x00000000e0000000, 0x0000000100000000)
  region size 1024K, 1 young (1024K), 1 survivors (1024K)
 Metaspace       used 4130K, committed 4352K, reserved 393216K
  class space    used 502K, committed 640K, reserved 327680K
}
Event: 82.839 GC heap before
{Heap before GC invocations=2 (full 0):
 garbage-first heap   total 262144K, used 102475K [0x00000000e0000000, 0x0000000100000000)
  region size 1024K, 90 young (92160K), 1 survivors (1024K)
 Metaspace       used 18679K, committed 19200K, reserved 393216K
  class space    used 2644K, committed 2880K, reserved 327680K
}
Event: 82.909 GC heap after
{Heap after GC invocations=3 (full 0):
 garbage-first heap   total 262144K, used 21493K [0x00000000e0000000, 0x0000000100000000)
  region size 1024K, 11 young (11264K), 11 survivors (11264K)
 Metaspace       used 18679K, committed 19200K, reserved 393216K
  class space    used 2644K, committed 2880K, reserved 327680K
}
Event: 91.703 GC heap before
{Heap before GC invocations=3 (full 0):
 garbage-first heap   total 262144K, used 38901K [0x00000000e0000000, 0x0000000100000000)
  region size 1024K, 29 young (29696K), 11 survivors (11264K)
 Metaspace       used 20826K, committed 21504K, reserved 393216K
  class space    used 2992K, committed 3264K, reserved 327680K
}
Event: 91.733 GC heap after
{Heap after GC invocations=4 (full 0):
 garbage-first heap   total 262144K, used 23442K [0x00000000e0000000, 0x0000000100000000)
  region size 1024K, 12 young (12288K), 12 survivors (12288K)
 Metaspace       used 20826K, committed 21504K, reserved 393216K
  class space    used 2992K, committed 3264K, reserved 327680K
}
Event: 124.958 GC heap before
{Heap before GC invocations=5 (full 0):
 garbage-first heap   total 262144K, used 111506K [0x00000000e0000000, 0x0000000100000000)
  region size 1024K, 100 young (102400K), 12 survivors (12288K)
 Metaspace       used 34783K, committed 35968K, reserved 393216K
  class space    used 5027K, committed 5632K, reserved 327680K
}
Event: 125.026 GC heap after
{Heap after GC invocations=6 (full 0):
 garbage-first heap   total 262144K, used 29093K [0x00000000e0000000, 0x0000000100000000)
  region size 1024K, 8 young (8192K), 8 survivors (8192K)
 Metaspace       used 34783K, committed 35968K, reserved 393216K
  class space    used 5027K, committed 5632K, reserved 327680K
}

Dll operation events (15 events):
Event: 1.702 Loaded shared library C:\Program Files\Java\jdk-21\bin\java.dll
Event: 6.957 Loaded shared library C:\Program Files\Java\jdk-21\bin\jsvml.dll
Event: 7.696 Loaded shared library C:\Program Files\Java\jdk-21\bin\zip.dll
Event: 7.701 Loaded shared library C:\Program Files\Java\jdk-21\bin\instrument.dll
Event: 7.817 Loaded shared library C:\Program Files\Java\jdk-21\bin\net.dll
Event: 7.823 Loaded shared library C:\Program Files\Java\jdk-21\bin\nio.dll
Event: 7.832 Loaded shared library C:\Program Files\Java\jdk-21\bin\zip.dll
Event: 13.016 Loaded shared library C:\Program Files\Java\jdk-21\bin\jimage.dll
Event: 17.941 Loaded shared library C:\Program Files\Java\jdk-21\bin\verify.dll
Event: 28.066 Loaded shared library C:\Users\ASUS\.gradle\native\c067742578af261105cb4f569cf0c3c89f3d7b1fecec35dd04571415982c5e48\windows-amd64\native-platform.dll
Event: 28.402 Loaded shared library C:\Users\ASUS\.gradle\native\38dada09dfb8b06ba9b0570ebf7e218e3eb74d4ef43ca46872605cf95ebc2f47\windows-amd64\native-platform-file-events.dll
Event: 52.959 Loaded shared library C:\Program Files\Java\jdk-21\bin\management.dll
Event: 52.963 Loaded shared library C:\Program Files\Java\jdk-21\bin\management_ext.dll
Event: 55.843 Loaded shared library C:\Program Files\Java\jdk-21\bin\extnet.dll
Event: 65.474 Loaded shared library C:\Program Files\Java\jdk-21\bin\sunmscapi.dll

Deoptimization events (20 events):
Event: 165.812 Thread 0x000001b8335746b0 Uncommon trap: trap_request=0xffffff45 fr.pc=0x000001b8100bd298 relative=0x0000000000000258
Event: 165.812 Thread 0x000001b8335746b0 Uncommon trap: reason=unstable_if action=reinterpret pc=0x000001b8100bd298 method=org.objectweb.asm.Frame.push(I)V @ 26 c2
Event: 165.812 Thread 0x000001b8335746b0 DEOPT PACKING pc=0x000001b8100bd298 sp=0x00000054099f8270
Event: 165.812 Thread 0x000001b8335746b0 DEOPT UNPACKING pc=0x000001b80f917da2 sp=0x00000054099f8218 mode 2
Event: 166.728 Thread 0x000001b8335746b0 Uncommon trap: trap_request=0xffffffc6 fr.pc=0x000001b81001b5d8 relative=0x00000000000002f8
Event: 166.728 Thread 0x000001b8335746b0 Uncommon trap: reason=bimorphic_or_optimized_type_check action=maybe_recompile pc=0x000001b81001b5d8 method=com.google.common.base.CharMatcher.indexIn(Ljava/lang/CharSequence;I)I @ 31 c2
Event: 166.728 Thread 0x000001b8335746b0 DEOPT PACKING pc=0x000001b81001b5d8 sp=0x00000054099f94d0
Event: 166.728 Thread 0x000001b8335746b0 DEOPT UNPACKING pc=0x000001b80f917da2 sp=0x00000054099f9478 mode 2
Event: 166.728 Thread 0x000001b8335746b0 Uncommon trap: trap_request=0xffffffc6 fr.pc=0x000001b81001b5d8 relative=0x00000000000002f8
Event: 166.728 Thread 0x000001b8335746b0 Uncommon trap: reason=bimorphic_or_optimized_type_check action=maybe_recompile pc=0x000001b81001b5d8 method=com.google.common.base.CharMatcher.indexIn(Ljava/lang/CharSequence;I)I @ 31 c2
Event: 166.728 Thread 0x000001b8335746b0 DEOPT PACKING pc=0x000001b81001b5d8 sp=0x00000054099f94d0
Event: 166.728 Thread 0x000001b8335746b0 DEOPT UNPACKING pc=0x000001b80f917da2 sp=0x00000054099f9478 mode 2
Event: 166.729 Thread 0x000001b8335746b0 Uncommon trap: trap_request=0xffffffc6 fr.pc=0x000001b81001b5d8 relative=0x00000000000002f8
Event: 166.729 Thread 0x000001b8335746b0 Uncommon trap: reason=bimorphic_or_optimized_type_check action=maybe_recompile pc=0x000001b81001b5d8 method=com.google.common.base.CharMatcher.indexIn(Ljava/lang/CharSequence;I)I @ 31 c2
Event: 166.729 Thread 0x000001b8335746b0 DEOPT PACKING pc=0x000001b81001b5d8 sp=0x00000054099f94d0
Event: 166.729 Thread 0x000001b8335746b0 DEOPT UNPACKING pc=0x000001b80f917da2 sp=0x00000054099f9478 mode 2
Event: 166.730 Thread 0x000001b8335746b0 Uncommon trap: trap_request=0xffffffc6 fr.pc=0x000001b81001b5d8 relative=0x00000000000002f8
Event: 166.730 Thread 0x000001b8335746b0 Uncommon trap: reason=bimorphic_or_optimized_type_check action=maybe_recompile pc=0x000001b81001b5d8 method=com.google.common.base.CharMatcher.indexIn(Ljava/lang/CharSequence;I)I @ 31 c2
Event: 166.730 Thread 0x000001b8335746b0 DEOPT PACKING pc=0x000001b81001b5d8 sp=0x00000054099f94d0
Event: 166.730 Thread 0x000001b8335746b0 DEOPT UNPACKING pc=0x000001b80f917da2 sp=0x00000054099f9478 mode 2

Classes loaded (20 events):
Event: 162.178 Loading class javax/net/ssl/TrustManager
Event: 162.178 Loading class javax/net/ssl/TrustManager done
Event: 162.179 Loading class javax/net/ssl/X509TrustManager
Event: 162.179 Loading class javax/net/ssl/X509TrustManager done
Event: 162.210 Loading class javax/net/ssl/SSLException
Event: 162.210 Loading class javax/net/ssl/SSLException done
Event: 162.211 Loading class javax/naming/NamingException
Event: 162.211 Loading class javax/naming/NamingException done
Event: 162.212 Loading class javax/naming/InvalidNameException
Event: 162.213 Loading class javax/naming/InvalidNameException done
Event: 162.213 Loading class javax/net/ssl/SSLPeerUnverifiedException
Event: 162.214 Loading class javax/net/ssl/SSLPeerUnverifiedException done
Event: 162.214 Loading class java/security/cert/CertificateParsingException
Event: 162.215 Loading class java/security/cert/CertificateException
Event: 162.216 Loading class java/security/cert/CertificateException done
Event: 162.216 Loading class java/security/cert/CertificateParsingException done
Event: 167.479 Loading class java/io/DeleteOnExitHook
Event: 167.481 Loading class java/io/DeleteOnExitHook done
Event: 167.481 Loading class java/io/DeleteOnExitHook$1
Event: 167.481 Loading class java/io/DeleteOnExitHook$1 done

Classes unloaded (0 events):
No events

Classes redefined (0 events):
No events

Internal exceptions (20 events):
Event: 152.892 Thread 0x000001b8335746b0 Exception <a 'java/lang/NoSuchMethodError'{0x00000000ed307d00}: 'java.lang.Object java.lang.invoke.DelegatingMethodHandle$Holder.delegate(java.lang.Object, java.lang.Object, java.lang.Object, java.lang.Object, java.lang.Object, java.lang.Object, java.lang.Object, java.lang.Object, java.lang.Object, java.lang.Object, java.lang.Object, java.lang.Object, java.lang.Object, java.lang.Object, java.lang.Object, java.lang.Object, java.lang.Object, java.lang.Object, java.lang.Object, java.lang.Object, java.lang.Obj
Event: 155.496 Thread 0x000001b8335746b0 Exception <a 'java/lang/IncompatibleClassChangeError'{0x00000000ec345108}: Found class java.lang.Object, but interface was expected> (0x00000000ec345108) 
thrown [s\open\src\hotspot\share\interpreter\linkResolver.cpp, line 840]
Event: 156.772 Thread 0x000001b8335746b0 Implicit null exception at 0x000001b81005b47c to 0x000001b81005b534
Event: 160.897 Thread 0x000001b8335746b0 Exception <a 'java/lang/NoSuchMethodError'{0x00000000eb1ff9c8}: 'long java.lang.invoke.DirectMethodHandle$Holder.invokeStatic(java.lang.Object, long)'> (0x00000000eb1ff9c8) 
thrown [s\open\src\hotspot\share\interpreter\linkResolver.cpp, line 773]
Event: 162.040 Thread 0x000001b8335746b0 Exception <a 'java/lang/NoSuchMethodError'{0x00000000ea70a1c0}: 'java.lang.Object java.lang.invoke.DirectMethodHandle$Holder.invokeVirtual(java.lang.Object, java.lang.Object, java.lang.Object, java.lang.Object, java.lang.Object, java.lang.Object, java.lang.Object, java.lang.Object, java.lang.Object, java.lang.Object, java.lang.Object, java.lang.Object, java.lang.Object, java.lang.Object, java.lang.Object, java.lang.Object, java.lang.Object)'> (0x00000000ea70a1c0) 
thrown [s\open\src\hotspot\share\interpret
Event: 162.086 Thread 0x000001b8335746b0 Exception <a 'java/lang/NoSuchMethodError'{0x00000000ea710178}: 'java.lang.Object java.lang.invoke.DirectMethodHandle$Holder.invokeSpecial(java.lang.Object, java.lang.Object, java.lang.Object, java.lang.Object, java.lang.Object, java.lang.Object, java.lang.Object, java.lang.Object, java.lang.Object, java.lang.Object, java.lang.Object, java.lang.Object, java.lang.Object, java.lang.Object, java.lang.Object, java.lang.Object, java.lang.Object, java.lang.Object)'> (0x00000000ea710178) 
thrown [s\open\src\hotsp
Event: 162.087 Thread 0x000001b8335746b0 Exception <a 'java/lang/NoSuchMethodError'{0x00000000ea7156c0}: 'java.lang.Object java.lang.invoke.DelegatingMethodHandle$Holder.reinvoke_L(java.lang.Object, java.lang.Object, java.lang.Object, java.lang.Object, java.lang.Object, java.lang.Object, java.lang.Object, java.lang.Object, java.lang.Object, java.lang.Object, java.lang.Object, java.lang.Object, java.lang.Object, java.lang.Object, java.lang.Object, java.lang.Object, java.lang.Object)'> (0x00000000ea7156c0) 
thrown [s\open\src\hotspot\share\interpre
Event: 162.360 Thread 0x000001b8335746b0 Exception <a 'java/lang/NoSuchMethodError'{0x00000000ea52ea10}: 'void java.lang.invoke.DirectMethodHandle$Holder.invokeStatic(java.lang.Object, java.lang.Object, java.lang.Object, java.lang.Object, java.lang.Object, java.lang.Object)'> (0x00000000ea52ea10) 
thrown [s\open\src\hotspot\share\interpreter\linkResolver.cpp, line 773]
Event: 162.494 Thread 0x000001b8335746b0 Exception <a 'java/lang/NoSuchMethodError'{0x00000000ea5c0908}: 'java.lang.Object java.lang.invoke.Invokers$Holder.invoker(java.lang.Object, java.lang.Object, java.lang.Object, java.lang.Object, java.lang.Object, java.lang.Object, java.lang.Object, java.lang.Object, java.lang.Object, java.lang.Object, java.lang.Object, java.lang.Object, java.lang.Object, java.lang.Object, java.lang.Object, java.lang.Object, java.lang.Object, java.lang.Object, java.lang.Object, java.lang.Object, java.lang.Object, java.lang.
Event: 162.495 Thread 0x000001b8335746b0 Exception <a 'java/lang/NoSuchMethodError'{0x00000000ea5c7168}: 'java.lang.Object java.lang.invoke.DelegatingMethodHandle$Holder.delegate(java.lang.Object, java.lang.Object, java.lang.Object, java.lang.Object, java.lang.Object, java.lang.Object, java.lang.Object, java.lang.Object, java.lang.Object, java.lang.Object, java.lang.Object, java.lang.Object, java.lang.Object, java.lang.Object, java.lang.Object, java.lang.Object, java.lang.Object, java.lang.Object, java.lang.Object, java.lang.Object, java.lang.Obj
Event: 165.820 Thread 0x000001b8335746b0 Exception <a 'java/lang/NoSuchMethodError'{0x00000000e9f3b280}: 'java.lang.Object java.lang.invoke.DirectMethodHandle$Holder.newInvokeSpecial(java.lang.Object, java.lang.Object, java.lang.Object, java.lang.Object, java.lang.Object, java.lang.Object, java.lang.Object, java.lang.Object, java.lang.Object, java.lang.Object, java.lang.Object, java.lang.Object, java.lang.Object)'> (0x00000000e9f3b280) 
thrown [s\open\src\hotspot\share\interpreter\linkResolver.cpp, line 773]
Event: 165.964 Thread 0x000001b8335746b0 Exception <a 'java/lang/NoSuchMethodError'{0x00000000e9fc0410}: 'java.lang.Object java.lang.invoke.DirectMethodHandle$Holder.newInvokeSpecial(java.lang.Object, java.lang.Object, java.lang.Object, java.lang.Object, int)'> (0x00000000e9fc0410) 
thrown [s\open\src\hotspot\share\interpreter\linkResolver.cpp, line 773]
Event: 165.966 Thread 0x000001b8335746b0 Exception <a 'java/lang/NoSuchMethodError'{0x00000000e9fc51b8}: 'java.lang.Object java.lang.invoke.DirectMethodHandle$Holder.invokeSpecial(java.lang.Object, java.lang.Object, java.lang.Object, java.lang.Object, java.lang.Object, int)'> (0x00000000e9fc51b8) 
thrown [s\open\src\hotspot\share\interpreter\linkResolver.cpp, line 773]
Event: 165.967 Thread 0x000001b8335746b0 Exception <a 'java/lang/NoSuchMethodError'{0x00000000e9fc9928}: 'java.lang.Object java.lang.invoke.Invokers$Holder.linkToTargetMethod(java.lang.Object, java.lang.Object, java.lang.Object, int, java.lang.Object)'> (0x00000000e9fc9928) 
thrown [s\open\src\hotspot\share\interpreter\linkResolver.cpp, line 773]
Event: 166.223 Thread 0x000001b8335746b0 Exception <a 'java/lang/NoSuchMethodError'{0x00000000e9d701b0}: 'int java.lang.invoke.DirectMethodHandle$Holder.invokeInterface(java.lang.Object, java.lang.Object, java.lang.Object, java.lang.Object)'> (0x00000000e9d701b0) 
thrown [s\open\src\hotspot\share\interpreter\linkResolver.cpp, line 773]
Event: 166.444 Thread 0x000001b8335746b0 Exception <a 'java/lang/NoSuchMethodError'{0x00000000e926b570}: 'java.lang.Object java.lang.invoke.DirectMethodHandle$Holder.newInvokeSpecial(java.lang.Object, java.lang.Object, java.lang.Object, java.lang.Object, java.lang.Object, java.lang.Object, java.lang.Object, java.lang.Object, java.lang.Object, java.lang.Object, java.lang.Object, java.lang.Object, java.lang.Object, java.lang.Object, java.lang.Object, java.lang.Object, java.lang.Object, java.lang.Object, java.lang.Object, java.lang.Object, java.lang
Event: 166.445 Thread 0x000001b8335746b0 Exception <a 'java/lang/NoSuchMethodError'{0x00000000e9272fc8}: 'java.lang.Object java.lang.invoke.DirectMethodHandle$Holder.invokeSpecial(java.lang.Object, java.lang.Object, java.lang.Object, java.lang.Object, java.lang.Object, java.lang.Object, java.lang.Object, java.lang.Object, java.lang.Object, java.lang.Object, java.lang.Object, java.lang.Object, java.lang.Object, java.lang.Object, java.lang.Object, java.lang.Object, java.lang.Object, java.lang.Object, java.lang.Object, java.lang.Object, java.lang.Ob
Event: 166.446 Thread 0x000001b8335746b0 Exception <a 'java/lang/NoSuchMethodError'{0x00000000e92792d0}: 'java.lang.Object java.lang.invoke.DelegatingMethodHandle$Holder.reinvoke_L(java.lang.Object, java.lang.Object, java.lang.Object, java.lang.Object, java.lang.Object, java.lang.Object, java.lang.Object, java.lang.Object, java.lang.Object, java.lang.Object, java.lang.Object, java.lang.Object, java.lang.Object, java.lang.Object, java.lang.Object, java.lang.Object, java.lang.Object, java.lang.Object, java.lang.Object, java.lang.Object, java.lang.O
Event: 168.187 Thread 0x000001b8335746b0 Exception <a 'java/lang/NoSuchMethodError'{0x00000000e879f950}: 'java.lang.Object java.lang.invoke.DirectMethodHandle$Holder.newInvokeSpecial(java.lang.Object, int, java.lang.Object)'> (0x00000000e879f950) 
thrown [s\open\src\hotspot\share\interpreter\linkResolver.cpp, line 773]
Event: 170.891 Thread 0x000001b8335746b0 Exception <a 'java/lang/NoSuchMethodError'{0x00000000e7fa9d08}: 'int java.lang.invoke.DirectMethodHandle$Holder.invokeSpecialIFC(java.lang.Object, java.lang.Object, java.lang.Object)'> (0x00000000e7fa9d08) 
thrown [s\open\src\hotspot\share\interpreter\linkResolver.cpp, line 773]

ZGC Phase Switch (0 events):
No events

VM Operations (20 events):
Event: 162.959 Executing VM operation: Cleanup
Event: 162.959 Executing VM operation: Cleanup done
Event: 163.972 Executing VM operation: Cleanup
Event: 163.972 Executing VM operation: Cleanup done
Event: 164.988 Executing VM operation: Cleanup
Event: 165.021 Executing VM operation: Cleanup done
Event: 166.033 Executing VM operation: Cleanup
Event: 166.050 Executing VM operation: Cleanup done
Event: 166.175 Executing VM operation: HandshakeAllThreads (Deoptimize)
Event: 166.175 Executing VM operation: HandshakeAllThreads (Deoptimize) done
Event: 166.209 Executing VM operation: HandshakeAllThreads (Deoptimize)
Event: 166.209 Executing VM operation: HandshakeAllThreads (Deoptimize) done
Event: 167.220 Executing VM operation: Cleanup
Event: 167.397 Executing VM operation: Cleanup done
Event: 168.404 Executing VM operation: Cleanup
Event: 168.405 Executing VM operation: Cleanup done
Event: 170.994 Executing VM operation: HandshakeAllThreads (Deoptimize)
Event: 170.994 Executing VM operation: HandshakeAllThreads (Deoptimize) done
Event: 170.994 Executing VM operation: Cleanup
Event: 170.994 Executing VM operation: Cleanup done

Events (20 events):
Event: 125.245 Thread 0x000001b87f6db650 flushing nmethod 0x000001b80feccd10
Event: 125.245 Thread 0x000001b87f6db650 flushing nmethod 0x000001b80fecc210
Event: 125.245 Thread 0x000001b87f6db650 flushing nmethod 0x000001b80feca310
Event: 125.245 Thread 0x000001b87f6db650 flushing nmethod 0x000001b80fec8d90
Event: 125.245 Thread 0x000001b87f6db650 flushing nmethod 0x000001b80fe89c90
Event: 125.245 Thread 0x000001b87f6db650 flushing nmethod 0x000001b80fe85990
Event: 125.245 Thread 0x000001b87f6db650 flushing nmethod 0x000001b80fe83710
Event: 125.245 Thread 0x000001b87f6db650 flushing nmethod 0x000001b80febd090
Event: 125.245 Thread 0x000001b87f6db650 flushing nmethod 0x000001b80fe93790
Event: 125.245 Thread 0x000001b87f6db650 flushing nmethod 0x000001b80fe7fd90
Event: 125.245 Thread 0x000001b87f6db650 flushing nmethod 0x000001b80fea1410
Event: 125.245 Thread 0x000001b87f6db650 flushing nmethod 0x000001b80feb1d10
Event: 125.245 Thread 0x000001b87f6db650 flushing nmethod 0x000001b80feaa510
Event: 125.245 Thread 0x000001b87f6db650 flushing nmethod 0x000001b80fe9aa90
Event: 125.245 Thread 0x000001b87f6db650 flushing nmethod 0x000001b80fe81c90
Event: 125.245 Thread 0x000001b87f6db650 flushing nmethod 0x000001b80fe81790
Event: 125.245 Thread 0x000001b87f6db650 flushing nmethod 0x000001b80fe69610
Event: 148.302 Thread 0x000001b833a025c0 Thread added: 0x000001b833a025c0
Event: 149.740 Thread 0x000001b833a09550 Thread added: 0x000001b833a09550
Event: 162.471 Thread 0x000001b8353aba30 Thread added: 0x000001b8353aba30


Dynamic libraries:
0x00007ff63dd00000 - 0x00007ff63dd10000 	C:\Program Files\Java\jdk-21\bin\java.exe
0x00007ffd18cd0000 - 0x00007ffd18ee7000 	C:\Windows\SYSTEM32\ntdll.dll
0x00007ffd17ae0000 - 0x00007ffd17ba4000 	C:\Windows\System32\KERNEL32.DLL
0x00007ffd16530000 - 0x00007ffd168d7000 	C:\Windows\System32\KERNELBASE.dll
0x00007ffd168e0000 - 0x00007ffd169f1000 	C:\Windows\System32\ucrtbase.dll
0x00007ffce9920000 - 0x00007ffce9939000 	C:\Program Files\Java\jdk-21\bin\jli.dll
0x00007ffd17d90000 - 0x00007ffd17e42000 	C:\Windows\System32\ADVAPI32.dll
0x00007ffd17bb0000 - 0x00007ffd17c57000 	C:\Windows\System32\msvcrt.dll
0x00007ffd18ac0000 - 0x00007ffd18b68000 	C:\Windows\System32\sechost.dll
0x00007ffd16120000 - 0x00007ffd16148000 	C:\Windows\System32\bcrypt.dll
0x00007ffd17c70000 - 0x00007ffd17d85000 	C:\Windows\System32\RPCRT4.dll
0x00007ffd17eb0000 - 0x00007ffd1805e000 	C:\Windows\System32\USER32.dll
0x00007ffd16460000 - 0x00007ffd16486000 	C:\Windows\System32\win32u.dll
0x00007ffd18a90000 - 0x00007ffd18ab9000 	C:\Windows\System32\GDI32.dll
0x00007ffd162c0000 - 0x00007ffd163d9000 	C:\Windows\System32\gdi32full.dll
0x00007ffd16490000 - 0x00007ffd1652a000 	C:\Windows\System32\msvcp_win.dll
0x00007ffcb4960000 - 0x00007ffcb497b000 	C:\Program Files\Java\jdk-21\bin\VCRUNTIME140.dll
0x00007ffd09730000 - 0x00007ffd0973a000 	C:\Windows\SYSTEM32\VERSION.dll
0x00007ffcfec50000 - 0x00007ffcfeee3000 	C:\Windows\WinSxS\amd64_microsoft.windows.common-controls_6595b64144ccf1df_6.0.22621.3527_none_270e469b73872a76\COMCTL32.dll
0x00007ffd17350000 - 0x00007ffd17381000 	C:\Windows\System32\IMM32.DLL
0x00007ffd0b680000 - 0x00007ffd0b68c000 	C:\Program Files\Java\jdk-21\bin\vcruntime140_1.dll
0x00007ffc7d7c0000 - 0x00007ffc7d84e000 	C:\Program Files\Java\jdk-21\bin\msvcp140.dll
0x00007ffc7caa0000 - 0x00007ffc7d7b5000 	C:\Program Files\Java\jdk-21\bin\server\jvm.dll
0x00007ffd16df0000 - 0x00007ffd16e61000 	C:\Windows\System32\WS2_32.dll
0x00007ffd150a0000 - 0x00007ffd150ed000 	C:\Windows\SYSTEM32\POWRPROF.dll
0x00007ffd0a8a0000 - 0x00007ffd0a8d4000 	C:\Windows\SYSTEM32\WINMM.dll
0x00007ffd15060000 - 0x00007ffd15073000 	C:\Windows\SYSTEM32\UMPDC.dll
0x00007ffd15080000 - 0x00007ffd15098000 	C:\Windows\SYSTEM32\kernel.appcore.dll
0x00007ffce9910000 - 0x00007ffce991a000 	C:\Program Files\Java\jdk-21\bin\jimage.dll
0x00007ffd138b0000 - 0x00007ffd13ae2000 	C:\Windows\SYSTEM32\DBGHELP.DLL
0x00007ffd17580000 - 0x00007ffd17908000 	C:\Windows\System32\combase.dll
0x00007ffd17920000 - 0x00007ffd179f7000 	C:\Windows\System32\OLEAUT32.dll
0x00007ffcf55f0000 - 0x00007ffcf5622000 	C:\Windows\SYSTEM32\dbgcore.DLL
0x00007ffd163e0000 - 0x00007ffd16459000 	C:\Windows\System32\bcryptPrimitives.dll
0x00007ffd125a0000 - 0x00007ffd125af000 	C:\Program Files\Java\jdk-21\bin\instrument.dll
0x00007ffce99a0000 - 0x00007ffce99bf000 	C:\Program Files\Java\jdk-21\bin\java.dll
0x00007ffd18130000 - 0x00007ffd1898c000 	C:\Windows\System32\SHELL32.dll
0x00007ffd13ee0000 - 0x00007ffd147d6000 	C:\Windows\SYSTEM32\windows.storage.dll
0x00007ffd13da0000 - 0x00007ffd13ede000 	C:\Windows\SYSTEM32\wintypes.dll
0x00007ffd18b90000 - 0x00007ffd18c85000 	C:\Windows\System32\SHCORE.dll
0x00007ffd172f0000 - 0x00007ffd1734e000 	C:\Windows\System32\shlwapi.dll
0x00007ffd15f20000 - 0x00007ffd15f41000 	C:\Windows\SYSTEM32\profapi.dll
0x00007ffc7c9c0000 - 0x00007ffc7ca97000 	C:\Program Files\Java\jdk-21\bin\jsvml.dll
0x00007ffce9980000 - 0x00007ffce9998000 	C:\Program Files\Java\jdk-21\bin\zip.dll
0x00007ffce9940000 - 0x00007ffce9950000 	C:\Program Files\Java\jdk-21\bin\net.dll
0x00007ffd0fc20000 - 0x00007ffd0fd56000 	C:\Windows\SYSTEM32\WINHTTP.dll
0x00007ffd15570000 - 0x00007ffd155d9000 	C:\Windows\system32\mswsock.dll
0x00007ffcb4900000 - 0x00007ffcb4916000 	C:\Program Files\Java\jdk-21\bin\nio.dll
0x00007ffce9950000 - 0x00007ffce9960000 	C:\Program Files\Java\jdk-21\bin\verify.dll
0x00007ffd125b0000 - 0x00007ffd125d7000 	C:\Users\ASUS\.gradle\native\c067742578af261105cb4f569cf0c3c89f3d7b1fecec35dd04571415982c5e48\windows-amd64\native-platform.dll
0x00007ffcd6d90000 - 0x00007ffcd6ed4000 	C:\Users\ASUS\.gradle\native\38dada09dfb8b06ba9b0570ebf7e218e3eb74d4ef43ca46872605cf95ebc2f47\windows-amd64\native-platform-file-events.dll
0x00007ffc84190000 - 0x00007ffc8419a000 	C:\Program Files\Java\jdk-21\bin\management.dll
0x00007ffc7f240000 - 0x00007ffc7f24b000 	C:\Program Files\Java\jdk-21\bin\management_ext.dll
0x00007ffd17910000 - 0x00007ffd17918000 	C:\Windows\System32\PSAPI.DLL
0x00007ffd157d0000 - 0x00007ffd157eb000 	C:\Windows\SYSTEM32\CRYPTSP.dll
0x00007ffd14fb0000 - 0x00007ffd14fe5000 	C:\Windows\system32\rsaenh.dll
0x00007ffd15670000 - 0x00007ffd15698000 	C:\Windows\SYSTEM32\USERENV.dll
0x00007ffd157f0000 - 0x00007ffd157fc000 	C:\Windows\SYSTEM32\CRYPTBASE.dll
0x00007ffd14a80000 - 0x00007ffd14aad000 	C:\Windows\SYSTEM32\IPHLPAPI.DLL
0x00007ffd17e50000 - 0x00007ffd17e59000 	C:\Windows\System32\NSI.dll
0x00007ffd0b690000 - 0x00007ffd0b697000 	C:\Program Files\Java\jdk-21\bin\extnet.dll
0x00007ffd0b6b0000 - 0x00007ffd0b6be000 	C:\Program Files\Java\jdk-21\bin\sunmscapi.dll
0x00007ffd16150000 - 0x00007ffd162b8000 	C:\Windows\System32\CRYPT32.dll
0x00007ffd15990000 - 0x00007ffd159be000 	C:\Windows\SYSTEM32\ncrypt.dll
0x00007ffd15950000 - 0x00007ffd15987000 	C:\Windows\SYSTEM32\NTASN1.dll
0x00007ffcd7750000 - 0x00007ffcd7758000 	C:\Windows\system32\wshunix.dll

dbghelp: loaded successfully - version: 4.0.5 - missing functions: none
symbol engine: initialized successfully - sym options: 0x614 - pdb path: .;C:\Program Files\Java\jdk-21\bin;C:\Windows\SYSTEM32;C:\Windows\WinSxS\amd64_microsoft.windows.common-controls_6595b64144ccf1df_6.0.22621.3527_none_270e469b73872a76;C:\Program Files\Java\jdk-21\bin\server;C:\Users\ASUS\.gradle\native\c067742578af261105cb4f569cf0c3c89f3d7b1fecec35dd04571415982c5e48\windows-amd64;C:\Users\ASUS\.gradle\native\38dada09dfb8b06ba9b0570ebf7e218e3eb74d4ef43ca46872605cf95ebc2f47\windows-amd64

VM Arguments:
jvm_args: --add-opens=java.base/java.util=ALL-UNNAMED --add-opens=java.base/java.lang=ALL-UNNAMED --add-opens=java.base/java.lang.invoke=ALL-UNNAMED --add-opens=java.prefs/java.util.prefs=ALL-UNNAMED --add-opens=java.base/java.nio.charset=ALL-UNNAMED --add-opens=java.base/java.net=ALL-UNNAMED --add-opens=java.base/java.util.concurrent.atomic=ALL-UNNAMED -XX:MaxMetaspaceSize=384m -XX:+HeapDumpOnOutOfMemoryError -Xms256m -Xmx512m -Dfile.encoding=windows-1252 -Duser.country=US -Duser.language=en -Duser.variant -javaagent:C:\Users\ASUS\.gradle\wrapper\dists\gradle-8.7-bin\bhs2wmbdwecv87pi65oeuq5iu\gradle-8.7\lib\agents\gradle-instrumentation-agent-8.7.jar 
java_command: org.gradle.launcher.daemon.bootstrap.GradleDaemon 8.7
java_class_path (initial): C:\Users\ASUS\.gradle\wrapper\dists\gradle-8.7-bin\bhs2wmbdwecv87pi65oeuq5iu\gradle-8.7\lib\gradle-launcher-8.7.jar
Launcher Type: SUN_STANDARD

[Global flags]
     intx CICompilerCount                          = 4                                         {product} {ergonomic}
   size_t CompressedClassSpaceSize                 = 335544320                                 {product} {ergonomic}
     uint ConcGCThreads                            = 2                                         {product} {ergonomic}
     uint G1ConcRefinementThreads                  = 8                                         {product} {ergonomic}
   size_t G1HeapRegionSize                         = 1048576                                   {product} {ergonomic}
    uintx GCDrainStackTargetSize                   = 64                                        {product} {ergonomic}
     bool HeapDumpOnOutOfMemoryError               = true                                   {manageable} {command line}
   size_t InitialHeapSize                          = 268435456                                 {product} {command line}
   size_t MarkStackSize                            = 4194304                                   {product} {ergonomic}
   size_t MaxHeapSize                              = 536870912                                 {product} {command line}
   size_t MaxMetaspaceSize                         = 402653184                                 {product} {command line}
   size_t MaxNewSize                               = 321912832                                 {product} {ergonomic}
   size_t MinHeapDeltaBytes                        = 1048576                                   {product} {ergonomic}
   size_t MinHeapSize                              = 268435456                                 {product} {command line}
    uintx NonNMethodCodeHeapSize                   = 5839372                                {pd product} {ergonomic}
    uintx NonProfiledCodeHeapSize                  = 122909434                              {pd product} {ergonomic}
    uintx ProfiledCodeHeapSize                     = 122909434                              {pd product} {ergonomic}
    uintx ReservedCodeCacheSize                    = 251658240                              {pd product} {ergonomic}
     bool SegmentedCodeCache                       = true                                      {product} {ergonomic}
   size_t SoftMaxHeapSize                          = 536870912                              {manageable} {ergonomic}
     bool UseCompressedOops                        = true                           {product lp64_product} {ergonomic}
     bool UseG1GC                                  = true                                      {product} {ergonomic}
     bool UseLargePagesIndividualAllocation        = false                                  {pd product} {ergonomic}

Logging:
Log output configuration:
 #0: stdout all=warning uptime,level,tags foldmultilines=false
 #1: stderr all=off uptime,level,tags foldmultilines=false

Environment Variables:
PATH=C:\Program Files\Common Files\Oracle\Java\javapath;C:\Windows\system32;C:\Windows;C:\Windows\System32\Wbem;C:\Windows\System32\WindowsPowerShell\v1.0\;C:\Windows\System32\OpenSSH\;C:\Program Files\Git\cmd;C:\Program Files\nodejs\;C:\Program Files\PuTTY\;C:\Program Files\Docker\Docker\resources\bin;C:\Program Files\CMake\bin;C:\Program Files\Kubernetes\Minikube;C:\Users\ASUS\.cargo\bin;C:\Users\ASUS\flutter_windows_3.16.5-stable\flutter\bin;C:\Users\ASUS\AppData\Local\Programs\Python\Python312\Scripts\;C:\Users\ASUS\AppData\Local\Programs\Python\Python312\;C:\Users\ASUS\AppData\Local\Programs\Python\Launcher\;C:\Users\ASUS\AppData\Local\Microsoft\WindowsApps;C:\Users\ASUS\AppData\Local\Programs\Microsoft VS Code\bin;C:\Users\ASUS\AppData\Roaming\npm;C:\Users\ASUS\AppData\Local\Programs\mongosh\;C:\Program Files\MongoDB\Server\7.0\bin;C:\Program Files\nodejs;C:\Program Files\JetBrains\IntelliJ IDEA 2023.3.3\bin;;C:\Program Files\PostgreSQL\16\bin;C:\Users\ASUS\Downloads\apache-jmeter-5.6.3\apache-jmeter-5.6.3\bin;C:\Users\ASUS\AppData\Local\Google\Cloud SDK\google-cloud-sdk\bin;C:\Users\ASUS\AppData\Local\GitHubDesktop\bin;C:\Program Files\Kubernetes\Minikube\minikube.exe;C:\Users\ASUS\Downloads\kubectl.exe;
USERNAME=ASUS
OS=Windows_NT
PROCESSOR_IDENTIFIER=Intel64 Family 6 Model 140 Stepping 1, GenuineIntel
TMP=C:\Users\ASUS\AppData\Local\Temp
TEMP=C:\Users\ASUS\AppData\Local\Temp




Periodic native trim disabled

---------------  S Y S T E M  ---------------

OS:
 Windows 11 , 64 bit Build 22621 (10.0.22621.3527)
OS uptime: 0 days 6:02 hours
Hyper-V role detected

CPU: total 8 (initial active 8) (4 cores per cpu, 2 threads per core) family 6 model 140 stepping 1 microcode 0x9a, cx8, cmov, fxsr, ht, mmx, 3dnowpref, sse, sse2, sse3, ssse3, sse4.1, sse4.2, popcnt, lzcnt, tsc, tscinvbit, avx, avx2, aes, erms, clmul, bmi1, bmi2, adx, avx512f, avx512dq, avx512cd, avx512bw, avx512vl, sha, fma, vzeroupper, avx512_vpopcntdq, avx512_vpclmulqdq, avx512_vaes, avx512_vnni, clflush, clflushopt, clwb, avx512_vbmi2, avx512_vbmi, hv, rdtscp, rdpid, fsrm, gfni, avx512_bitalg, f16c, cet_ibt, cet_ss, avx512_ifma
Processor Information for all 8 processors :
  Max Mhz: 2419, Current Mhz: 2419, Mhz Limit: 2419

Memory: 4k page, system-wide physical 7888M (46M free)
TotalPageFile size 32464M (AvailPageFile size 3M)
current process WorkingSet (physical memory assigned to process): 151M, peak: 187M
current process commit charge ("private bytes"): 466M, peak: 468M

vm_info: Java HotSpot(TM) 64-Bit Server VM (21.0.1+12-LTS-29) for windows-amd64 JRE (21.0.1+12-LTS-29), built on 2023-10-05T13:27:09Z by "mach5one" with MS VC++ 17.1 (VS2022)

END.
