#
# There is insufficient memory for the Java Runtime Environment to continue.
# Native memory allocation (malloc) failed to allocate 1157136 bytes for Chunk::new
# Possible reasons:
#   The system is out of physical RAM or swap space
#   The process is running with CompressedOops enabled, and the Java Heap may be blocking the growth of the native heap
# Possible solutions:
#   Reduce memory load on the system
#   Increase physical memory or swap space
#   Check if swap backing store is full
#   Decrease Java heap size (-Xmx/-Xms)
#   Decrease number of Java threads
#   Decrease Java thread stack sizes (-Xss)
#   Set larger code cache with -XX:ReservedCodeCacheSize=
#   JVM is running with Unscaled Compressed Oops mode in which the Java heap is
#     placed in the first 4GB address space. The Java Heap base address is the
#     maximum limit for the native heap growth. Please use -XX:HeapBaseMinAddress
#     to set the Java Heap base and to place the Java Heap above 4GB virtual address.
# This output file may be truncated or incomplete.
#
#  Out of Memory Error (arena.cpp:168), pid=21012, tid=26428
#
# JRE version: Java(TM) SE Runtime Environment (21.0.1+12) (build 21.0.1+12-LTS-29)
# Java VM: Java HotSpot(TM) 64-Bit Server VM (21.0.1+12-LTS-29, mixed mode, sharing, tiered, compressed oops, compressed class ptrs, g1 gc, windows-amd64)
# No core dump will be written. Minidumps are not enabled by default on client versions of Windows
#

---------------  S U M M A R Y ------------

Command Line: --add-opens=java.base/java.util=ALL-UNNAMED --add-opens=java.base/java.lang=ALL-UNNAMED --add-opens=java.base/java.lang.invoke=ALL-UNNAMED --add-opens=java.prefs/java.util.prefs=ALL-UNNAMED --add-opens=java.base/java.nio.charset=ALL-UNNAMED --add-opens=java.base/java.net=ALL-UNNAMED --add-opens=java.base/java.util.concurrent.atomic=ALL-UNNAMED -XX:MaxMetaspaceSize=384m -XX:+HeapDumpOnOutOfMemoryError -Xms256m -Xmx512m -Dfile.encoding=windows-1252 -Duser.country=US -Duser.language=en -Duser.variant -javaagent:C:\Users\ASUS\.gradle\wrapper\dists\gradle-8.7-bin\bhs2wmbdwecv87pi65oeuq5iu\gradle-8.7\lib\agents\gradle-instrumentation-agent-8.7.jar org.gradle.launcher.daemon.bootstrap.GradleDaemon 8.7

Host: 11th Gen Intel(R) Core(TM) i5-1135G7 @ 2.40GHz, 8 cores, 7G,  Windows 11 , 64 bit Build 22621 (10.0.22621.3527)
Time: Sun May 26 19:25:09 2024 SE Asia Standard Time elapsed time: 129.296267 seconds (0d 0h 2m 9s)

---------------  T H R E A D  ---------------

Current thread (0x000001df44265ee0):  JavaThread "C2 CompilerThread0" daemon [_thread_in_native, id=26428, stack(0x0000004848c00000,0x0000004848d00000) (1024K)]


Current CompileTask:
C2: 129296 3930       4       javax.management.ObjectName::construct (1135 bytes)

Stack: [0x0000004848c00000,0x0000004848d00000]
Native frames: (J=compiled Java code, j=interpreted, Vv=VM code, C=native code)
V  [jvm.dll+0x6c9029]
V  [jvm.dll+0x854b81]
V  [jvm.dll+0x856e5e]
V  [jvm.dll+0x857543]
V  [jvm.dll+0x280c06]
V  [jvm.dll+0xc3ead]
V  [jvm.dll+0xc43c3]
V  [jvm.dll+0x3b5732]
V  [jvm.dll+0x382475]
V  [jvm.dll+0x3818ea]
V  [jvm.dll+0x249ad0]
V  [jvm.dll+0x2490b1]
V  [jvm.dll+0x1c9ca1]
V  [jvm.dll+0x2586b9]
V  [jvm.dll+0x256c9a]
V  [jvm.dll+0x3ef1b6]
V  [jvm.dll+0x7fd728]
V  [jvm.dll+0x6c777d]
C  [ucrtbase.dll+0x29333]
C  [KERNEL32.DLL+0x1257d]
C  [ntdll.dll+0x5aa48]


---------------  P R O C E S S  ---------------

Threads class SMR info:
_java_thread_list=0x000001df5e22cf60, length=32, elements={
0x000001df27400680, 0x000001df4425be60, 0x000001df4425ce20, 0x000001df44262040,
0x000001df44262b90, 0x000001df442636e0, 0x000001df44265150, 0x000001df44265ee0,
0x000001df442672a0, 0x000001df44455be0, 0x000001df445d67c0, 0x000001df44773d00,
0x000001df4448b100, 0x000001df44eaa740, 0x000001df5e211870, 0x000001df5e2188f0,
0x000001df5ebc5240, 0x000001df5ebc5f60, 0x000001df5ebc58d0, 0x000001df5ebc6c80,
0x000001df5ebc4520, 0x000001df5ebc65f0, 0x000001df5ebc7310, 0x000001df5ebc3e90,
0x000001df5ebc4bb0, 0x000001df5fc20270, 0x000001df5fc236f0, 0x000001df5fc264e0,
0x000001df5fc257c0, 0x000001df5fc23d80, 0x000001df5fc20f90, 0x000001df5fc21620
}

Java Threads: ( => current thread )
  0x000001df27400680 JavaThread "main"                              [_thread_blocked, id=26004, stack(0x0000004847e00000,0x0000004847f00000) (1024K)]
  0x000001df4425be60 JavaThread "Reference Handler"          daemon [_thread_blocked, id=26404, stack(0x0000004848600000,0x0000004848700000) (1024K)]
  0x000001df4425ce20 JavaThread "Finalizer"                  daemon [_thread_blocked, id=26408, stack(0x0000004848700000,0x0000004848800000) (1024K)]
  0x000001df44262040 JavaThread "Signal Dispatcher"          daemon [_thread_blocked, id=26412, stack(0x0000004848800000,0x0000004848900000) (1024K)]
  0x000001df44262b90 JavaThread "Attach Listener"            daemon [_thread_blocked, id=26416, stack(0x0000004848900000,0x0000004848a00000) (1024K)]
  0x000001df442636e0 JavaThread "Service Thread"             daemon [_thread_blocked, id=26420, stack(0x0000004848a00000,0x0000004848b00000) (1024K)]
  0x000001df44265150 JavaThread "Monitor Deflation Thread"   daemon [_thread_blocked, id=26424, stack(0x0000004848b00000,0x0000004848c00000) (1024K)]
=>0x000001df44265ee0 JavaThread "C2 CompilerThread0"         daemon [_thread_in_native, id=26428, stack(0x0000004848c00000,0x0000004848d00000) (1024K)]
  0x000001df442672a0 JavaThread "C1 CompilerThread0"         daemon [_thread_blocked, id=26432, stack(0x0000004848d00000,0x0000004848e00000) (1024K)]
  0x000001df44455be0 JavaThread "Common-Cleaner"             daemon [_thread_blocked, id=26468, stack(0x0000004848e00000,0x0000004848f00000) (1024K)]
  0x000001df445d67c0 JavaThread "Notification Thread"        daemon [_thread_blocked, id=26500, stack(0x0000004848f00000,0x0000004849000000) (1024K)]
  0x000001df44773d00 JavaThread "Daemon health stats"               [_thread_blocked, id=23984, stack(0x0000004849500000,0x0000004849600000) (1024K)]
  0x000001df4448b100 JavaThread "Incoming local TCP Connector on port 61037"        [_thread_in_native, id=23424, stack(0x0000004849600000,0x0000004849700000) (1024K)]
  0x000001df44eaa740 JavaThread "Daemon periodic checks"            [_thread_blocked, id=16132, stack(0x0000004849700000,0x0000004849800000) (1024K)]
  0x000001df5e211870 JavaThread "Daemon"                            [_thread_blocked, id=3668, stack(0x0000004849800000,0x0000004849900000) (1024K)]
  0x000001df5e2188f0 JavaThread "Handler for socket connection from /127.0.0.1:61037 to /127.0.0.1:61042"        [_thread_in_native, id=6976, stack(0x0000004849900000,0x0000004849a00000) (1024K)]
  0x000001df5ebc5240 JavaThread "Cancel handler"                    [_thread_blocked, id=11024, stack(0x0000004849a00000,0x0000004849b00000) (1024K)]
  0x000001df5ebc5f60 JavaThread "Daemon worker"                     [_thread_blocked, id=19668, stack(0x0000004849b00000,0x0000004849c00000) (1024K)]
  0x000001df5ebc58d0 JavaThread "Asynchronous log dispatcher for DefaultDaemonConnection: socket connection from /127.0.0.1:61037 to /127.0.0.1:61042"        [_thread_blocked, id=20672, stack(0x0000004849c00000,0x0000004849d00000) (1024K)]
  0x000001df5ebc6c80 JavaThread "Stdin handler"                     [_thread_blocked, id=24860, stack(0x0000004849d00000,0x0000004849e00000) (1024K)]
  0x000001df5ebc4520 JavaThread "Daemon client event forwarder"        [_thread_blocked, id=11428, stack(0x0000004849e00000,0x0000004849f00000) (1024K)]
  0x000001df5ebc65f0 JavaThread "Cache worker for journal cache (C:\Users\ASUS\.gradle\caches\journal-1)"        [_thread_blocked, id=13192, stack(0x0000004849f00000,0x000000484a000000) (1024K)]
  0x000001df5ebc7310 JavaThread "File lock request listener"        [_thread_in_native, id=21784, stack(0x000000484a000000,0x000000484a100000) (1024K)]
  0x000001df5ebc3e90 JavaThread "File lock release action executor"        [_thread_blocked, id=22268, stack(0x000000484a100000,0x000000484a200000) (1024K)]
  0x000001df5ebc4bb0 JavaThread "Cache worker for file hash cache (C:\Users\ASUS\.gradle\caches\8.7\fileHashes)"        [_thread_blocked, id=22036, stack(0x000000484a200000,0x000000484a300000) (1024K)]
  0x000001df5fc20270 JavaThread "Cache worker for file hash cache (C:\Users\ASUS\Documents\Term 4\Adpro\hoomgroom-be-admin\.gradle\8.7\fileHashes)"        [_thread_blocked, id=22256, stack(0x000000484a500000,0x000000484a600000) (1024K)]
  0x000001df5fc236f0 JavaThread "File watcher server"        daemon [_thread_in_native, id=8332, stack(0x000000484a600000,0x000000484a700000) (1024K)]
  0x000001df5fc264e0 JavaThread "File watcher consumer"      daemon [_thread_blocked, id=22984, stack(0x000000484a700000,0x000000484a800000) (1024K)]
  0x000001df5fc257c0 JavaThread "Cache worker for checksums cache (C:\Users\ASUS\Documents\Term 4\Adpro\hoomgroom-be-admin\.gradle\8.7\checksums)"        [_thread_blocked, id=22076, stack(0x000000484a800000,0x000000484a900000) (1024K)]
  0x000001df5fc23d80 JavaThread "Cache worker for cache directory md-supplier (C:\Users\ASUS\.gradle\caches\8.7\md-supplier)"        [_thread_blocked, id=21764, stack(0x000000484a900000,0x000000484aa00000) (1024K)]
  0x000001df5fc20f90 JavaThread "Cache worker for cache directory md-rule (C:\Users\ASUS\.gradle\caches\8.7\md-rule)"        [_thread_blocked, id=9268, stack(0x000000484aa00000,0x000000484ab00000) (1024K)]
  0x000001df5fc21620 JavaThread "Cache worker for file content cache (C:\Users\ASUS\.gradle\caches\8.7\fileContent)"        [_thread_blocked, id=25412, stack(0x000000484ab00000,0x000000484ac00000) (1024K)]
Total: 32

Other Threads:
  0x000001df4423ada0 VMThread "VM Thread"                           [id=26384, stack(0x0000004848500000,0x0000004848600000) (1024K)]
  0x000001df44223810 WatcherThread "VM Periodic Task Thread"        [id=26380, stack(0x0000004848400000,0x0000004848500000) (1024K)]
  0x000001df296a6120 WorkerThread "GC Thread#0"                     [id=26296, stack(0x0000004847f00000,0x0000004848000000) (1024K)]
  0x000001df44ecf3f0 WorkerThread "GC Thread#1"                     [id=6676, stack(0x0000004849000000,0x0000004849100000) (1024K)]
  0x000001df4439cc40 WorkerThread "GC Thread#2"                     [id=5056, stack(0x0000004849100000,0x0000004849200000) (1024K)]
  0x000001df44f08c00 WorkerThread "GC Thread#3"                     [id=24708, stack(0x0000004849200000,0x0000004849300000) (1024K)]
  0x000001df44f08fa0 WorkerThread "GC Thread#4"                     [id=25800, stack(0x0000004849300000,0x0000004849400000) (1024K)]
  0x000001df4439cfe0 WorkerThread "GC Thread#5"                     [id=20880, stack(0x0000004849400000,0x0000004849500000) (1024K)]
  0x000001df5e1e1ab0 WorkerThread "GC Thread#6"                     [id=26124, stack(0x0000004847c00000,0x0000004847d00000) (1024K)]
  0x000001df5e1e1370 WorkerThread "GC Thread#7"                     [id=23656, stack(0x000000484a300000,0x000000484a400000) (1024K)]
  0x000001df296ab000 ConcurrentGCThread "G1 Main Marker"            [id=26300, stack(0x0000004848000000,0x0000004848100000) (1024K)]
  0x000001df296aba00 WorkerThread "G1 Conc#0"                       [id=26304, stack(0x0000004848100000,0x0000004848200000) (1024K)]
  0x000001df5e1e21f0 WorkerThread "G1 Conc#1"                       [id=25696, stack(0x000000484a400000,0x000000484a500000) (1024K)]
  0x000001df440f6580 ConcurrentGCThread "G1 Refine#0"               [id=26308, stack(0x0000004848200000,0x0000004848300000) (1024K)]
  0x000001df440f6f00 ConcurrentGCThread "G1 Service"                [id=26312, stack(0x0000004848300000,0x0000004848400000) (1024K)]
Total: 15

Threads with active compile tasks:
C2 CompilerThread0   129386 3930       4       javax.management.ObjectName::construct (1135 bytes)
Total: 1

VM state: not at safepoint (normal execution)

VM Mutex/Monitor currently owned by a thread: None

Heap address: 0x00000000e0000000, size: 512 MB, Compressed Oops mode: 32-bit

CDS archive(s) mapped at: [0x000001df45000000-0x000001df45c90000-0x000001df45c90000), size 13172736, SharedBaseAddress: 0x000001df45000000, ArchiveRelocationMode: 1.
Compressed class space mapped at: 0x000001df46000000-0x000001df5a000000, reserved size: 335544320
Narrow klass base: 0x000001df45000000, Narrow klass shift: 0, Narrow klass range: 0x100000000

GC Precious Log:
 CardTable entry size: 512
 Card Set container configuration: InlinePtr #cards 5 size 8 Array Of Cards #cards 12 size 40 Howl #buckets 4 coarsen threshold 1843 Howl Bitmap #cards 512 size 80 coarsen threshold 460 Card regions per heap region 1 cards per card region 2048
 CPUs: 8 total, 8 available
 Memory: 7888M
 Large Page Support: Disabled
 NUMA Support: Disabled
 Compressed Oops: Enabled (32-bit)
 Heap Region Size: 1M
 Heap Min Capacity: 256M
 Heap Initial Capacity: 256M
 Heap Max Capacity: 512M
 Pre-touch: Disabled
 Parallel Workers: 8
 Concurrent Workers: 2
 Concurrent Refinement Workers: 8
 Periodic GC: Disabled

Heap:
 garbage-first heap   total 262144K, used 89259K [0x00000000e0000000, 0x0000000100000000)
  region size 1024K, 78 young (79872K), 12 survivors (12288K)
 Metaspace       used 28988K, committed 30208K, reserved 393216K
  class space    used 4369K, committed 4992K, reserved 327680K

Heap Regions: E=young(eden), S=young(survivor), O=old, HS=humongous(starts), HC=humongous(continues), CS=collection set, F=free, TAMS=top-at-mark-start, PB=parsable bottom
|   0|0x00000000e0000000, 0x00000000e0100000, 0x00000000e0100000|100%|HS|  |TAMS 0x00000000e0000000| PB 0x00000000e0000000| Complete 
|   1|0x00000000e0100000, 0x00000000e0200000, 0x00000000e0200000|100%|HC|  |TAMS 0x00000000e0100000| PB 0x00000000e0100000| Complete 
|   2|0x00000000e0200000, 0x00000000e0300000, 0x00000000e0300000|100%|HC|  |TAMS 0x00000000e0200000| PB 0x00000000e0200000| Complete 
|   3|0x00000000e0300000, 0x00000000e0400000, 0x00000000e0400000|100%|HC|  |TAMS 0x00000000e0300000| PB 0x00000000e0300000| Complete 
|   4|0x00000000e0400000, 0x00000000e0500000, 0x00000000e0500000|100%| O|  |TAMS 0x00000000e0400000| PB 0x00000000e0400000| Untracked 
|   5|0x00000000e0500000, 0x00000000e0600000, 0x00000000e0600000|100%| O|  |TAMS 0x00000000e0500000| PB 0x00000000e0500000| Untracked 
|   6|0x00000000e0600000, 0x00000000e0700000, 0x00000000e0700000|100%| O|  |TAMS 0x00000000e0600000| PB 0x00000000e0600000| Untracked 
|   7|0x00000000e0700000, 0x00000000e0800000, 0x00000000e0800000|100%| O|  |TAMS 0x00000000e0700000| PB 0x00000000e0700000| Untracked 
|   8|0x00000000e0800000, 0x00000000e0900000, 0x00000000e0900000|100%| O|  |TAMS 0x00000000e0800000| PB 0x00000000e0800000| Untracked 
|   9|0x00000000e0900000, 0x00000000e0a00000, 0x00000000e0a00000|100%| O|  |TAMS 0x00000000e0900000| PB 0x00000000e0900000| Untracked 
|  10|0x00000000e0a00000, 0x00000000e0a30d20, 0x00000000e0b00000| 19%| O|  |TAMS 0x00000000e0a00000| PB 0x00000000e0a00000| Untracked 
|  11|0x00000000e0b00000, 0x00000000e0b00000, 0x00000000e0c00000|  0%| F|  |TAMS 0x00000000e0b00000| PB 0x00000000e0b00000| Untracked 
|  12|0x00000000e0c00000, 0x00000000e0c00000, 0x00000000e0d00000|  0%| F|  |TAMS 0x00000000e0c00000| PB 0x00000000e0c00000| Untracked 
|  13|0x00000000e0d00000, 0x00000000e0d00000, 0x00000000e0e00000|  0%| F|  |TAMS 0x00000000e0d00000| PB 0x00000000e0d00000| Untracked 
|  14|0x00000000e0e00000, 0x00000000e0e00000, 0x00000000e0f00000|  0%| F|  |TAMS 0x00000000e0e00000| PB 0x00000000e0e00000| Untracked 
|  15|0x00000000e0f00000, 0x00000000e0f00000, 0x00000000e1000000|  0%| F|  |TAMS 0x00000000e0f00000| PB 0x00000000e0f00000| Untracked 
|  16|0x00000000e1000000, 0x00000000e1000000, 0x00000000e1100000|  0%| F|  |TAMS 0x00000000e1000000| PB 0x00000000e1000000| Untracked 
|  17|0x00000000e1100000, 0x00000000e1100000, 0x00000000e1200000|  0%| F|  |TAMS 0x00000000e1100000| PB 0x00000000e1100000| Untracked 
|  18|0x00000000e1200000, 0x00000000e1200000, 0x00000000e1300000|  0%| F|  |TAMS 0x00000000e1200000| PB 0x00000000e1200000| Untracked 
|  19|0x00000000e1300000, 0x00000000e1300000, 0x00000000e1400000|  0%| F|  |TAMS 0x00000000e1300000| PB 0x00000000e1300000| Untracked 
|  20|0x00000000e1400000, 0x00000000e1400000, 0x00000000e1500000|  0%| F|  |TAMS 0x00000000e1400000| PB 0x00000000e1400000| Untracked 
|  21|0x00000000e1500000, 0x00000000e1500000, 0x00000000e1600000|  0%| F|  |TAMS 0x00000000e1500000| PB 0x00000000e1500000| Untracked 
|  22|0x00000000e1600000, 0x00000000e1600000, 0x00000000e1700000|  0%| F|  |TAMS 0x00000000e1600000| PB 0x00000000e1600000| Untracked 
|  23|0x00000000e1700000, 0x00000000e1700000, 0x00000000e1800000|  0%| F|  |TAMS 0x00000000e1700000| PB 0x00000000e1700000| Untracked 
|  24|0x00000000e1800000, 0x00000000e1800000, 0x00000000e1900000|  0%| F|  |TAMS 0x00000000e1800000| PB 0x00000000e1800000| Untracked 
|  25|0x00000000e1900000, 0x00000000e1900000, 0x00000000e1a00000|  0%| F|  |TAMS 0x00000000e1900000| PB 0x00000000e1900000| Untracked 
|  26|0x00000000e1a00000, 0x00000000e1a00000, 0x00000000e1b00000|  0%| F|  |TAMS 0x00000000e1a00000| PB 0x00000000e1a00000| Untracked 
|  27|0x00000000e1b00000, 0x00000000e1b00000, 0x00000000e1c00000|  0%| F|  |TAMS 0x00000000e1b00000| PB 0x00000000e1b00000| Untracked 
|  28|0x00000000e1c00000, 0x00000000e1c00000, 0x00000000e1d00000|  0%| F|  |TAMS 0x00000000e1c00000| PB 0x00000000e1c00000| Untracked 
|  29|0x00000000e1d00000, 0x00000000e1d00000, 0x00000000e1e00000|  0%| F|  |TAMS 0x00000000e1d00000| PB 0x00000000e1d00000| Untracked 
|  30|0x00000000e1e00000, 0x00000000e1e00000, 0x00000000e1f00000|  0%| F|  |TAMS 0x00000000e1e00000| PB 0x00000000e1e00000| Untracked 
|  31|0x00000000e1f00000, 0x00000000e1f00000, 0x00000000e2000000|  0%| F|  |TAMS 0x00000000e1f00000| PB 0x00000000e1f00000| Untracked 
|  32|0x00000000e2000000, 0x00000000e2000000, 0x00000000e2100000|  0%| F|  |TAMS 0x00000000e2000000| PB 0x00000000e2000000| Untracked 
|  33|0x00000000e2100000, 0x00000000e2100000, 0x00000000e2200000|  0%| F|  |TAMS 0x00000000e2100000| PB 0x00000000e2100000| Untracked 
|  34|0x00000000e2200000, 0x00000000e2200000, 0x00000000e2300000|  0%| F|  |TAMS 0x00000000e2200000| PB 0x00000000e2200000| Untracked 
|  35|0x00000000e2300000, 0x00000000e2300000, 0x00000000e2400000|  0%| F|  |TAMS 0x00000000e2300000| PB 0x00000000e2300000| Untracked 
|  36|0x00000000e2400000, 0x00000000e2400000, 0x00000000e2500000|  0%| F|  |TAMS 0x00000000e2400000| PB 0x00000000e2400000| Untracked 
|  37|0x00000000e2500000, 0x00000000e2500000, 0x00000000e2600000|  0%| F|  |TAMS 0x00000000e2500000| PB 0x00000000e2500000| Untracked 
|  38|0x00000000e2600000, 0x00000000e2600000, 0x00000000e2700000|  0%| F|  |TAMS 0x00000000e2600000| PB 0x00000000e2600000| Untracked 
|  39|0x00000000e2700000, 0x00000000e2700000, 0x00000000e2800000|  0%| F|  |TAMS 0x00000000e2700000| PB 0x00000000e2700000| Untracked 
|  40|0x00000000e2800000, 0x00000000e2800000, 0x00000000e2900000|  0%| F|  |TAMS 0x00000000e2800000| PB 0x00000000e2800000| Untracked 
|  41|0x00000000e2900000, 0x00000000e2900000, 0x00000000e2a00000|  0%| F|  |TAMS 0x00000000e2900000| PB 0x00000000e2900000| Untracked 
|  42|0x00000000e2a00000, 0x00000000e2a00000, 0x00000000e2b00000|  0%| F|  |TAMS 0x00000000e2a00000| PB 0x00000000e2a00000| Untracked 
|  43|0x00000000e2b00000, 0x00000000e2b00000, 0x00000000e2c00000|  0%| F|  |TAMS 0x00000000e2b00000| PB 0x00000000e2b00000| Untracked 
|  44|0x00000000e2c00000, 0x00000000e2c00000, 0x00000000e2d00000|  0%| F|  |TAMS 0x00000000e2c00000| PB 0x00000000e2c00000| Untracked 
|  45|0x00000000e2d00000, 0x00000000e2d00000, 0x00000000e2e00000|  0%| F|  |TAMS 0x00000000e2d00000| PB 0x00000000e2d00000| Untracked 
|  46|0x00000000e2e00000, 0x00000000e2e00000, 0x00000000e2f00000|  0%| F|  |TAMS 0x00000000e2e00000| PB 0x00000000e2e00000| Untracked 
|  47|0x00000000e2f00000, 0x00000000e2f00000, 0x00000000e3000000|  0%| F|  |TAMS 0x00000000e2f00000| PB 0x00000000e2f00000| Untracked 
|  48|0x00000000e3000000, 0x00000000e3000000, 0x00000000e3100000|  0%| F|  |TAMS 0x00000000e3000000| PB 0x00000000e3000000| Untracked 
|  49|0x00000000e3100000, 0x00000000e3100000, 0x00000000e3200000|  0%| F|  |TAMS 0x00000000e3100000| PB 0x00000000e3100000| Untracked 
|  50|0x00000000e3200000, 0x00000000e3200000, 0x00000000e3300000|  0%| F|  |TAMS 0x00000000e3200000| PB 0x00000000e3200000| Untracked 
|  51|0x00000000e3300000, 0x00000000e3300000, 0x00000000e3400000|  0%| F|  |TAMS 0x00000000e3300000| PB 0x00000000e3300000| Untracked 
|  52|0x00000000e3400000, 0x00000000e3400000, 0x00000000e3500000|  0%| F|  |TAMS 0x00000000e3400000| PB 0x00000000e3400000| Untracked 
|  53|0x00000000e3500000, 0x00000000e3500000, 0x00000000e3600000|  0%| F|  |TAMS 0x00000000e3500000| PB 0x00000000e3500000| Untracked 
|  54|0x00000000e3600000, 0x00000000e3600000, 0x00000000e3700000|  0%| F|  |TAMS 0x00000000e3600000| PB 0x00000000e3600000| Untracked 
|  55|0x00000000e3700000, 0x00000000e3700000, 0x00000000e3800000|  0%| F|  |TAMS 0x00000000e3700000| PB 0x00000000e3700000| Untracked 
|  56|0x00000000e3800000, 0x00000000e3800000, 0x00000000e3900000|  0%| F|  |TAMS 0x00000000e3800000| PB 0x00000000e3800000| Untracked 
|  57|0x00000000e3900000, 0x00000000e3900000, 0x00000000e3a00000|  0%| F|  |TAMS 0x00000000e3900000| PB 0x00000000e3900000| Untracked 
|  58|0x00000000e3a00000, 0x00000000e3a00000, 0x00000000e3b00000|  0%| F|  |TAMS 0x00000000e3a00000| PB 0x00000000e3a00000| Untracked 
|  59|0x00000000e3b00000, 0x00000000e3b00000, 0x00000000e3c00000|  0%| F|  |TAMS 0x00000000e3b00000| PB 0x00000000e3b00000| Untracked 
|  60|0x00000000e3c00000, 0x00000000e3c00000, 0x00000000e3d00000|  0%| F|  |TAMS 0x00000000e3c00000| PB 0x00000000e3c00000| Untracked 
|  61|0x00000000e3d00000, 0x00000000e3d00000, 0x00000000e3e00000|  0%| F|  |TAMS 0x00000000e3d00000| PB 0x00000000e3d00000| Untracked 
|  62|0x00000000e3e00000, 0x00000000e3e00000, 0x00000000e3f00000|  0%| F|  |TAMS 0x00000000e3e00000| PB 0x00000000e3e00000| Untracked 
|  63|0x00000000e3f00000, 0x00000000e3f00000, 0x00000000e4000000|  0%| F|  |TAMS 0x00000000e3f00000| PB 0x00000000e3f00000| Untracked 
|  64|0x00000000e4000000, 0x00000000e4000000, 0x00000000e4100000|  0%| F|  |TAMS 0x00000000e4000000| PB 0x00000000e4000000| Untracked 
|  65|0x00000000e4100000, 0x00000000e4100000, 0x00000000e4200000|  0%| F|  |TAMS 0x00000000e4100000| PB 0x00000000e4100000| Untracked 
|  66|0x00000000e4200000, 0x00000000e4200000, 0x00000000e4300000|  0%| F|  |TAMS 0x00000000e4200000| PB 0x00000000e4200000| Untracked 
|  67|0x00000000e4300000, 0x00000000e4300000, 0x00000000e4400000|  0%| F|  |TAMS 0x00000000e4300000| PB 0x00000000e4300000| Untracked 
|  68|0x00000000e4400000, 0x00000000e4400000, 0x00000000e4500000|  0%| F|  |TAMS 0x00000000e4400000| PB 0x00000000e4400000| Untracked 
|  69|0x00000000e4500000, 0x00000000e4500000, 0x00000000e4600000|  0%| F|  |TAMS 0x00000000e4500000| PB 0x00000000e4500000| Untracked 
|  70|0x00000000e4600000, 0x00000000e4600000, 0x00000000e4700000|  0%| F|  |TAMS 0x00000000e4600000| PB 0x00000000e4600000| Untracked 
|  71|0x00000000e4700000, 0x00000000e4700000, 0x00000000e4800000|  0%| F|  |TAMS 0x00000000e4700000| PB 0x00000000e4700000| Untracked 
|  72|0x00000000e4800000, 0x00000000e4800000, 0x00000000e4900000|  0%| F|  |TAMS 0x00000000e4800000| PB 0x00000000e4800000| Untracked 
|  73|0x00000000e4900000, 0x00000000e4900000, 0x00000000e4a00000|  0%| F|  |TAMS 0x00000000e4900000| PB 0x00000000e4900000| Untracked 
|  74|0x00000000e4a00000, 0x00000000e4a00000, 0x00000000e4b00000|  0%| F|  |TAMS 0x00000000e4a00000| PB 0x00000000e4a00000| Untracked 
|  75|0x00000000e4b00000, 0x00000000e4b00000, 0x00000000e4c00000|  0%| F|  |TAMS 0x00000000e4b00000| PB 0x00000000e4b00000| Untracked 
|  76|0x00000000e4c00000, 0x00000000e4c00000, 0x00000000e4d00000|  0%| F|  |TAMS 0x00000000e4c00000| PB 0x00000000e4c00000| Untracked 
|  77|0x00000000e4d00000, 0x00000000e4d00000, 0x00000000e4e00000|  0%| F|  |TAMS 0x00000000e4d00000| PB 0x00000000e4d00000| Untracked 
|  78|0x00000000e4e00000, 0x00000000e4e00000, 0x00000000e4f00000|  0%| F|  |TAMS 0x00000000e4e00000| PB 0x00000000e4e00000| Untracked 
|  79|0x00000000e4f00000, 0x00000000e4f00000, 0x00000000e5000000|  0%| F|  |TAMS 0x00000000e4f00000| PB 0x00000000e4f00000| Untracked 
|  80|0x00000000e5000000, 0x00000000e5000000, 0x00000000e5100000|  0%| F|  |TAMS 0x00000000e5000000| PB 0x00000000e5000000| Untracked 
|  81|0x00000000e5100000, 0x00000000e5100000, 0x00000000e5200000|  0%| F|  |TAMS 0x00000000e5100000| PB 0x00000000e5100000| Untracked 
|  82|0x00000000e5200000, 0x00000000e5200000, 0x00000000e5300000|  0%| F|  |TAMS 0x00000000e5200000| PB 0x00000000e5200000| Untracked 
|  83|0x00000000e5300000, 0x00000000e5300000, 0x00000000e5400000|  0%| F|  |TAMS 0x00000000e5300000| PB 0x00000000e5300000| Untracked 
|  84|0x00000000e5400000, 0x00000000e5400000, 0x00000000e5500000|  0%| F|  |TAMS 0x00000000e5400000| PB 0x00000000e5400000| Untracked 
|  85|0x00000000e5500000, 0x00000000e5500000, 0x00000000e5600000|  0%| F|  |TAMS 0x00000000e5500000| PB 0x00000000e5500000| Untracked 
|  86|0x00000000e5600000, 0x00000000e5600000, 0x00000000e5700000|  0%| F|  |TAMS 0x00000000e5600000| PB 0x00000000e5600000| Untracked 
|  87|0x00000000e5700000, 0x00000000e5700000, 0x00000000e5800000|  0%| F|  |TAMS 0x00000000e5700000| PB 0x00000000e5700000| Untracked 
|  88|0x00000000e5800000, 0x00000000e5800000, 0x00000000e5900000|  0%| F|  |TAMS 0x00000000e5800000| PB 0x00000000e5800000| Untracked 
|  89|0x00000000e5900000, 0x00000000e5900000, 0x00000000e5a00000|  0%| F|  |TAMS 0x00000000e5900000| PB 0x00000000e5900000| Untracked 
|  90|0x00000000e5a00000, 0x00000000e5a00000, 0x00000000e5b00000|  0%| F|  |TAMS 0x00000000e5a00000| PB 0x00000000e5a00000| Untracked 
|  91|0x00000000e5b00000, 0x00000000e5b00000, 0x00000000e5c00000|  0%| F|  |TAMS 0x00000000e5b00000| PB 0x00000000e5b00000| Untracked 
|  92|0x00000000e5c00000, 0x00000000e5c00000, 0x00000000e5d00000|  0%| F|  |TAMS 0x00000000e5c00000| PB 0x00000000e5c00000| Untracked 
|  93|0x00000000e5d00000, 0x00000000e5d00000, 0x00000000e5e00000|  0%| F|  |TAMS 0x00000000e5d00000| PB 0x00000000e5d00000| Untracked 
|  94|0x00000000e5e00000, 0x00000000e5e00000, 0x00000000e5f00000|  0%| F|  |TAMS 0x00000000e5e00000| PB 0x00000000e5e00000| Untracked 
|  95|0x00000000e5f00000, 0x00000000e5f00000, 0x00000000e6000000|  0%| F|  |TAMS 0x00000000e5f00000| PB 0x00000000e5f00000| Untracked 
|  96|0x00000000e6000000, 0x00000000e6000000, 0x00000000e6100000|  0%| F|  |TAMS 0x00000000e6000000| PB 0x00000000e6000000| Untracked 
|  97|0x00000000e6100000, 0x00000000e6100000, 0x00000000e6200000|  0%| F|  |TAMS 0x00000000e6100000| PB 0x00000000e6100000| Untracked 
|  98|0x00000000e6200000, 0x00000000e6200000, 0x00000000e6300000|  0%| F|  |TAMS 0x00000000e6200000| PB 0x00000000e6200000| Untracked 
|  99|0x00000000e6300000, 0x00000000e6300000, 0x00000000e6400000|  0%| F|  |TAMS 0x00000000e6300000| PB 0x00000000e6300000| Untracked 
| 100|0x00000000e6400000, 0x00000000e6400000, 0x00000000e6500000|  0%| F|  |TAMS 0x00000000e6400000| PB 0x00000000e6400000| Untracked 
| 101|0x00000000e6500000, 0x00000000e6500000, 0x00000000e6600000|  0%| F|  |TAMS 0x00000000e6500000| PB 0x00000000e6500000| Untracked 
| 102|0x00000000e6600000, 0x00000000e6600000, 0x00000000e6700000|  0%| F|  |TAMS 0x00000000e6600000| PB 0x00000000e6600000| Untracked 
| 103|0x00000000e6700000, 0x00000000e6700000, 0x00000000e6800000|  0%| F|  |TAMS 0x00000000e6700000| PB 0x00000000e6700000| Untracked 
| 104|0x00000000e6800000, 0x00000000e6800000, 0x00000000e6900000|  0%| F|  |TAMS 0x00000000e6800000| PB 0x00000000e6800000| Untracked 
| 105|0x00000000e6900000, 0x00000000e6900000, 0x00000000e6a00000|  0%| F|  |TAMS 0x00000000e6900000| PB 0x00000000e6900000| Untracked 
| 106|0x00000000e6a00000, 0x00000000e6a00000, 0x00000000e6b00000|  0%| F|  |TAMS 0x00000000e6a00000| PB 0x00000000e6a00000| Untracked 
| 107|0x00000000e6b00000, 0x00000000e6b00000, 0x00000000e6c00000|  0%| F|  |TAMS 0x00000000e6b00000| PB 0x00000000e6b00000| Untracked 
| 108|0x00000000e6c00000, 0x00000000e6c00000, 0x00000000e6d00000|  0%| F|  |TAMS 0x00000000e6c00000| PB 0x00000000e6c00000| Untracked 
| 109|0x00000000e6d00000, 0x00000000e6d00000, 0x00000000e6e00000|  0%| F|  |TAMS 0x00000000e6d00000| PB 0x00000000e6d00000| Untracked 
| 110|0x00000000e6e00000, 0x00000000e6e00000, 0x00000000e6f00000|  0%| F|  |TAMS 0x00000000e6e00000| PB 0x00000000e6e00000| Untracked 
| 111|0x00000000e6f00000, 0x00000000e6f00000, 0x00000000e7000000|  0%| F|  |TAMS 0x00000000e6f00000| PB 0x00000000e6f00000| Untracked 
| 112|0x00000000e7000000, 0x00000000e7000000, 0x00000000e7100000|  0%| F|  |TAMS 0x00000000e7000000| PB 0x00000000e7000000| Untracked 
| 113|0x00000000e7100000, 0x00000000e7100000, 0x00000000e7200000|  0%| F|  |TAMS 0x00000000e7100000| PB 0x00000000e7100000| Untracked 
| 114|0x00000000e7200000, 0x00000000e7200000, 0x00000000e7300000|  0%| F|  |TAMS 0x00000000e7200000| PB 0x00000000e7200000| Untracked 
| 115|0x00000000e7300000, 0x00000000e7300000, 0x00000000e7400000|  0%| F|  |TAMS 0x00000000e7300000| PB 0x00000000e7300000| Untracked 
| 116|0x00000000e7400000, 0x00000000e7400000, 0x00000000e7500000|  0%| F|  |TAMS 0x00000000e7400000| PB 0x00000000e7400000| Untracked 
| 117|0x00000000e7500000, 0x00000000e7500000, 0x00000000e7600000|  0%| F|  |TAMS 0x00000000e7500000| PB 0x00000000e7500000| Untracked 
| 118|0x00000000e7600000, 0x00000000e7600000, 0x00000000e7700000|  0%| F|  |TAMS 0x00000000e7600000| PB 0x00000000e7600000| Untracked 
| 119|0x00000000e7700000, 0x00000000e7700000, 0x00000000e7800000|  0%| F|  |TAMS 0x00000000e7700000| PB 0x00000000e7700000| Untracked 
| 120|0x00000000e7800000, 0x00000000e7800000, 0x00000000e7900000|  0%| F|  |TAMS 0x00000000e7800000| PB 0x00000000e7800000| Untracked 
| 121|0x00000000e7900000, 0x00000000e7900000, 0x00000000e7a00000|  0%| F|  |TAMS 0x00000000e7900000| PB 0x00000000e7900000| Untracked 
| 122|0x00000000e7a00000, 0x00000000e7a00000, 0x00000000e7b00000|  0%| F|  |TAMS 0x00000000e7a00000| PB 0x00000000e7a00000| Untracked 
| 123|0x00000000e7b00000, 0x00000000e7b00000, 0x00000000e7c00000|  0%| F|  |TAMS 0x00000000e7b00000| PB 0x00000000e7b00000| Untracked 
| 124|0x00000000e7c00000, 0x00000000e7c00000, 0x00000000e7d00000|  0%| F|  |TAMS 0x00000000e7c00000| PB 0x00000000e7c00000| Untracked 
| 125|0x00000000e7d00000, 0x00000000e7d00000, 0x00000000e7e00000|  0%| F|  |TAMS 0x00000000e7d00000| PB 0x00000000e7d00000| Untracked 
| 126|0x00000000e7e00000, 0x00000000e7e00000, 0x00000000e7f00000|  0%| F|  |TAMS 0x00000000e7e00000| PB 0x00000000e7e00000| Untracked 
| 127|0x00000000e7f00000, 0x00000000e7f00000, 0x00000000e8000000|  0%| F|  |TAMS 0x00000000e7f00000| PB 0x00000000e7f00000| Untracked 
| 128|0x00000000e8000000, 0x00000000e8000000, 0x00000000e8100000|  0%| F|  |TAMS 0x00000000e8000000| PB 0x00000000e8000000| Untracked 
| 129|0x00000000e8100000, 0x00000000e8100000, 0x00000000e8200000|  0%| F|  |TAMS 0x00000000e8100000| PB 0x00000000e8100000| Untracked 
| 130|0x00000000e8200000, 0x00000000e8200000, 0x00000000e8300000|  0%| F|  |TAMS 0x00000000e8200000| PB 0x00000000e8200000| Untracked 
| 131|0x00000000e8300000, 0x00000000e8300000, 0x00000000e8400000|  0%| F|  |TAMS 0x00000000e8300000| PB 0x00000000e8300000| Untracked 
| 132|0x00000000e8400000, 0x00000000e8400000, 0x00000000e8500000|  0%| F|  |TAMS 0x00000000e8400000| PB 0x00000000e8400000| Untracked 
| 133|0x00000000e8500000, 0x00000000e8500000, 0x00000000e8600000|  0%| F|  |TAMS 0x00000000e8500000| PB 0x00000000e8500000| Untracked 
| 134|0x00000000e8600000, 0x00000000e8600000, 0x00000000e8700000|  0%| F|  |TAMS 0x00000000e8600000| PB 0x00000000e8600000| Untracked 
| 135|0x00000000e8700000, 0x00000000e8700000, 0x00000000e8800000|  0%| F|  |TAMS 0x00000000e8700000| PB 0x00000000e8700000| Untracked 
| 136|0x00000000e8800000, 0x00000000e8800000, 0x00000000e8900000|  0%| F|  |TAMS 0x00000000e8800000| PB 0x00000000e8800000| Untracked 
| 137|0x00000000e8900000, 0x00000000e8900000, 0x00000000e8a00000|  0%| F|  |TAMS 0x00000000e8900000| PB 0x00000000e8900000| Untracked 
| 138|0x00000000e8a00000, 0x00000000e8a00000, 0x00000000e8b00000|  0%| F|  |TAMS 0x00000000e8a00000| PB 0x00000000e8a00000| Untracked 
| 139|0x00000000e8b00000, 0x00000000e8bf9f00, 0x00000000e8c00000| 97%| S|CS|TAMS 0x00000000e8b00000| PB 0x00000000e8b00000| Complete 
| 140|0x00000000e8c00000, 0x00000000e8d00000, 0x00000000e8d00000|100%| S|CS|TAMS 0x00000000e8c00000| PB 0x00000000e8c00000| Complete 
| 141|0x00000000e8d00000, 0x00000000e8e00000, 0x00000000e8e00000|100%| S|CS|TAMS 0x00000000e8d00000| PB 0x00000000e8d00000| Complete 
| 142|0x00000000e8e00000, 0x00000000e8f00000, 0x00000000e8f00000|100%| S|CS|TAMS 0x00000000e8e00000| PB 0x00000000e8e00000| Complete 
| 143|0x00000000e8f00000, 0x00000000e9000000, 0x00000000e9000000|100%| S|CS|TAMS 0x00000000e8f00000| PB 0x00000000e8f00000| Complete 
| 144|0x00000000e9000000, 0x00000000e9100000, 0x00000000e9100000|100%| S|CS|TAMS 0x00000000e9000000| PB 0x00000000e9000000| Complete 
| 145|0x00000000e9100000, 0x00000000e9200000, 0x00000000e9200000|100%| S|CS|TAMS 0x00000000e9100000| PB 0x00000000e9100000| Complete 
| 146|0x00000000e9200000, 0x00000000e9300000, 0x00000000e9300000|100%| S|CS|TAMS 0x00000000e9200000| PB 0x00000000e9200000| Complete 
| 147|0x00000000e9300000, 0x00000000e9400000, 0x00000000e9400000|100%| S|CS|TAMS 0x00000000e9300000| PB 0x00000000e9300000| Complete 
| 148|0x00000000e9400000, 0x00000000e9500000, 0x00000000e9500000|100%| S|CS|TAMS 0x00000000e9400000| PB 0x00000000e9400000| Complete 
| 149|0x00000000e9500000, 0x00000000e9600000, 0x00000000e9600000|100%| S|CS|TAMS 0x00000000e9500000| PB 0x00000000e9500000| Complete 
| 150|0x00000000e9600000, 0x00000000e9700000, 0x00000000e9700000|100%| S|CS|TAMS 0x00000000e9600000| PB 0x00000000e9600000| Complete 
| 151|0x00000000e9700000, 0x00000000e9700000, 0x00000000e9800000|  0%| F|  |TAMS 0x00000000e9700000| PB 0x00000000e9700000| Untracked 
| 152|0x00000000e9800000, 0x00000000e9800000, 0x00000000e9900000|  0%| F|  |TAMS 0x00000000e9800000| PB 0x00000000e9800000| Untracked 
| 153|0x00000000e9900000, 0x00000000e9900000, 0x00000000e9a00000|  0%| F|  |TAMS 0x00000000e9900000| PB 0x00000000e9900000| Untracked 
| 154|0x00000000e9a00000, 0x00000000e9a00000, 0x00000000e9b00000|  0%| F|  |TAMS 0x00000000e9a00000| PB 0x00000000e9a00000| Untracked 
| 155|0x00000000e9b00000, 0x00000000e9b00000, 0x00000000e9c00000|  0%| F|  |TAMS 0x00000000e9b00000| PB 0x00000000e9b00000| Untracked 
| 156|0x00000000e9c00000, 0x00000000e9c00000, 0x00000000e9d00000|  0%| F|  |TAMS 0x00000000e9c00000| PB 0x00000000e9c00000| Untracked 
| 157|0x00000000e9d00000, 0x00000000e9d00000, 0x00000000e9e00000|  0%| F|  |TAMS 0x00000000e9d00000| PB 0x00000000e9d00000| Untracked 
| 158|0x00000000e9e00000, 0x00000000e9e00000, 0x00000000e9f00000|  0%| F|  |TAMS 0x00000000e9e00000| PB 0x00000000e9e00000| Untracked 
| 159|0x00000000e9f00000, 0x00000000e9f00000, 0x00000000ea000000|  0%| F|  |TAMS 0x00000000e9f00000| PB 0x00000000e9f00000| Untracked 
| 160|0x00000000ea000000, 0x00000000ea000000, 0x00000000ea100000|  0%| F|  |TAMS 0x00000000ea000000| PB 0x00000000ea000000| Untracked 
| 161|0x00000000ea100000, 0x00000000ea100000, 0x00000000ea200000|  0%| F|  |TAMS 0x00000000ea100000| PB 0x00000000ea100000| Untracked 
| 162|0x00000000ea200000, 0x00000000ea200000, 0x00000000ea300000|  0%| F|  |TAMS 0x00000000ea200000| PB 0x00000000ea200000| Untracked 
| 163|0x00000000ea300000, 0x00000000ea300000, 0x00000000ea400000|  0%| F|  |TAMS 0x00000000ea300000| PB 0x00000000ea300000| Untracked 
| 164|0x00000000ea400000, 0x00000000ea400000, 0x00000000ea500000|  0%| F|  |TAMS 0x00000000ea400000| PB 0x00000000ea400000| Untracked 
| 165|0x00000000ea500000, 0x00000000ea500000, 0x00000000ea600000|  0%| F|  |TAMS 0x00000000ea500000| PB 0x00000000ea500000| Untracked 
| 166|0x00000000ea600000, 0x00000000ea600000, 0x00000000ea700000|  0%| F|  |TAMS 0x00000000ea600000| PB 0x00000000ea600000| Untracked 
| 167|0x00000000ea700000, 0x00000000ea700000, 0x00000000ea800000|  0%| F|  |TAMS 0x00000000ea700000| PB 0x00000000ea700000| Untracked 
| 168|0x00000000ea800000, 0x00000000ea800000, 0x00000000ea900000|  0%| F|  |TAMS 0x00000000ea800000| PB 0x00000000ea800000| Untracked 
| 169|0x00000000ea900000, 0x00000000ea900000, 0x00000000eaa00000|  0%| F|  |TAMS 0x00000000ea900000| PB 0x00000000ea900000| Untracked 
| 170|0x00000000eaa00000, 0x00000000eaa00000, 0x00000000eab00000|  0%| F|  |TAMS 0x00000000eaa00000| PB 0x00000000eaa00000| Untracked 
| 171|0x00000000eab00000, 0x00000000eab00000, 0x00000000eac00000|  0%| F|  |TAMS 0x00000000eab00000| PB 0x00000000eab00000| Untracked 
| 172|0x00000000eac00000, 0x00000000eac00000, 0x00000000ead00000|  0%| F|  |TAMS 0x00000000eac00000| PB 0x00000000eac00000| Untracked 
| 173|0x00000000ead00000, 0x00000000ead00000, 0x00000000eae00000|  0%| F|  |TAMS 0x00000000ead00000| PB 0x00000000ead00000| Untracked 
| 174|0x00000000eae00000, 0x00000000eae00000, 0x00000000eaf00000|  0%| F|  |TAMS 0x00000000eae00000| PB 0x00000000eae00000| Untracked 
| 175|0x00000000eaf00000, 0x00000000eaf00000, 0x00000000eb000000|  0%| F|  |TAMS 0x00000000eaf00000| PB 0x00000000eaf00000| Untracked 
| 176|0x00000000eb000000, 0x00000000eb000000, 0x00000000eb100000|  0%| F|  |TAMS 0x00000000eb000000| PB 0x00000000eb000000| Untracked 
| 177|0x00000000eb100000, 0x00000000eb100000, 0x00000000eb200000|  0%| F|  |TAMS 0x00000000eb100000| PB 0x00000000eb100000| Untracked 
| 178|0x00000000eb200000, 0x00000000eb200000, 0x00000000eb300000|  0%| F|  |TAMS 0x00000000eb200000| PB 0x00000000eb200000| Untracked 
| 179|0x00000000eb300000, 0x00000000eb300000, 0x00000000eb400000|  0%| F|  |TAMS 0x00000000eb300000| PB 0x00000000eb300000| Untracked 
| 180|0x00000000eb400000, 0x00000000eb400000, 0x00000000eb500000|  0%| F|  |TAMS 0x00000000eb400000| PB 0x00000000eb400000| Untracked 
| 181|0x00000000eb500000, 0x00000000eb500000, 0x00000000eb600000|  0%| F|  |TAMS 0x00000000eb500000| PB 0x00000000eb500000| Untracked 
| 182|0x00000000eb600000, 0x00000000eb600000, 0x00000000eb700000|  0%| F|  |TAMS 0x00000000eb600000| PB 0x00000000eb600000| Untracked 
| 183|0x00000000eb700000, 0x00000000eb700000, 0x00000000eb800000|  0%| F|  |TAMS 0x00000000eb700000| PB 0x00000000eb700000| Untracked 
| 184|0x00000000eb800000, 0x00000000eb800000, 0x00000000eb900000|  0%| F|  |TAMS 0x00000000eb800000| PB 0x00000000eb800000| Untracked 
| 185|0x00000000eb900000, 0x00000000eb900000, 0x00000000eba00000|  0%| F|  |TAMS 0x00000000eb900000| PB 0x00000000eb900000| Untracked 
| 186|0x00000000eba00000, 0x00000000eba00000, 0x00000000ebb00000|  0%| F|  |TAMS 0x00000000eba00000| PB 0x00000000eba00000| Untracked 
| 187|0x00000000ebb00000, 0x00000000ebb00000, 0x00000000ebc00000|  0%| F|  |TAMS 0x00000000ebb00000| PB 0x00000000ebb00000| Untracked 
| 188|0x00000000ebc00000, 0x00000000ebc00000, 0x00000000ebd00000|  0%| F|  |TAMS 0x00000000ebc00000| PB 0x00000000ebc00000| Untracked 
| 189|0x00000000ebd00000, 0x00000000ebd00000, 0x00000000ebe00000|  0%| F|  |TAMS 0x00000000ebd00000| PB 0x00000000ebd00000| Untracked 
| 190|0x00000000ebe00000, 0x00000000ebe82010, 0x00000000ebf00000| 50%| E|  |TAMS 0x00000000ebe00000| PB 0x00000000ebe00000| Complete 
| 191|0x00000000ebf00000, 0x00000000ec000000, 0x00000000ec000000|100%| E|CS|TAMS 0x00000000ebf00000| PB 0x00000000ebf00000| Complete 
| 192|0x00000000ec000000, 0x00000000ec100000, 0x00000000ec100000|100%| E|CS|TAMS 0x00000000ec000000| PB 0x00000000ec000000| Complete 
| 193|0x00000000ec100000, 0x00000000ec200000, 0x00000000ec200000|100%| E|CS|TAMS 0x00000000ec100000| PB 0x00000000ec100000| Complete 
| 194|0x00000000ec200000, 0x00000000ec300000, 0x00000000ec300000|100%| E|CS|TAMS 0x00000000ec200000| PB 0x00000000ec200000| Complete 
| 195|0x00000000ec300000, 0x00000000ec400000, 0x00000000ec400000|100%| E|CS|TAMS 0x00000000ec300000| PB 0x00000000ec300000| Complete 
| 196|0x00000000ec400000, 0x00000000ec500000, 0x00000000ec500000|100%| E|CS|TAMS 0x00000000ec400000| PB 0x00000000ec400000| Complete 
| 197|0x00000000ec500000, 0x00000000ec600000, 0x00000000ec600000|100%| E|CS|TAMS 0x00000000ec500000| PB 0x00000000ec500000| Complete 
| 198|0x00000000ec600000, 0x00000000ec700000, 0x00000000ec700000|100%| E|CS|TAMS 0x00000000ec600000| PB 0x00000000ec600000| Complete 
| 199|0x00000000ec700000, 0x00000000ec800000, 0x00000000ec800000|100%| E|CS|TAMS 0x00000000ec700000| PB 0x00000000ec700000| Complete 
| 200|0x00000000ec800000, 0x00000000ec900000, 0x00000000ec900000|100%| E|CS|TAMS 0x00000000ec800000| PB 0x00000000ec800000| Complete 
| 201|0x00000000ec900000, 0x00000000eca00000, 0x00000000eca00000|100%| E|CS|TAMS 0x00000000ec900000| PB 0x00000000ec900000| Complete 
| 202|0x00000000eca00000, 0x00000000ecb00000, 0x00000000ecb00000|100%| E|CS|TAMS 0x00000000eca00000| PB 0x00000000eca00000| Complete 
| 203|0x00000000ecb00000, 0x00000000ecc00000, 0x00000000ecc00000|100%| E|CS|TAMS 0x00000000ecb00000| PB 0x00000000ecb00000| Complete 
| 204|0x00000000ecc00000, 0x00000000ecd00000, 0x00000000ecd00000|100%| E|CS|TAMS 0x00000000ecc00000| PB 0x00000000ecc00000| Complete 
| 205|0x00000000ecd00000, 0x00000000ece00000, 0x00000000ece00000|100%| E|CS|TAMS 0x00000000ecd00000| PB 0x00000000ecd00000| Complete 
| 206|0x00000000ece00000, 0x00000000ecf00000, 0x00000000ecf00000|100%| E|CS|TAMS 0x00000000ece00000| PB 0x00000000ece00000| Complete 
| 207|0x00000000ecf00000, 0x00000000ed000000, 0x00000000ed000000|100%| E|CS|TAMS 0x00000000ecf00000| PB 0x00000000ecf00000| Complete 
| 208|0x00000000ed000000, 0x00000000ed100000, 0x00000000ed100000|100%| E|CS|TAMS 0x00000000ed000000| PB 0x00000000ed000000| Complete 
| 209|0x00000000ed100000, 0x00000000ed200000, 0x00000000ed200000|100%| E|CS|TAMS 0x00000000ed100000| PB 0x00000000ed100000| Complete 
| 210|0x00000000ed200000, 0x00000000ed300000, 0x00000000ed300000|100%| E|CS|TAMS 0x00000000ed200000| PB 0x00000000ed200000| Complete 
| 211|0x00000000ed300000, 0x00000000ed400000, 0x00000000ed400000|100%| E|CS|TAMS 0x00000000ed300000| PB 0x00000000ed300000| Complete 
| 212|0x00000000ed400000, 0x00000000ed500000, 0x00000000ed500000|100%| E|CS|TAMS 0x00000000ed400000| PB 0x00000000ed400000| Complete 
| 213|0x00000000ed500000, 0x00000000ed600000, 0x00000000ed600000|100%| E|CS|TAMS 0x00000000ed500000| PB 0x00000000ed500000| Complete 
| 214|0x00000000ed600000, 0x00000000ed700000, 0x00000000ed700000|100%| E|CS|TAMS 0x00000000ed600000| PB 0x00000000ed600000| Complete 
| 215|0x00000000ed700000, 0x00000000ed800000, 0x00000000ed800000|100%| E|CS|TAMS 0x00000000ed700000| PB 0x00000000ed700000| Complete 
| 216|0x00000000ed800000, 0x00000000ed900000, 0x00000000ed900000|100%| E|CS|TAMS 0x00000000ed800000| PB 0x00000000ed800000| Complete 
| 217|0x00000000ed900000, 0x00000000eda00000, 0x00000000eda00000|100%| E|CS|TAMS 0x00000000ed900000| PB 0x00000000ed900000| Complete 
| 218|0x00000000eda00000, 0x00000000edb00000, 0x00000000edb00000|100%| E|CS|TAMS 0x00000000eda00000| PB 0x00000000eda00000| Complete 
| 219|0x00000000edb00000, 0x00000000edc00000, 0x00000000edc00000|100%| E|CS|TAMS 0x00000000edb00000| PB 0x00000000edb00000| Complete 
| 220|0x00000000edc00000, 0x00000000edd00000, 0x00000000edd00000|100%| E|CS|TAMS 0x00000000edc00000| PB 0x00000000edc00000| Complete 
| 221|0x00000000edd00000, 0x00000000ede00000, 0x00000000ede00000|100%| E|CS|TAMS 0x00000000edd00000| PB 0x00000000edd00000| Complete 
| 222|0x00000000ede00000, 0x00000000edf00000, 0x00000000edf00000|100%| E|CS|TAMS 0x00000000ede00000| PB 0x00000000ede00000| Complete 
| 223|0x00000000edf00000, 0x00000000ee000000, 0x00000000ee000000|100%| E|CS|TAMS 0x00000000edf00000| PB 0x00000000edf00000| Complete 
| 224|0x00000000ee000000, 0x00000000ee100000, 0x00000000ee100000|100%| E|CS|TAMS 0x00000000ee000000| PB 0x00000000ee000000| Complete 
| 225|0x00000000ee100000, 0x00000000ee200000, 0x00000000ee200000|100%| E|CS|TAMS 0x00000000ee100000| PB 0x00000000ee100000| Complete 
| 226|0x00000000ee200000, 0x00000000ee300000, 0x00000000ee300000|100%| E|CS|TAMS 0x00000000ee200000| PB 0x00000000ee200000| Complete 
| 227|0x00000000ee300000, 0x00000000ee400000, 0x00000000ee400000|100%| E|CS|TAMS 0x00000000ee300000| PB 0x00000000ee300000| Complete 
| 228|0x00000000ee400000, 0x00000000ee500000, 0x00000000ee500000|100%| E|CS|TAMS 0x00000000ee400000| PB 0x00000000ee400000| Complete 
| 229|0x00000000ee500000, 0x00000000ee600000, 0x00000000ee600000|100%| E|CS|TAMS 0x00000000ee500000| PB 0x00000000ee500000| Complete 
| 230|0x00000000ee600000, 0x00000000ee700000, 0x00000000ee700000|100%| E|CS|TAMS 0x00000000ee600000| PB 0x00000000ee600000| Complete 
| 231|0x00000000ee700000, 0x00000000ee800000, 0x00000000ee800000|100%| E|CS|TAMS 0x00000000ee700000| PB 0x00000000ee700000| Complete 
| 232|0x00000000ee800000, 0x00000000ee900000, 0x00000000ee900000|100%| E|CS|TAMS 0x00000000ee800000| PB 0x00000000ee800000| Complete 
| 233|0x00000000ee900000, 0x00000000eea00000, 0x00000000eea00000|100%| E|CS|TAMS 0x00000000ee900000| PB 0x00000000ee900000| Complete 
| 234|0x00000000eea00000, 0x00000000eeb00000, 0x00000000eeb00000|100%| E|CS|TAMS 0x00000000eea00000| PB 0x00000000eea00000| Complete 
| 235|0x00000000eeb00000, 0x00000000eec00000, 0x00000000eec00000|100%| E|CS|TAMS 0x00000000eeb00000| PB 0x00000000eeb00000| Complete 
| 236|0x00000000eec00000, 0x00000000eed00000, 0x00000000eed00000|100%| E|CS|TAMS 0x00000000eec00000| PB 0x00000000eec00000| Complete 
| 237|0x00000000eed00000, 0x00000000eee00000, 0x00000000eee00000|100%| E|CS|TAMS 0x00000000eed00000| PB 0x00000000eed00000| Complete 
| 238|0x00000000eee00000, 0x00000000eef00000, 0x00000000eef00000|100%| E|CS|TAMS 0x00000000eee00000| PB 0x00000000eee00000| Complete 
| 239|0x00000000eef00000, 0x00000000ef000000, 0x00000000ef000000|100%| E|CS|TAMS 0x00000000eef00000| PB 0x00000000eef00000| Complete 
| 240|0x00000000ef000000, 0x00000000ef100000, 0x00000000ef100000|100%| E|CS|TAMS 0x00000000ef000000| PB 0x00000000ef000000| Complete 
| 241|0x00000000ef100000, 0x00000000ef200000, 0x00000000ef200000|100%| E|CS|TAMS 0x00000000ef100000| PB 0x00000000ef100000| Complete 
| 242|0x00000000ef200000, 0x00000000ef300000, 0x00000000ef300000|100%| E|CS|TAMS 0x00000000ef200000| PB 0x00000000ef200000| Complete 
| 243|0x00000000ef300000, 0x00000000ef400000, 0x00000000ef400000|100%| E|CS|TAMS 0x00000000ef300000| PB 0x00000000ef300000| Complete 
| 244|0x00000000ef400000, 0x00000000ef500000, 0x00000000ef500000|100%| E|CS|TAMS 0x00000000ef400000| PB 0x00000000ef400000| Complete 
| 245|0x00000000ef500000, 0x00000000ef600000, 0x00000000ef600000|100%| E|CS|TAMS 0x00000000ef500000| PB 0x00000000ef500000| Complete 
| 246|0x00000000ef600000, 0x00000000ef700000, 0x00000000ef700000|100%| E|CS|TAMS 0x00000000ef600000| PB 0x00000000ef600000| Complete 
| 247|0x00000000ef700000, 0x00000000ef800000, 0x00000000ef800000|100%| E|CS|TAMS 0x00000000ef700000| PB 0x00000000ef700000| Complete 
| 248|0x00000000ef800000, 0x00000000ef900000, 0x00000000ef900000|100%| E|CS|TAMS 0x00000000ef800000| PB 0x00000000ef800000| Complete 
| 249|0x00000000ef900000, 0x00000000efa00000, 0x00000000efa00000|100%| E|CS|TAMS 0x00000000ef900000| PB 0x00000000ef900000| Complete 
| 250|0x00000000efa00000, 0x00000000efb00000, 0x00000000efb00000|100%| E|CS|TAMS 0x00000000efa00000| PB 0x00000000efa00000| Complete 
| 251|0x00000000efb00000, 0x00000000efc00000, 0x00000000efc00000|100%| E|CS|TAMS 0x00000000efb00000| PB 0x00000000efb00000| Complete 
| 252|0x00000000efc00000, 0x00000000efd00000, 0x00000000efd00000|100%| E|CS|TAMS 0x00000000efc00000| PB 0x00000000efc00000| Complete 
| 253|0x00000000efd00000, 0x00000000efe00000, 0x00000000efe00000|100%| E|CS|TAMS 0x00000000efd00000| PB 0x00000000efd00000| Complete 
| 254|0x00000000efe00000, 0x00000000eff00000, 0x00000000eff00000|100%| E|CS|TAMS 0x00000000efe00000| PB 0x00000000efe00000| Complete 
| 255|0x00000000eff00000, 0x00000000f0000000, 0x00000000f0000000|100%| E|CS|TAMS 0x00000000eff00000| PB 0x00000000eff00000| Complete 

Card table byte_map: [0x000001df40f00000,0x000001df41000000] _byte_map_base: 0x000001df40800000

Marking Bits: (CMBitMap*) 0x000001df296a6720
 Bits: [0x000001df41000000, 0x000001df41800000)

Polling page: 0x000001df275d0000

Metaspace:

Usage:
  Non-class:     24.04 MB used.
      Class:      4.27 MB used.
       Both:     28.31 MB used.

Virtual space:
  Non-class space:       64.00 MB reserved,      24.62 MB ( 38%) committed,  1 nodes.
      Class space:      320.00 MB reserved,       4.88 MB (  2%) committed,  1 nodes.
             Both:      384.00 MB reserved,      29.50 MB (  8%) committed. 

Chunk freelists:
   Non-Class:  6.97 MB
       Class:  10.97 MB
        Both:  17.94 MB

MaxMetaspaceSize: 384.00 MB
CompressedClassSpaceSize: 320.00 MB
Initial GC threshold: 21.00 MB
Current GC threshold: 35.12 MB
CDS: on
 - commit_granule_bytes: 65536.
 - commit_granule_words: 8192.
 - virtual_space_node_default_size: 8388608.
 - enlarge_chunks_in_place: 1.
 - use_allocation_guard: 0.


Internal statistics:

num_allocs_failed_limit: 3.
num_arena_births: 2004.
num_arena_deaths: 0.
num_vsnodes_births: 2.
num_vsnodes_deaths: 0.
num_space_committed: 472.
num_space_uncommitted: 0.
num_chunks_returned_to_freelist: 3.
num_chunks_taken_from_freelist: 3345.
num_chunk_merges: 0.
num_chunk_splits: 2169.
num_chunks_enlarged: 1340.
num_inconsistent_stats: 0.

CodeHeap 'non-profiled nmethods': size=120000Kb used=2181Kb max_used=2181Kb free=117818Kb
 bounds [0x000001df395a0000, 0x000001df39810000, 0x000001df40ad0000]
CodeHeap 'profiled nmethods': size=120000Kb used=7973Kb max_used=7973Kb free=112027Kb
 bounds [0x000001df31ad0000, 0x000001df322a0000, 0x000001df39000000]
CodeHeap 'non-nmethods': size=5760Kb used=1690Kb max_used=1711Kb free=4069Kb
 bounds [0x000001df39000000, 0x000001df39270000, 0x000001df395a0000]
 total_blobs=4513 nmethods=3926 adapters=491
 compilation: enabled
              stopped_count=0, restarted_count=0
 full_count=0

Compilation events (20 events):
Event: 119.535 Thread 0x000001df442672a0 nmethod 3920 0x000001df32293890 code [0x000001df32293c60, 0x000001df32295a80]
Event: 121.418 Thread 0x000001df442672a0 3921       3       org.gradle.internal.time.MonotonicClock::getCurrentTime (70 bytes)
Event: 121.427 Thread 0x000001df442672a0 nmethod 3921 0x000001df32296510 code [0x000001df32296720, 0x000001df32296b00]
Event: 121.427 Thread 0x000001df442672a0 3922       3       org.gradle.internal.time.MonotonicClock::syncIsDue (28 bytes)
Event: 121.428 Thread 0x000001df442672a0 nmethod 3922 0x000001df32296d10 code [0x000001df32296ec0, 0x000001df322970a8]
Event: 121.428 Thread 0x000001df442672a0 3923       3       org.gradle.internal.time.MonotonicClock::advance (33 bytes)
Event: 121.429 Thread 0x000001df442672a0 nmethod 3923 0x000001df32297190 code [0x000001df32297360, 0x000001df32297610]
Event: 122.142 Thread 0x000001df442672a0 3924       3       java.io.BufferedInputStream::<init> (68 bytes)
Event: 122.149 Thread 0x000001df442672a0 nmethod 3924 0x000001df32297790 code [0x000001df322979e0, 0x000001df322985b0]
Event: 122.360 Thread 0x000001df442672a0 3925       3       org.gradle.cache.internal.filelock.LockInfoSerializer::read (50 bytes)
Event: 122.361 Thread 0x000001df442672a0 nmethod 3925 0x000001df32298910 code [0x000001df32298b20, 0x000001df32299230]
Event: 122.608 Thread 0x000001df44265ee0 3926   !   4       java.io.BufferedInputStream::read (54 bytes)
Event: 122.643 Thread 0x000001df44265ee0 nmethod 3926 0x000001df397bf890 code [0x000001df397bfac0, 0x000001df397c04b0]
Event: 122.643 Thread 0x000001df44265ee0 3927       4       java.io.BufferedInputStream::implRead (49 bytes)
Event: 122.648 Thread 0x000001df44265ee0 nmethod 3927 0x000001df397c0990 code [0x000001df397c0b40, 0x000001df397c0ec8]
Event: 127.415 Thread 0x000001df442672a0 3928       1       org.gradle.internal.concurrent.AbstractManagedExecutor::access$100 (5 bytes)
Event: 127.421 Thread 0x000001df442672a0 nmethod 3928 0x000001df397c1010 code [0x000001df397c11a0, 0x000001df397c1250]
Event: 128.516 Thread 0x000001df44265ee0 3929       4       java.util.stream.AbstractPipeline::isParallel (8 bytes)
Event: 128.518 Thread 0x000001df44265ee0 nmethod 3929 0x000001df397c1310 code [0x000001df397c14a0, 0x000001df397c1540]
Event: 129.113 Thread 0x000001df44265ee0 3930       4       javax.management.ObjectName::construct (1135 bytes)

GC Heap History (6 events):
Event: 17.470 GC heap before
{Heap before GC invocations=0 (full 0):
 garbage-first heap   total 262144K, used 26624K [0x00000000e0000000, 0x0000000100000000)
  region size 1024K, 23 young (23552K), 0 survivors (0K)
 Metaspace       used 3179K, committed 3328K, reserved 393216K
  class space    used 404K, committed 448K, reserved 327680K
}
Event: 17.847 GC heap after
{Heap after GC invocations=1 (full 0):
 garbage-first heap   total 262144K, used 10325K [0x00000000e0000000, 0x0000000100000000)
  region size 1024K, 3 young (3072K), 3 survivors (3072K)
 Metaspace       used 3179K, committed 3328K, reserved 393216K
  class space    used 404K, committed 448K, reserved 327680K
}
Event: 28.550 GC heap before
{Heap before GC invocations=1 (full 0):
 garbage-first heap   total 262144K, used 38997K [0x00000000e0000000, 0x0000000100000000)
  region size 1024K, 31 young (31744K), 3 survivors (3072K)
 Metaspace       used 4133K, committed 4352K, reserved 393216K
  class space    used 503K, committed 640K, reserved 327680K
}
Event: 28.560 GC heap after
{Heap after GC invocations=2 (full 0):
 garbage-first heap   total 262144K, used 11245K [0x00000000e0000000, 0x0000000100000000)
  region size 1024K, 1 young (1024K), 1 survivors (1024K)
 Metaspace       used 4133K, committed 4352K, reserved 393216K
  class space    used 503K, committed 640K, reserved 327680K
}
Event: 62.364 GC heap before
{Heap before GC invocations=2 (full 0):
 garbage-first heap   total 262144K, used 117741K [0x00000000e0000000, 0x0000000100000000)
  region size 1024K, 105 young (107520K), 1 survivors (1024K)
 Metaspace       used 20823K, committed 21504K, reserved 393216K
  class space    used 2996K, committed 3328K, reserved 327680K
}
Event: 62.449 GC heap after
{Heap after GC invocations=3 (full 0):
 garbage-first heap   total 262144K, used 22699K [0x00000000e0000000, 0x0000000100000000)
  region size 1024K, 12 young (12288K), 12 survivors (12288K)
 Metaspace       used 20823K, committed 21504K, reserved 393216K
  class space    used 2996K, committed 3328K, reserved 327680K
}

Dll operation events (15 events):
Event: 8.896 Loaded shared library C:\Program Files\Java\jdk-21\bin\java.dll
Event: 9.769 Loaded shared library C:\Program Files\Java\jdk-21\bin\jsvml.dll
Event: 10.032 Loaded shared library C:\Program Files\Java\jdk-21\bin\zip.dll
Event: 10.056 Loaded shared library C:\Program Files\Java\jdk-21\bin\instrument.dll
Event: 10.281 Loaded shared library C:\Program Files\Java\jdk-21\bin\net.dll
Event: 10.284 Loaded shared library C:\Program Files\Java\jdk-21\bin\nio.dll
Event: 10.301 Loaded shared library C:\Program Files\Java\jdk-21\bin\zip.dll
Event: 12.793 Loaded shared library C:\Program Files\Java\jdk-21\bin\jimage.dll
Event: 14.576 Loaded shared library C:\Program Files\Java\jdk-21\bin\verify.dll
Event: 16.327 Loaded shared library C:\Users\ASUS\.gradle\native\c067742578af261105cb4f569cf0c3c89f3d7b1fecec35dd04571415982c5e48\windows-amd64\native-platform.dll
Event: 16.382 Loaded shared library C:\Users\ASUS\.gradle\native\38dada09dfb8b06ba9b0570ebf7e218e3eb74d4ef43ca46872605cf95ebc2f47\windows-amd64\native-platform-file-events.dll
Event: 31.180 Loaded shared library C:\Program Files\Java\jdk-21\bin\management.dll
Event: 31.184 Loaded shared library C:\Program Files\Java\jdk-21\bin\management_ext.dll
Event: 31.834 Loaded shared library C:\Program Files\Java\jdk-21\bin\extnet.dll
Event: 32.647 Loaded shared library C:\Program Files\Java\jdk-21\bin\sunmscapi.dll

Deoptimization events (20 events):
Event: 78.867 Thread 0x000001df5ebc65f0 Uncommon trap: trap_request=0xffffffc6 fr.pc=0x000001df396c7778 relative=0x00000000000015d8
Event: 78.867 Thread 0x000001df5ebc65f0 Uncommon trap: reason=bimorphic_or_optimized_type_check action=maybe_recompile pc=0x000001df396c7778 method=java.io.DataInputStream.readFully([BII)V @ 30 c2
Event: 78.867 Thread 0x000001df5ebc65f0 DEOPT PACKING pc=0x000001df396c7778 sp=0x0000004849ffe090
Event: 78.870 Thread 0x000001df5ebc65f0 DEOPT UNPACKING pc=0x000001df39057da2 sp=0x0000004849ffe088 mode 2
Event: 78.870 Thread 0x000001df5ebc65f0 Uncommon trap: trap_request=0xffffffc6 fr.pc=0x000001df396c7778 relative=0x00000000000015d8
Event: 78.870 Thread 0x000001df5ebc65f0 Uncommon trap: reason=bimorphic_or_optimized_type_check action=maybe_recompile pc=0x000001df396c7778 method=java.io.DataInputStream.readFully([BII)V @ 30 c2
Event: 78.870 Thread 0x000001df5ebc65f0 DEOPT PACKING pc=0x000001df396c7778 sp=0x0000004849ffe0a0
Event: 78.870 Thread 0x000001df5ebc65f0 DEOPT UNPACKING pc=0x000001df39057da2 sp=0x0000004849ffe098 mode 2
Event: 78.998 Thread 0x000001df5ebc4bb0 Uncommon trap: trap_request=0xffffffde fr.pc=0x000001df397b0944 relative=0x0000000000000b64
Event: 78.998 Thread 0x000001df5ebc4bb0 Uncommon trap: reason=class_check action=maybe_recompile pc=0x000001df397b0944 method=java.io.BufferedInputStream.implRead([BII)I @ 100 c2
Event: 78.998 Thread 0x000001df5ebc4bb0 DEOPT PACKING pc=0x000001df397b0944 sp=0x000000484a2fe500
Event: 78.998 Thread 0x000001df5ebc4bb0 DEOPT UNPACKING pc=0x000001df39057da2 sp=0x000000484a2fe4c8 mode 2
Event: 79.011 Thread 0x000001df5ebc4bb0 Uncommon trap: trap_request=0xffffffde fr.pc=0x000001df397b0944 relative=0x0000000000000b64
Event: 79.011 Thread 0x000001df5ebc4bb0 Uncommon trap: reason=class_check action=maybe_recompile pc=0x000001df397b0944 method=java.io.BufferedInputStream.implRead([BII)I @ 100 c2
Event: 79.011 Thread 0x000001df5ebc4bb0 DEOPT PACKING pc=0x000001df397b0944 sp=0x000000484a2fe500
Event: 79.011 Thread 0x000001df5ebc4bb0 DEOPT UNPACKING pc=0x000001df39057da2 sp=0x000000484a2fe4c8 mode 2
Event: 79.019 Thread 0x000001df5ebc4bb0 Uncommon trap: trap_request=0xffffffde fr.pc=0x000001df397b0944 relative=0x0000000000000b64
Event: 79.019 Thread 0x000001df5ebc4bb0 Uncommon trap: reason=class_check action=maybe_recompile pc=0x000001df397b0944 method=java.io.BufferedInputStream.implRead([BII)I @ 100 c2
Event: 79.019 Thread 0x000001df5ebc4bb0 DEOPT PACKING pc=0x000001df397b0944 sp=0x000000484a2fe600
Event: 79.019 Thread 0x000001df5ebc4bb0 DEOPT UNPACKING pc=0x000001df39057da2 sp=0x000000484a2fe5c8 mode 2

Classes loaded (20 events):
Event: 77.475 Loading class java/math/MutableBigInteger
Event: 77.478 Loading class java/math/MutableBigInteger done
Event: 78.120 Loading class sun/nio/fs/WindowsPath$1
Event: 78.120 Loading class sun/nio/fs/WindowsPath$1 done
Event: 78.900 Loading class java/nio/file/FileTreeWalker
Event: 78.901 Loading class java/nio/file/FileTreeWalker done
Event: 78.916 Loading class java/nio/file/FileTreeWalker$DirectoryNode
Event: 78.917 Loading class java/nio/file/FileTreeWalker$DirectoryNode done
Event: 78.917 Loading class java/nio/file/FileTreeWalker$Event
Event: 78.917 Loading class java/nio/file/FileTreeWalker$Event done
Event: 78.918 Loading class java/nio/file/FileTreeWalker$EventType
Event: 78.918 Loading class java/nio/file/FileTreeWalker$EventType done
Event: 78.918 Loading class java/nio/file/Files$3
Event: 78.919 Loading class java/nio/file/Files$3 done
Event: 78.922 Loading class java/nio/charset/CharacterCodingException
Event: 78.922 Loading class java/nio/charset/CharacterCodingException done
Event: 78.926 Loading class java/nio/file/FileVisitResult
Event: 78.926 Loading class java/nio/file/FileVisitResult done
Event: 79.513 Loading class java/util/stream/Streams$RangeIntSpliterator
Event: 79.513 Loading class java/util/stream/Streams$RangeIntSpliterator done

Classes unloaded (0 events):
No events

Classes redefined (0 events):
No events

Internal exceptions (20 events):
Event: 68.629 Thread 0x000001df5ebc5f60 Exception <a 'java/lang/NoSuchMethodError'{0x00000000ee62ed88}: 'java.lang.Object java.lang.invoke.DelegatingMethodHandle$Holder.reinvoke_L(java.lang.Object, java.lang.Object, java.lang.Object, java.lang.Object, java.lang.Object, java.lang.Object, java.lang.Object, java.lang.Object, java.lang.Object, java.lang.Object, java.lang.Object, java.lang.Object, java.lang.Object)'> (0x00000000ee62ed88) 
thrown [s\open\src\hotspot\share\interpreter\linkResolver.cpp, line 773]
Event: 70.669 Thread 0x000001df5ebc5f60 Implicit null exception at 0x000001df396192ba to 0x000001df3961951c
Event: 71.925 Thread 0x000001df5ebc5f60 Exception <a 'java/lang/NoSuchMethodError'{0x00000000edd68880}: 'java.lang.Object java.lang.invoke.DirectMethodHandle$Holder.newInvokeSpecial(java.lang.Object, java.lang.Object, int, int)'> (0x00000000edd68880) 
thrown [s\open\src\hotspot\share\interpreter\linkResolver.cpp, line 773]
Event: 71.950 Thread 0x000001df5ebc5f60 Exception <a 'java/lang/NoSuchMethodError'{0x00000000edda2740}: 'void java.lang.invoke.DirectMethodHandle$Holder.invokeSpecial(java.lang.Object, java.lang.Object, int)'> (0x00000000edda2740) 
thrown [s\open\src\hotspot\share\interpreter\linkResolver.cpp, line 773]
Event: 71.950 Thread 0x000001df5ebc5f60 Exception <a 'java/lang/NoSuchMethodError'{0x00000000edda6a20}: 'void java.lang.invoke.Invokers$Holder.invokeExact_MT(java.lang.Object, int, java.lang.Object)'> (0x00000000edda6a20) 
thrown [s\open\src\hotspot\share\interpreter\linkResolver.cpp, line 773]
Event: 73.406 Thread 0x000001df5ebc5f60 Exception <a 'java/lang/NoSuchMethodError'{0x00000000ed614200}: 'java.lang.Object java.lang.invoke.DirectMethodHandle$Holder.invokeStatic(java.lang.Object, java.lang.Object, java.lang.Object, java.lang.Object, java.lang.Object, java.lang.Object, java.lang.Object, java.lang.Object, java.lang.Object, java.lang.Object, java.lang.Object, java.lang.Object, java.lang.Object, java.lang.Object, java.lang.Object, java.lang.Object, java.lang.Object, java.lang.Object, java.lang.Object, java.lang.Object, java.lang.Obj
Event: 75.739 Thread 0x000001df5ebc5f60 Exception <a 'java/lang/NoSuchMethodError'{0x00000000ecf55248}: 'java.lang.Object java.lang.invoke.DirectMethodHandle$Holder.invokeVirtual(java.lang.Object, java.lang.Object, java.lang.Object, java.lang.Object, java.lang.Object, java.lang.Object, java.lang.Object, java.lang.Object, java.lang.Object, java.lang.Object, java.lang.Object, java.lang.Object, java.lang.Object, java.lang.Object, java.lang.Object, java.lang.Object, java.lang.Object, java.lang.Object, java.lang.Object, java.lang.Object, java.lang.Ob
Event: 75.745 Thread 0x000001df5ebc5f60 Exception <a 'java/lang/NoSuchMethodError'{0x00000000ecf625c8}: 'java.lang.Object java.lang.invoke.DelegatingMethodHandle$Holder.reinvoke_L(java.lang.Object, java.lang.Object, java.lang.Object, java.lang.Object, java.lang.Object, java.lang.Object, java.lang.Object, java.lang.Object, java.lang.Object, java.lang.Object, java.lang.Object, java.lang.Object, java.lang.Object, java.lang.Object, java.lang.Object, java.lang.Object, java.lang.Object, java.lang.Object, java.lang.Object, java.lang.Object, java.lang.O
Event: 75.964 Thread 0x000001df5ebc5f60 Exception <a 'java/lang/NoSuchMethodError'{0x00000000ece3f3b0}: 'java.lang.Object java.lang.invoke.DirectMethodHandle$Holder.invokeStatic(java.lang.Object, java.lang.Object, java.lang.Object, java.lang.Object, java.lang.Object, java.lang.Object, java.lang.Object, java.lang.Object, java.lang.Object, java.lang.Object, java.lang.Object, java.lang.Object, java.lang.Object, java.lang.Object, java.lang.Object, java.lang.Object, java.lang.Object, java.lang.Object, java.lang.Object, java.lang.Object, java.lang.Obj
Event: 75.975 Thread 0x000001df5ebc5f60 Exception <a 'java/lang/NoSuchMethodError'{0x00000000ece746d8}: 'java.lang.Object java.lang.invoke.DirectMethodHandle$Holder.invokeStatic(java.lang.Object, java.lang.Object, java.lang.Object, java.lang.Object, java.lang.Object, java.lang.Object, java.lang.Object, java.lang.Object, java.lang.Object, java.lang.Object, java.lang.Object, java.lang.Object, java.lang.Object, java.lang.Object, java.lang.Object, java.lang.Object, java.lang.Object, java.lang.Object, java.lang.Object, java.lang.Object, java.lang.Obj
Event: 76.147 Thread 0x000001df5ebc5f60 Exception <a 'java/lang/NoSuchMethodError'{0x00000000ecdb6160}: 'java.lang.Object java.lang.invoke.DirectMethodHandle$Holder.newInvokeSpecial(java.lang.Object, java.lang.Object, java.lang.Object, java.lang.Object, java.lang.Object, java.lang.Object, java.lang.Object, java.lang.Object, java.lang.Object, java.lang.Object, java.lang.Object, java.lang.Object, java.lang.Object, java.lang.Object, java.lang.Object, java.lang.Object, java.lang.Object, java.lang.Object, java.lang.Object)'> (0x00000000ecdb6160) 
thr
Event: 76.148 Thread 0x000001df5ebc5f60 Exception <a 'java/lang/NoSuchMethodError'{0x00000000ecdbcae0}: 'java.lang.Object java.lang.invoke.DirectMethodHandle$Holder.invokeSpecial(java.lang.Object, java.lang.Object, java.lang.Object, java.lang.Object, java.lang.Object, java.lang.Object, java.lang.Object, java.lang.Object, java.lang.Object, java.lang.Object, java.lang.Object, java.lang.Object, java.lang.Object, java.lang.Object, java.lang.Object, java.lang.Object, java.lang.Object, java.lang.Object, java.lang.Object, java.lang.Object)'> (0x0000000
Event: 76.150 Thread 0x000001df5ebc5f60 Exception <a 'java/lang/NoSuchMethodError'{0x00000000ecdc2070}: 'java.lang.Object java.lang.invoke.DelegatingMethodHandle$Holder.reinvoke_L(java.lang.Object, java.lang.Object, java.lang.Object, java.lang.Object, java.lang.Object, java.lang.Object, java.lang.Object, java.lang.Object, java.lang.Object, java.lang.Object, java.lang.Object, java.lang.Object, java.lang.Object, java.lang.Object, java.lang.Object, java.lang.Object, java.lang.Object, java.lang.Object, java.lang.Object)'> (0x00000000ecdc2070) 
throw
Event: 76.367 Thread 0x000001df5ebc5f60 Exception <a 'java/lang/NoSuchMethodError'{0x00000000eccfe9e8}: 'java.lang.Object java.lang.invoke.DirectMethodHandle$Holder.newInvokeSpecial(java.lang.Object, java.lang.Object, java.lang.Object, java.lang.Object, java.lang.Object, java.lang.Object, java.lang.Object, java.lang.Object, java.lang.Object, java.lang.Object, java.lang.Object, java.lang.Object)'> (0x00000000eccfe9e8) 
thrown [s\open\src\hotspot\share\interpreter\linkResolver.cpp, line 773]
Event: 77.838 Thread 0x000001df5ebc5f60 Exception <a 'java/lang/IncompatibleClassChangeError'{0x00000000ec7463a0}: Found class java.lang.Object, but interface was expected> (0x00000000ec7463a0) 
thrown [s\open\src\hotspot\share\interpreter\linkResolver.cpp, line 840]
Event: 78.561 Thread 0x000001df5ebc5f60 Exception <a 'java/lang/NoSuchMethodError'{0x00000000ec7e5328}: 'int java.lang.invoke.DirectMethodHandle$Holder.invokeStaticInit(java.lang.Object, java.lang.Object, java.lang.Object)'> (0x00000000ec7e5328) 
thrown [s\open\src\hotspot\share\interpreter\linkResolver.cpp, line 773]
Event: 78.579 Thread 0x000001df5ebc5f60 Exception <a 'java/lang/NoSuchMethodError'{0x00000000ec7f8ff8}: 'java.lang.Object java.lang.invoke.DirectMethodHandle$Holder.newInvokeSpecial(java.lang.Object, java.lang.Object, long)'> (0x00000000ec7f8ff8) 
thrown [s\open\src\hotspot\share\interpreter\linkResolver.cpp, line 773]
Event: 78.582 Thread 0x000001df5ebc5f60 Exception <a 'java/lang/NoSuchMethodError'{0x00000000ec7fd340}: 'java.lang.Object java.lang.invoke.Invokers$Holder.linkToTargetMethod(java.lang.Object, long, java.lang.Object)'> (0x00000000ec7fd340) 
thrown [s\open\src\hotspot\share\interpreter\linkResolver.cpp, line 773]
Event: 79.054 Thread 0x000001df5ebc5f60 Exception <a 'java/lang/NoSuchMethodError'{0x00000000ec484148}: 'int java.lang.invoke.DirectMethodHandle$Holder.invokeInterface(java.lang.Object, java.lang.Object)'> (0x00000000ec484148) 
thrown [s\open\src\hotspot\share\interpreter\linkResolver.cpp, line 773]
Event: 79.502 Thread 0x000001df5ebc5f60 Exception <a 'java/lang/NoSuchMethodError'{0x00000000ec4dea48}: 'java.lang.Object java.lang.invoke.DirectMethodHandle$Holder.invokeVirtual(java.lang.Object, java.lang.Object, int)'> (0x00000000ec4dea48) 
thrown [s\open\src\hotspot\share\interpreter\linkResolver.cpp, line 773]

ZGC Phase Switch (0 events):
No events

VM Operations (20 events):
Event: 103.278 Executing VM operation: Cleanup
Event: 103.278 Executing VM operation: Cleanup done
Event: 106.300 Executing VM operation: Cleanup
Event: 106.301 Executing VM operation: Cleanup done
Event: 108.317 Executing VM operation: Cleanup
Event: 108.317 Executing VM operation: Cleanup done
Event: 111.378 Executing VM operation: Cleanup
Event: 111.378 Executing VM operation: Cleanup done
Event: 113.386 Executing VM operation: Cleanup
Event: 113.386 Executing VM operation: Cleanup done
Event: 117.411 Executing VM operation: Cleanup
Event: 117.411 Executing VM operation: Cleanup done
Event: 119.437 Executing VM operation: Cleanup
Event: 119.437 Executing VM operation: Cleanup done
Event: 123.472 Executing VM operation: Cleanup
Event: 123.472 Executing VM operation: Cleanup done
Event: 129.262 Executing VM operation: HandshakeAllThreads (HandshakeForDeflation)
Event: 129.264 Executing VM operation: HandshakeAllThreads (HandshakeForDeflation) done
Event: 129.264 Executing VM operation: RendezvousGCThreads
Event: 129.264 Executing VM operation: RendezvousGCThreads done

Events (20 events):
Event: 32.211 Thread 0x000001df4448b100 Thread added: 0x000001df4448b100
Event: 32.570 Thread 0x000001df44eaa740 Thread added: 0x000001df44eaa740
Event: 32.811 Thread 0x000001df5e211870 Thread added: 0x000001df5e211870
Event: 32.836 Thread 0x000001df5e2188f0 Thread added: 0x000001df5e2188f0
Event: 32.908 Thread 0x000001df5ebc5240 Thread added: 0x000001df5ebc5240
Event: 41.838 Thread 0x000001df5ebc5f60 Thread added: 0x000001df5ebc5f60
Event: 42.802 Thread 0x000001df5ebc58d0 Thread added: 0x000001df5ebc58d0
Event: 42.807 Thread 0x000001df5ebc6c80 Thread added: 0x000001df5ebc6c80
Event: 42.981 Thread 0x000001df5ebc4520 Thread added: 0x000001df5ebc4520
Event: 48.881 Thread 0x000001df5ebc65f0 Thread added: 0x000001df5ebc65f0
Event: 48.906 Thread 0x000001df5ebc7310 Thread added: 0x000001df5ebc7310
Event: 49.527 Thread 0x000001df5ebc3e90 Thread added: 0x000001df5ebc3e90
Event: 49.563 Thread 0x000001df5ebc4bb0 Thread added: 0x000001df5ebc4bb0
Event: 62.664 Thread 0x000001df5fc20270 Thread added: 0x000001df5fc20270
Event: 65.476 Thread 0x000001df5fc236f0 Thread added: 0x000001df5fc236f0
Event: 65.511 Thread 0x000001df5fc264e0 Thread added: 0x000001df5fc264e0
Event: 67.824 Thread 0x000001df5fc257c0 Thread added: 0x000001df5fc257c0
Event: 68.881 Thread 0x000001df5fc23d80 Thread added: 0x000001df5fc23d80
Event: 69.103 Thread 0x000001df5fc20f90 Thread added: 0x000001df5fc20f90
Event: 72.984 Thread 0x000001df5fc21620 Thread added: 0x000001df5fc21620


Dynamic libraries:
0x00007ff63dd00000 - 0x00007ff63dd10000 	C:\Program Files\Java\jdk-21\bin\java.exe
0x00007ffd18cd0000 - 0x00007ffd18ee7000 	C:\Windows\SYSTEM32\ntdll.dll
0x00007ffd17ae0000 - 0x00007ffd17ba4000 	C:\Windows\System32\KERNEL32.DLL
0x00007ffd16530000 - 0x00007ffd168d7000 	C:\Windows\System32\KERNELBASE.dll
0x00007ffd168e0000 - 0x00007ffd169f1000 	C:\Windows\System32\ucrtbase.dll
0x00007ffce9920000 - 0x00007ffce9939000 	C:\Program Files\Java\jdk-21\bin\jli.dll
0x00007ffcb4960000 - 0x00007ffcb497b000 	C:\Program Files\Java\jdk-21\bin\VCRUNTIME140.dll
0x00007ffd17d90000 - 0x00007ffd17e42000 	C:\Windows\System32\ADVAPI32.dll
0x00007ffd17bb0000 - 0x00007ffd17c57000 	C:\Windows\System32\msvcrt.dll
0x00007ffd18ac0000 - 0x00007ffd18b68000 	C:\Windows\System32\sechost.dll
0x00007ffd16120000 - 0x00007ffd16148000 	C:\Windows\System32\bcrypt.dll
0x00007ffd17c70000 - 0x00007ffd17d85000 	C:\Windows\System32\RPCRT4.dll
0x00007ffd17eb0000 - 0x00007ffd1805e000 	C:\Windows\System32\USER32.dll
0x00007ffcfec50000 - 0x00007ffcfeee3000 	C:\Windows\WinSxS\amd64_microsoft.windows.common-controls_6595b64144ccf1df_6.0.22621.3527_none_270e469b73872a76\COMCTL32.dll
0x00007ffd18a90000 - 0x00007ffd18ab9000 	C:\Windows\System32\GDI32.dll
0x00007ffd16460000 - 0x00007ffd16486000 	C:\Windows\System32\win32u.dll
0x00007ffd09730000 - 0x00007ffd0973a000 	C:\Windows\SYSTEM32\VERSION.dll
0x00007ffd162c0000 - 0x00007ffd163d9000 	C:\Windows\System32\gdi32full.dll
0x00007ffd16490000 - 0x00007ffd1652a000 	C:\Windows\System32\msvcp_win.dll
0x00007ffd17350000 - 0x00007ffd17381000 	C:\Windows\System32\IMM32.DLL
0x00007ffd0b680000 - 0x00007ffd0b68c000 	C:\Program Files\Java\jdk-21\bin\vcruntime140_1.dll
0x00007ffc7d7c0000 - 0x00007ffc7d84e000 	C:\Program Files\Java\jdk-21\bin\msvcp140.dll
0x00007ffc7caa0000 - 0x00007ffc7d7b5000 	C:\Program Files\Java\jdk-21\bin\server\jvm.dll
0x00007ffd16df0000 - 0x00007ffd16e61000 	C:\Windows\System32\WS2_32.dll
0x00007ffd150a0000 - 0x00007ffd150ed000 	C:\Windows\SYSTEM32\POWRPROF.dll
0x00007ffd0a8a0000 - 0x00007ffd0a8d4000 	C:\Windows\SYSTEM32\WINMM.dll
0x00007ffd15060000 - 0x00007ffd15073000 	C:\Windows\SYSTEM32\UMPDC.dll
0x00007ffd15080000 - 0x00007ffd15098000 	C:\Windows\SYSTEM32\kernel.appcore.dll
0x00007ffce9910000 - 0x00007ffce991a000 	C:\Program Files\Java\jdk-21\bin\jimage.dll
0x00007ffd138b0000 - 0x00007ffd13ae2000 	C:\Windows\SYSTEM32\DBGHELP.DLL
0x00007ffd17580000 - 0x00007ffd17908000 	C:\Windows\System32\combase.dll
0x00007ffd17920000 - 0x00007ffd179f7000 	C:\Windows\System32\OLEAUT32.dll
0x00007ffcf55f0000 - 0x00007ffcf5622000 	C:\Windows\SYSTEM32\dbgcore.DLL
0x00007ffd163e0000 - 0x00007ffd16459000 	C:\Windows\System32\bcryptPrimitives.dll
0x00007ffd125a0000 - 0x00007ffd125af000 	C:\Program Files\Java\jdk-21\bin\instrument.dll
0x00007ffce99a0000 - 0x00007ffce99bf000 	C:\Program Files\Java\jdk-21\bin\java.dll
0x00007ffd18130000 - 0x00007ffd1898c000 	C:\Windows\System32\SHELL32.dll
0x00007ffd13ee0000 - 0x00007ffd147d6000 	C:\Windows\SYSTEM32\windows.storage.dll
0x00007ffd13da0000 - 0x00007ffd13ede000 	C:\Windows\SYSTEM32\wintypes.dll
0x00007ffd18b90000 - 0x00007ffd18c85000 	C:\Windows\System32\SHCORE.dll
0x00007ffd172f0000 - 0x00007ffd1734e000 	C:\Windows\System32\shlwapi.dll
0x00007ffd15f20000 - 0x00007ffd15f41000 	C:\Windows\SYSTEM32\profapi.dll
0x00007ffc7c9c0000 - 0x00007ffc7ca97000 	C:\Program Files\Java\jdk-21\bin\jsvml.dll
0x00007ffce9980000 - 0x00007ffce9998000 	C:\Program Files\Java\jdk-21\bin\zip.dll
0x00007ffce9940000 - 0x00007ffce9950000 	C:\Program Files\Java\jdk-21\bin\net.dll
0x00007ffd0fc20000 - 0x00007ffd0fd56000 	C:\Windows\SYSTEM32\WINHTTP.dll
0x00007ffd15570000 - 0x00007ffd155d9000 	C:\Windows\system32\mswsock.dll
0x00007ffcb4900000 - 0x00007ffcb4916000 	C:\Program Files\Java\jdk-21\bin\nio.dll
0x00007ffce9950000 - 0x00007ffce9960000 	C:\Program Files\Java\jdk-21\bin\verify.dll
0x00007ffd125b0000 - 0x00007ffd125d7000 	C:\Users\ASUS\.gradle\native\c067742578af261105cb4f569cf0c3c89f3d7b1fecec35dd04571415982c5e48\windows-amd64\native-platform.dll
0x00007ffcd6d90000 - 0x00007ffcd6ed4000 	C:\Users\ASUS\.gradle\native\38dada09dfb8b06ba9b0570ebf7e218e3eb74d4ef43ca46872605cf95ebc2f47\windows-amd64\native-platform-file-events.dll
0x00007ffc84190000 - 0x00007ffc8419a000 	C:\Program Files\Java\jdk-21\bin\management.dll
0x00007ffc7f240000 - 0x00007ffc7f24b000 	C:\Program Files\Java\jdk-21\bin\management_ext.dll
0x00007ffd17910000 - 0x00007ffd17918000 	C:\Windows\System32\PSAPI.DLL
0x00007ffd157d0000 - 0x00007ffd157eb000 	C:\Windows\SYSTEM32\CRYPTSP.dll
0x00007ffd14fb0000 - 0x00007ffd14fe5000 	C:\Windows\system32\rsaenh.dll
0x00007ffd15670000 - 0x00007ffd15698000 	C:\Windows\SYSTEM32\USERENV.dll
0x00007ffd157f0000 - 0x00007ffd157fc000 	C:\Windows\SYSTEM32\CRYPTBASE.dll
0x00007ffd14a80000 - 0x00007ffd14aad000 	C:\Windows\SYSTEM32\IPHLPAPI.DLL
0x00007ffd17e50000 - 0x00007ffd17e59000 	C:\Windows\System32\NSI.dll
0x00007ffd0b690000 - 0x00007ffd0b697000 	C:\Program Files\Java\jdk-21\bin\extnet.dll
0x00007ffd0b6b0000 - 0x00007ffd0b6be000 	C:\Program Files\Java\jdk-21\bin\sunmscapi.dll
0x00007ffd16150000 - 0x00007ffd162b8000 	C:\Windows\System32\CRYPT32.dll
0x00007ffd15990000 - 0x00007ffd159be000 	C:\Windows\SYSTEM32\ncrypt.dll
0x00007ffd15950000 - 0x00007ffd15987000 	C:\Windows\SYSTEM32\NTASN1.dll
0x00007ffcd7750000 - 0x00007ffcd7758000 	C:\Windows\system32\wshunix.dll

dbghelp: loaded successfully - version: 4.0.5 - missing functions: none
symbol engine: initialized successfully - sym options: 0x614 - pdb path: .;C:\Program Files\Java\jdk-21\bin;C:\Windows\SYSTEM32;C:\Windows\WinSxS\amd64_microsoft.windows.common-controls_6595b64144ccf1df_6.0.22621.3527_none_270e469b73872a76;C:\Program Files\Java\jdk-21\bin\server;C:\Users\ASUS\.gradle\native\c067742578af261105cb4f569cf0c3c89f3d7b1fecec35dd04571415982c5e48\windows-amd64;C:\Users\ASUS\.gradle\native\38dada09dfb8b06ba9b0570ebf7e218e3eb74d4ef43ca46872605cf95ebc2f47\windows-amd64

VM Arguments:
jvm_args: --add-opens=java.base/java.util=ALL-UNNAMED --add-opens=java.base/java.lang=ALL-UNNAMED --add-opens=java.base/java.lang.invoke=ALL-UNNAMED --add-opens=java.prefs/java.util.prefs=ALL-UNNAMED --add-opens=java.base/java.nio.charset=ALL-UNNAMED --add-opens=java.base/java.net=ALL-UNNAMED --add-opens=java.base/java.util.concurrent.atomic=ALL-UNNAMED -XX:MaxMetaspaceSize=384m -XX:+HeapDumpOnOutOfMemoryError -Xms256m -Xmx512m -Dfile.encoding=windows-1252 -Duser.country=US -Duser.language=en -Duser.variant -javaagent:C:\Users\ASUS\.gradle\wrapper\dists\gradle-8.7-bin\bhs2wmbdwecv87pi65oeuq5iu\gradle-8.7\lib\agents\gradle-instrumentation-agent-8.7.jar 
java_command: org.gradle.launcher.daemon.bootstrap.GradleDaemon 8.7
java_class_path (initial): C:\Users\ASUS\.gradle\wrapper\dists\gradle-8.7-bin\bhs2wmbdwecv87pi65oeuq5iu\gradle-8.7\lib\gradle-launcher-8.7.jar
Launcher Type: SUN_STANDARD

[Global flags]
     intx CICompilerCount                          = 4                                         {product} {ergonomic}
   size_t CompressedClassSpaceSize                 = 335544320                                 {product} {ergonomic}
     uint ConcGCThreads                            = 2                                         {product} {ergonomic}
     uint G1ConcRefinementThreads                  = 8                                         {product} {ergonomic}
   size_t G1HeapRegionSize                         = 1048576                                   {product} {ergonomic}
    uintx GCDrainStackTargetSize                   = 64                                        {product} {ergonomic}
     bool HeapDumpOnOutOfMemoryError               = true                                   {manageable} {command line}
   size_t InitialHeapSize                          = 268435456                                 {product} {command line}
   size_t MarkStackSize                            = 4194304                                   {product} {ergonomic}
   size_t MaxHeapSize                              = 536870912                                 {product} {command line}
   size_t MaxMetaspaceSize                         = 402653184                                 {product} {command line}
   size_t MaxNewSize                               = 321912832                                 {product} {ergonomic}
   size_t MinHeapDeltaBytes                        = 1048576                                   {product} {ergonomic}
   size_t MinHeapSize                              = 268435456                                 {product} {command line}
    uintx NonNMethodCodeHeapSize                   = 5839372                                {pd product} {ergonomic}
    uintx NonProfiledCodeHeapSize                  = 122909434                              {pd product} {ergonomic}
    uintx ProfiledCodeHeapSize                     = 122909434                              {pd product} {ergonomic}
    uintx ReservedCodeCacheSize                    = 251658240                              {pd product} {ergonomic}
     bool SegmentedCodeCache                       = true                                      {product} {ergonomic}
   size_t SoftMaxHeapSize                          = 536870912                              {manageable} {ergonomic}
     bool UseCompressedOops                        = true                           {product lp64_product} {ergonomic}
     bool UseG1GC                                  = true                                      {product} {ergonomic}
     bool UseLargePagesIndividualAllocation        = false                                  {pd product} {ergonomic}

Logging:
Log output configuration:
 #0: stdout all=warning uptime,level,tags foldmultilines=false
 #1: stderr all=off uptime,level,tags foldmultilines=false

Environment Variables:
PATH=C:\Program Files\Common Files\Oracle\Java\javapath;C:\Windows\system32;C:\Windows;C:\Windows\System32\Wbem;C:\Windows\System32\WindowsPowerShell\v1.0\;C:\Windows\System32\OpenSSH\;C:\Program Files\Git\cmd;C:\Program Files\nodejs\;C:\Program Files\PuTTY\;C:\Program Files\Docker\Docker\resources\bin;C:\Program Files\CMake\bin;C:\Program Files\Kubernetes\Minikube;C:\Users\ASUS\.cargo\bin;C:\Users\ASUS\flutter_windows_3.16.5-stable\flutter\bin;C:\Users\ASUS\AppData\Local\Programs\Python\Python312\Scripts\;C:\Users\ASUS\AppData\Local\Programs\Python\Python312\;C:\Users\ASUS\AppData\Local\Programs\Python\Launcher\;C:\Users\ASUS\AppData\Local\Microsoft\WindowsApps;C:\Users\ASUS\AppData\Local\Programs\Microsoft VS Code\bin;C:\Users\ASUS\AppData\Roaming\npm;C:\Users\ASUS\AppData\Local\Programs\mongosh\;C:\Program Files\MongoDB\Server\7.0\bin;C:\Program Files\nodejs;C:\Program Files\JetBrains\IntelliJ IDEA 2023.3.3\bin;;C:\Program Files\PostgreSQL\16\bin;C:\Users\ASUS\Downloads\apache-jmeter-5.6.3\apache-jmeter-5.6.3\bin;C:\Users\ASUS\AppData\Local\Google\Cloud SDK\google-cloud-sdk\bin;C:\Users\ASUS\AppData\Local\GitHubDesktop\bin;C:\Program Files\Kubernetes\Minikube\minikube.exe;C:\Users\ASUS\Downloads\kubectl.exe;
USERNAME=ASUS
OS=Windows_NT
PROCESSOR_IDENTIFIER=Intel64 Family 6 Model 140 Stepping 1, GenuineIntel
TMP=C:\Users\ASUS\AppData\Local\Temp
TEMP=C:\Users\ASUS\AppData\Local\Temp




Periodic native trim disabled

---------------  S Y S T E M  ---------------

OS:
 Windows 11 , 64 bit Build 22621 (10.0.22621.3527)
OS uptime: 0 days 6:02 hours
Hyper-V role detected

CPU: total 8 (initial active 8) (4 cores per cpu, 2 threads per core) family 6 model 140 stepping 1 microcode 0x9a, cx8, cmov, fxsr, ht, mmx, 3dnowpref, sse, sse2, sse3, ssse3, sse4.1, sse4.2, popcnt, lzcnt, tsc, tscinvbit, avx, avx2, aes, erms, clmul, bmi1, bmi2, adx, avx512f, avx512dq, avx512cd, avx512bw, avx512vl, sha, fma, vzeroupper, avx512_vpopcntdq, avx512_vpclmulqdq, avx512_vaes, avx512_vnni, clflush, clflushopt, clwb, avx512_vbmi2, avx512_vbmi, hv, rdtscp, rdpid, fsrm, gfni, avx512_bitalg, f16c, cet_ibt, cet_ss, avx512_ifma
Processor Information for all 8 processors :
  Max Mhz: 2419, Current Mhz: 2419, Mhz Limit: 2419

Memory: 4k page, system-wide physical 7888M (29M free)
TotalPageFile size 32464M (AvailPageFile size 10M)
current process WorkingSet (physical memory assigned to process): 34M, peak: 173M
current process commit charge ("private bytes"): 417M, peak: 418M

vm_info: Java HotSpot(TM) 64-Bit Server VM (21.0.1+12-LTS-29) for windows-amd64 JRE (21.0.1+12-LTS-29), built on 2023-10-05T13:27:09Z by "mach5one" with MS VC++ 17.1 (VS2022)

END.
